LOGIN: 123456:123456:Arzes:	(Auth:-1:OK)(1:28:45)
LOGIN: 123456:192.168.0.100:Arzes:	(CharList:-1:OK)(1:28:45)
LOGIN: 123456:勇者:Arzes:	(Login:3:OK)(1:28:50)
LOGIN: :勇者:Arzes:	(Save:3:)(1:58:53)
LOGIN: :勇者:Arzes:	(Save:3:)(2:14:13)
LOGIN: :勇者:Arzes:	(Save:3:)(2:28:57)
LOGIN: 123456:勇者:Arzes:	(Logout:-1:OK)(2:37:12)
LOGIN: 123456:123456:Arzes:	(Auth:-1:OK)(2:37:14)
LOGIN: 123456:192.168.0.100:Arzes:	(CharList:-1:OK)(2:37:14)
LOGIN: 123456:勇者:Arzes:	(Login:3:OK)(2:38:52)
LOGIN: :勇者:Arzes:	(Save:3:)(2:47:25)
LOGIN: :勇者:Arzes:	(Save:3:)(3:7:16)
LOGIN: :勇者:Arzes:	(Save:3:)(3:29:14)
LOGIN: :勇者:Arzes:	(Save:3:)(3:37:20)
LOGIN: 123456:勇者:Arzes:	(Logout:-1:OK)(3:48:17)
LOGIN: gm01:gm01:Arzes:	(Auth:-1:OK)(4:1:26)
LOGIN: gm01:192.168.0.100:Arzes:	(CharList:-1:OK)(4:1:27)
LOGIN: gm01:神射手:Arzes:	(NewChar:2:OK)(4:4:43)
LOGIN: gm01:192.168.0.100:Arzes:	(CharList:-1:OK)(4:4:43)
LOGIN: gm01:神射手:Arzes:	(Login:2:OK)(4:4:46)
LOGIN: :神射手:Arzes:	(Save:2:)(4:10:26)
LOGIN: :神射手:Arzes:	(Save:2:)(4:14:18)
LOGIN: gm01:神射手:Arzes:	(Logout:-1:OK)(4:16:22)
LOGIN: gm01:gm01:Arzes:	(Auth:-1:OK)(6:44:28)
LOGIN: gm01:192.168.0.100:Arzes:	(CharList:-1:OK)(6:44:28)
LOGIN: gm01:神射手:Arzes:	(Login:2:OK)(6:44:32)
LOGIN: gm01:神射手:Arzes:	(Logout:-1:OK)(6:47:32)
LOGIN: gm01:gm01:Arzes:	(Auth:-1:OK)(6:48:15)
LOGIN: gm01:192.168.0.100:Arzes:	(CharList:-1:OK)(6:48:15)
LOGIN: gm01:神射手:Arzes:	(Login:2:OK)(6:48:17)
LOGIN: :神射手:Arzes:	(Save:2:)(6:55:47)
LOGIN: :神射手:Arzes:	(Save:2:)(7:9:59)
LOGIN: :神射手:Arzes:	(Save:2:)(7:11:55)
LOGIN: :神射手:Arzes:	(Save:2:)(7:18:19)
LOGIN: :神射手:Arzes:	(Save:2:)(7:22:52)
LOGIN: :神射手:Arzes:	(Save:2:)(7:25:43)
LOGIN: :神射手:Arzes:	(Save:2:)(7:31:9)
LOGIN: gm01:神射手:Arzes:	(Logout:-1:OK)(7:41:55)
LOGIN: 123456:123456:Arzes:	(Auth:-1:OK)(13:37:53)
LOGIN: 123456:192.168.0.100:Arzes:	(CharList:-1:OK)(13:37:54)
LOGIN: 123456:勇者:Arzes:	(Login:3:OK)(13:37:57)
LOGIN: :勇者:Arzes:	(Save:3:)(13:52:48)
LOGIN: 123456:勇者:Arzes:	(Logout:-1:OK)(13:57:33)
LOGIN: 123456:123456:Arzes:	(Auth:-1:OK)(13:58:16)
LOGIN: 123456:192.168.0.100:Arzes:	(CharList:-1:OK)(13:58:17)
LOGIN: 123456:勇者:Arzes:	(Login:3:OK)(13:58:18)
LOGIN: :勇者:Arzes:	(Save:3:)(13:59:23)
LOGIN: 123456:勇者:Arzes:	(Logout:-1:OK)(13:59:55)
LOGIN: 123456:123456:Arzes:	(Auth:-1:OK)(17:38:42)
LOGIN: 123456:192.168.0.100:Arzes:	(CharList:-1:OK)(17:38:42)
LOGIN: 123456:勇者:Arzes:	(Login:3:OK)(17:38:45)
LOGIN: gm01:gm01:Arzes:	(Auth:-1:OK)(17:49:19)
LOGIN: gm01:192.168.0.100:Arzes:	(CharList:-1:OK)(17:49:20)
LOGIN: gm01:神射手:Arzes:	(Login:2:OK)(17:49:21)
LOGIN: gm02:gm02:Arzes:	(Auth:-1:OK)(17:52:55)
LOGIN: gm02:192.168.0.100:Arzes:	(CharList:-1:OK)(17:52:55)
LOGIN: gm02:test:Arzes:	(NewChar:2:OK)(17:54:7)
LOGIN: gm02:192.168.0.100:Arzes:	(CharList:-1:OK)(17:54:8)
LOGIN: gm02:test:Arzes:	(Login:2:OK)(17:54:9)
LOGIN: :test:Arzes:	(Save:2:)(17:54:16)
LOGIN: gm03:gm03:Arzes:	(Auth:-1:OK)(17:54:58)
LOGIN: gm03:192.168.0.100:Arzes:	(CharList:-1:OK)(17:54:58)
LOGIN: gm03:mina:Arzes:	(NewChar:2:OK)(17:55:27)
LOGIN: gm03:192.168.0.100:Arzes:	(CharList:-1:OK)(17:55:27)
LOGIN: gm03:mina:Arzes:	(Login:2:OK)(17:55:29)
LOGIN: gm04:gm04:Arzes:	(Auth:-1:OK)(17:56:17)
LOGIN: gm04:192.168.0.100:Arzes:	(CharList:-1:OK)(17:56:17)
LOGIN: gm04:KF:Arzes:	(NewChar:2:OK)(17:56:54)
LOGIN: gm04:192.168.0.100:Arzes:	(CharList:-1:OK)(17:56:54)
LOGIN: gm04:KF:Arzes:	(Login:2:OK)(17:56:56)
LOGIN: :KF:Arzes:	(Save:2:)(17:57:59)
LOGIN: gm04:KF:Arzes:	(Logout:-1:OK)(17:58:9)
LOGIN: gm03:mina:Arzes:	(Logout:-1:OK)(17:58:27)
LOGIN: gm02:test:Arzes:	(Logout:-1:OK)(17:58:43)
LOGIN: gm01:神射手:Arzes:	(Logout:-1:OK)(17:59:0)
LOGIN: :勇者:Arzes:	(Save:3:)(18:0:28)
LOGIN: :勇者:Arzes:	(Save:3:)(18:8:48)
LOGIN: 123456:192.168.0.100:Arzes:	(Connection reset by peer:104:***)(18:25:58)
LOGIN: 123456:勇者:Arzes:	(Logout:-1:OK)(18:25:58)
LOGIN: 123456:123456:Arzes:	(Auth:-1:OK)(18:26:22)
LOGIN: 123456:192.168.0.100:Arzes:	(CharList:-1:OK)(18:26:23)
LOGIN: 123456:勇者:Arzes:	(Login:3:OK)(18:26:25)
LOGIN: 123456:192.168.0.100:Arzes:	(Connection reset by peer:104:***)(18:33:6)
LOGIN: 123456:勇者:Arzes:	(Logout:-1:OK)(18:33:6)
LOGIN: 123456:123456:Arzes:	(Auth:-1:OK)(18:33:34)
LOGIN: 123456:192.168.0.100:Arzes:	(CharList:-1:OK)(18:33:35)
LOGIN: 123456:勇者:Arzes:	(Login:3:OK)(18:33:36)
LOGIN: :勇者:Arzes:	(Save:3:)(18:38:32)
LOGIN: :勇者:Arzes:	(Save:3:)(18:49:13)
LOGIN: :勇者:Arzes:	(Save:3:)(18:50:0)
LOGIN: :勇者:Arzes:	(Save:3:)(18:53:8)
LOGIN: 123456:192.168.0.100:Arzes:	(Connection reset by peer:104:***)(18:54:52)
LOGIN: 123456:勇者:Arzes:	(Logout:-1:OK)(18:54:52)
LOGIN: 123456:123456:Arzes:	(Auth:-1:OK)(1:8:26)
LOGIN: 123456:192.168.0.100:Arzes:	(CharList:-1:OK)(1:8:27)
LOGIN: 123456:勇者:Arzes:	(Login:3:OK)(1:8:36)
LOGIN: :勇者:Arzes:	(Save:3:)(1:38:30)
LOGIN: :勇者:Arzes:	(Save:3:)(1:58:2)
LOGIN: :勇者:Arzes:	(Save:3:)(2:0:0)
LOGIN: :勇者:Arzes:	(Save:3:)(2:8:34)
LOGIN: :勇者:Arzes:	(Save:3:)(2:30:41)
LOGIN: :勇者:Arzes:	(Save:3:)(2:38:38)
LOGIN: :勇者:Arzes:	(Save:3:)(2:40:47)
LOGIN: :勇者:Arzes:	(Save:3:)(2:42:40)
LOGIN: :勇者:Arzes:	(Save:3:)(2:53:9)
LOGIN: :勇者:Arzes:	(Save:3:)(2:54:19)
LOGIN: 123456:勇者:Arzes:	(Logout:-1:OK)(2:56:24)
LOGIN: 123456:123456:Arzes:	(Auth:-1:OK)(2:57:15)
LOGIN: 123456:192.168.0.100:Arzes:	(CharList:-1:OK)(2:57:16)
LOGIN: 123456:勇者:Arzes:	(Login:3:OK)(2:57:18)
LOGIN: :勇者:Arzes:	(Save:3:)(3:5:41)
LOGIN: 123456:勇者:Arzes:	(Logout:-1:OK)(3:5:58)
LOGIN: 123456:123456:Arzes:	(Auth:-1:OK)(3:6:5)
LOGIN: 123456:192.168.0.100:Arzes:	(CharList:-1:OK)(3:6:5)
LOGIN: 123456:勇者:Arzes:	(Login:3:OK)(3:6:6)
LOGIN: :勇者:Arzes:	(Save:3:)(3:6:15)
LOGIN: :勇者:Arzes:	(Save:3:)(3:6:40)
LOGIN: :勇者:Arzes:	(Save:3:)(3:9:19)
LOGIN: :勇者:Arzes:	(Save:3:)(3:9:38)
LOGIN: :勇者:Arzes:	(Save:3:)(3:11:19)
LOGIN: :勇者:Arzes:	(Save:3:)(3:12:30)
LOGIN: :勇者:Arzes:	(Save:3:)(3:17:39)
LOGIN: 123456:192.168.0.100:Arzes:	(Connection reset by peer:104:***)(3:20:47)
LOGIN: 123456:勇者:Arzes:	(Logout:-1:OK)(3:20:47)
LOGIN: 123456:123456:Arzes:	(Auth:-1:OK)(3:21:36)
LOGIN: 123456:192.168.0.100:Arzes:	(CharList:-1:OK)(3:21:37)
LOGIN: 123456:勇者:Arzes:	(Login:3:OK)(3:21:39)
LOGIN: :勇者:Arzes:	(Save:3:)(3:28:0)
LOGIN: :勇者:Arzes:	(Save:3:)(3:29:49)
LOGIN: :勇者:Arzes:	(Save:3:)(3:51:47)
LOGIN: :勇者:Arzes:	(Save:3:)(4:8:26)
LOGIN: :勇者:Arzes:	(Save:3:)(4:21:52)
LOGIN: :勇者:Arzes:	(Save:3:)(4:23:55)
LOGIN: :勇者:Arzes:	(Save:3:)(4:27:23)
LOGIN: :勇者:Arzes:	(Save:3:)(4:28:22)
LOGIN: :勇者:Arzes:	(Save:3:)(4:30:9)
LOGIN: :勇者:Arzes:	(Save:3:)(4:41:56)
LOGIN: :勇者:Arzes:	(Save:3:)(4:43:41)
LOGIN: :勇者:Arzes:	(Save:3:)(4:51:56)
LOGIN: :勇者:Arzes:	(Save:3:)(4:55:48)
LOGIN: :勇者:Arzes:	(Save:3:)(4:56:6)
LOGIN: :勇者:Arzes:	(Save:3:)(4:56:56)
LOGIN: :勇者:Arzes:	(Save:3:)(5:2:40)
LOGIN: 123456:勇者:Arzes:	(Logout:-1:OK)(5:7:4)
LOGIN: 123456:123456:Arzes:	(Auth:-1:OK)(5:7:6)
LOGIN: 123456:192.168.0.100:Arzes:	(CharList:-1:OK)(5:7:7)
LOGIN: 123456:勇者:Arzes:	(Login:3:OK)(5:7:9)
LOGIN: 123456:勇者:Arzes:	(Logout:-1:OK)(5:9:36)
LOGIN: 123456:123456:Arzes:	(Auth:-1:OK)(5:22:10)
LOGIN: 123456:192.168.0.100:Arzes:	(CharList:-1:OK)(5:22:10)
LOGIN: 123456:勇者:Arzes:	(Login:3:OK)(5:22:12)
LOGIN: :勇者:Arzes:	(Save:3:)(5:32:32)
LOGIN: :勇者:Arzes:	(Save:3:)(5:36:17)
LOGIN: :勇者:Arzes:	(Save:3:)(5:37:28)
LOGIN: :勇者:Arzes:	(Save:3:)(5:38:11)
LOGIN: 123456:192.168.0.100:Arzes:	(Connection reset by peer:104:***)(5:39:5)
LOGIN: 123456:勇者:Arzes:	(Logout:-1:OK)(5:39:5)
LOGIN: 123456:123456:Arzes:	(Auth:-1:OK)(5:39:33)
LOGIN: 123456:192.168.0.100:Arzes:	(CharList:-1:OK)(5:39:34)
LOGIN: 123456:勇者:Arzes:	(Login:3:OK)(5:39:35)
LOGIN: 123456:192.168.0.100:Arzes:	(Connection reset by peer:104:***)(5:44:18)
LOGIN: 123456:勇者:Arzes:	(Logout:-1:OK)(5:44:18)
LOGIN: 123456:123456:Arzes:	(Auth:-1:OK)(5:48:16)
LOGIN: 123456:192.168.0.100:Arzes:	(CharList:-1:OK)(5:48:17)
LOGIN: 123456:勇者:Arzes:	(Login:3:OK)(5:48:18)
LOGIN: :勇者:Arzes:	(Save:3:)(6:2:31)
LOGIN: :勇者:Arzes:	(Save:3:)(6:10:1)
LOGIN: 123456:勇者:Arzes:	(Logout:-1:OK)(6:11:46)
LOGIN: 123456:123456:Arzes:	(Auth:-1:OK)(7:51:53)
LOGIN: 123456:192.168.0.100:Arzes:	(CharList:-1:OK)(7:51:53)
LOGIN: 123456:勇者:Arzes:	(Login:3:OK)(7:52:5)
LOGIN: 123456:勇者:Arzes:	(Logout:-1:OK)(7:57:15)
LOGIN: 123456:123456:Arzes:	(Auth:-1:OK)(9:35:40)
LOGIN: 123456:192.168.0.106:Arzes:	(CharList:-1:OK)(9:35:40)
LOGIN: 123456:勇者:Arzes:	(Login:3:OK)(9:35:44)
LOGIN: :勇者:Arzes:	(Save:3:)(9:40:7)
LOGIN: 123456:勇者:Arzes:	(Logout:-1:OK)(9:42:30)
LOGIN: 123456:123456:Arzes:	(Auth:-1:OK)(10:3:28)
LOGIN: 123456:192.168.0.100:Arzes:	(CharList:-1:OK)(10:3:29)
LOGIN: 123456:勇者:Arzes:	(Login:3:OK)(10:3:30)
LOGIN: 123456:勇者:Arzes:	(Logout:-1:OK)(10:4:8)
LOGIN: 123456:123456:Arzes:	(Auth:-1:Err CDKEY)(10:27:49)
LOGIN: 123456:123456:Arzes:	(Auth:-1:OK)(10:28:0)
LOGIN: 123456:192.168.0.100:Arzes:	(CharList:-1:OK)(10:28:1)
LOGIN: 123456:勇者:Arzes:	(Login:3:OK)(10:28:2)
LOGIN: :勇者:Arzes:	(Save:3:)(10:28:44)
LOGIN: 123456:勇者:Arzes:	(Logout:-1:OK)(10:28:53)
LOGIN: 123456:123456:Arzes:	(Auth:-1:OK)(10:38:30)
LOGIN: 123456:192.168.0.100:Arzes:	(CharList:-1:OK)(10:38:30)
LOGIN: 123456:勇者:Arzes:	(Login:3:OK)(10:38:32)
LOGIN: 123456:勇者:Arzes:	(Logout:-1:OK)(10:38:48)
LOGIN: 123456:123456:Arzes:	(Auth:-1:OK)(11:6:0)
LOGIN: 123456:192.168.0.100:Arzes:	(CharList:-1:OK)(11:6:1)
LOGIN: 123456:勇者:Arzes:	(Login:3:OK)(11:6:3)
LOGIN: 123456:勇者:Arzes:	(Logout:-1:OK)(11:11:22)
LOGIN: 123456:123456:Arzes:	(Auth:-1:OK)(11:18:38)
LOGIN: 123456:192.168.0.100:Arzes:	(CharList:-1:OK)(11:18:38)
LOGIN: 123456:勇者:Arzes:	(Login:3:OK)(11:18:40)
LOGIN: :勇者:Arzes:	(Save:3:)(11:19:41)
LOGIN: 123456:勇者:Arzes:	(Logout:-1:OK)(11:19:52)
LOGIN: 123456:123456:Arzes:	(Auth:-1:OK)(4:53:27)
LOGIN: 123456:192.168.0.100:Arzes:	(CharList:-1:OK)(4:53:28)
LOGIN: 123456:勇者:Arzes:	(Login:3:OK)(4:53:32)
LOGIN: 123456:勇者:Arzes:	(Logout:-1:OK)(4:54:59)
LOGIN: 123456:123456:Arzes:	(Auth:-1:OK)(4:58:0)
LOGIN: 123456:192.168.0.100:Arzes:	(CharList:-1:OK)(4:58:1)
LOGIN: 123456:勇者:Arzes:	(Login:3:OK)(4:58:2)
LOGIN: 123456:123456:Arzes:	(Auth:-1:OK)(6:7:19)
LOGIN: 123456:192.168.0.100:Arzes:	(CharList:-1:OK)(6:7:20)
LOGIN: 123456:勇者:Arzes:	(Login:3:OK)(6:7:22)
LOGIN: 123456:勇者:Arzes:	(Logout:-1:OK)(6:12:20)
LOGIN: 123456:123456:Arzes:	(Auth:-1:OK)(6:32:51)
LOGIN: 123456:192.168.0.100:Arzes:	(CharList:-1:OK)(6:32:51)
LOGIN: 123456:勇者:Arzes:	(Login:3:OK)(6:33:3)
LOGIN: 123456:勇者:Arzes:	(Logout:-1:OK)(6:37:53)
LOGIN: 123456:123456:Arzes:	(Auth:-1:OK)(6:47:10)
LOGIN: 123456:192.168.0.100:Arzes:	(CharList:-1:OK)(6:47:10)
LOGIN: 123456:勇者:Arzes:	(Login:3:OK)(6:47:14)
LOGIN: :勇者:Arzes:	(Save:3:)(6:52:21)
LOGIN: :勇者:Arzes:	(Save:3:)(6:58:52)
LOGIN: :勇者:Arzes:	(Save:3:)(7:17:15)
LOGIN: :勇者:Arzes:	(Save:3:)(7:28:33)
LOGIN: :勇者:Arzes:	(Save:3:)(7:33:43)
LOGIN: :勇者:Arzes:	(Save:3:)(7:34:56)
LOGIN: :勇者:Arzes:	(Save:3:)(7:36:3)
LOGIN: :勇者:Arzes:	(Save:3:)(7:47:19)
LOGIN: :勇者:Arzes:	(Save:3:)(8:17:23)
LOGIN: :勇者:Arzes:	(Save:3:)(8:35:43)
LOGIN: :勇者:Arzes:	(Save:3:)(8:47:27)
LOGIN: :勇者:Arzes:	(Save:3:)(8:52:4)
LOGIN: :勇者:Arzes:	(Save:3:)(9:17:32)
LOGIN: :勇者:Arzes:	(Save:3:)(9:47:36)
LOGIN: :勇者:Arzes:	(Save:3:)(10:12:9)
LOGIN: :勇者:Arzes:	(Save:3:)(10:15:49)
LOGIN: :勇者:Arzes:	(Save:3:)(10:17:40)
LOGIN: :勇者:Arzes:	(Save:3:)(10:47:44)
LOGIN: :勇者:Arzes:	(Save:3:)(11:10:43)
LOGIN: :勇者:Arzes:	(Save:3:)(11:11:19)
LOGIN: :勇者:Arzes:	(Save:3:)(11:16:18)
LOGIN: 123456:勇者:Arzes:	(Logout:-1:OK)(11:17:9)
LOGIN: 123456:123456:Arzes:	(Auth:-1:OK)(2:55:21)
LOGIN: 123456:192.168.0.106:Arzes:	(CharList:-1:OK)(2:55:21)
LOGIN: 123456:勇者:Arzes:	(Login:3:OK)(2:55:29)
LOGIN: 123456:勇者:Arzes:	(Logout:-1:OK)(3:2:6)
LOGIN: 123456:123456:Arzes:	(Auth:-1:OK)(3:3:29)
LOGIN: 123456:192.168.0.106:Arzes:	(CharList:-1:OK)(3:3:30)
LOGIN: 123456:勇者:Arzes:	(Login:3:OK)(3:3:37)
LOGIN: :勇者:Arzes:	(Save:3:)(3:31:22)
LOGIN: :勇者:Arzes:	(Save:3:)(3:33:31)
LOGIN: :勇者:Arzes:	(Save:3:)(3:35:51)
LOGIN: :勇者:Arzes:	(Save:3:)(4:3:35)
LOGIN: :勇者:Arzes:	(Save:3:)(4:5:48)
LOGIN: :勇者:Arzes:	(Save:3:)(4:18:39)
LOGIN: 123456:192.168.0.106:Arzes:	(Connection reset by peer:104:***)(4:18:51)
LOGIN: 123456:勇者:Arzes:	(Logout:-1:OK)(4:18:51)
LOGIN: 123456:123456:Arzes:	(Auth:-1:OK)(4:21:16)
LOGIN: 123456:192.168.0.106:Arzes:	(CharList:-1:OK)(4:21:16)
LOGIN: 123456:勇者:Arzes:	(Login:3:OK)(4:21:22)
LOGIN: :勇者:Arzes:	(Save:3:)(4:22:54)
LOGIN: 123456:勇者:Arzes:	(Logout:-1:OK)(4:25:37)
LOGIN: 123456:123456:Arzes:	(Auth:-1:OK)(4:26:5)
LOGIN: 123456:192.168.0.106:Arzes:	(CharList:-1:OK)(4:26:6)
LOGIN: 123456:勇者:Arzes:	(Login:3:OK)(4:26:7)
LOGIN: :勇者:Arzes:	(Save:3:)(4:28:41)
LOGIN: 123456:勇者:Arzes:	(Logout:-1:OK)(4:28:49)
LOGIN: 123456:123456:Arzes:	(Auth:-1:OK)(4:29:34)
LOGIN: 123456:192.168.0.106:Arzes:	(CharList:-1:OK)(4:29:34)
LOGIN: 123456:勇者:Arzes:	(Login:3:OK)(4:29:36)
LOGIN: :勇者:Arzes:	(Save:3:)(4:42:41)
LOGIN: :勇者:Arzes:	(Save:3:)(4:44:33)
LOGIN: :勇者:Arzes:	(Save:3:)(4:59:43)
LOGIN: :勇者:Arzes:	(Save:3:)(5:14:50)
LOGIN: :勇者:Arzes:	(Save:3:)(5:29:47)
LOGIN: :勇者:Arzes:	(Save:3:)(5:37:44)
LOGIN: 123456:勇者:Arzes:	(Logout:-1:OK)(5:42:39)
LOGIN: 123456:123456:Arzes:	(Auth:-1:OK)(8:53:50)
LOGIN: 123456:192.168.0.100:Arzes:	(CharList:-1:OK)(8:53:51)
LOGIN: 123456:勇者:Arzes:	(Login:3:OK)(8:53:52)
LOGIN: :勇者:Arzes:	(Save:3:)(9:23:54)
LOGIN: :勇者:Arzes:	(Save:3:)(9:53:58)
LOGIN: :勇者:Arzes:	(Save:3:)(10:0:2)
LOGIN: :勇者:Arzes:	(Save:3:)(10:2:3)
LOGIN: :勇者:Arzes:	(Save:3:)(10:5:38)
LOGIN: 123456:勇者:Arzes:	(Logout:-1:OK)(10:11:11)
LOGIN: 123456:123456:Arzes:	(Auth:-1:OK)(9:18:31)
LOGIN: 123456:192.168.0.106:Arzes:	(CharList:-1:OK)(9:18:32)
LOGIN: 123456:勇者:Arzes:	(Login:3:OK)(9:18:36)
LOGIN: 123456:192.168.0.106:Arzes:	(Connection reset by peer:104:***)(9:28:51)
LOGIN: 123456:勇者:Arzes:	(Logout:-1:OK)(9:28:51)
LOGIN: 123456:123456:Arzes:	(Auth:-1:OK)(9:30:4)
LOGIN: 123456:192.168.0.106:Arzes:	(CharList:-1:OK)(9:30:4)
LOGIN: 123456:勇者:Arzes:	(Login:3:OK)(9:30:7)
LOGIN: 123456:勇者:Arzes:	(Logout:-1:OK)(9:31:35)
LOGIN: 123456:123456:Arzes:	(Auth:-1:OK)(5:51:27)
LOGIN: 123456:192.168.0.106:Arzes:	(CharList:-1:OK)(5:51:28)
LOGIN: 123456:勇者:Arzes:	(Login:3:OK)(5:51:55)
LOGIN: 123456:123456:Arzes:	(Auth:-1:OK)(6:1:59)
LOGIN: 123456:192.168.0.106:Arzes:	(CharList:-1:OK)(6:2:0)
LOGIN: 123456:勇者:Arzes:	(Login:3:OK)(6:2:1)
LOGIN: :勇者:Arzes:	(Save:3:)(6:15:55)
LOGIN: 123456:192.168.0.106:Arzes:	(Connection reset by peer:104:***)(6:18:39)
LOGIN: 123456:勇者:Arzes:	(Logout:-1:OK)(6:18:39)
LOGIN: 123456:123456:Arzes:	(Auth:-1:OK)(7:37:41)
LOGIN: 123456:192.168.0.106:Arzes:	(CharList:-1:OK)(7:37:41)
LOGIN: 123456:勇者:Arzes:	(Login:3:OK)(7:37:43)
LOGIN: :勇者:Arzes:	(Save:3:)(7:39:12)
LOGIN: :勇者:Arzes:	(Save:3:)(7:48:29)
LOGIN: 123456:勇者:Arzes:	(Logout:-1:OK)(7:55:49)
LOGIN: 123456:123456:Arzes:	(Auth:-1:OK)(11:54:11)
LOGIN: 123456:192.168.0.106:Arzes:	(CharList:-1:OK)(11:54:11)
LOGIN: 123456:勇者:Arzes:	(Login:3:OK)(11:54:13)
LOGIN: gm01:gm01:Arzes:	(Auth:-1:Err CDKEY)(11:54:53)
LOGIN: gm01:gm01:Arzes:	(Auth:-1:Err CDKEY)(11:54:56)
LOGIN: gm02:gm02:Arzes:	(Auth:-1:Err CDKEY)(11:55:10)
LOGIN: gm02:gm02:Arzes:	(Auth:-1:Err CDKEY)(11:55:17)
LOGIN: gm02:gm02:Arzes:	(Auth:-1:Err CDKEY)(11:55:21)
LOGIN: 123456:勇者:Arzes:	(Logout:-1:OK)(11:55:39)
LOGIN: gm02:gm02:Arzes:	(Auth:-1:Err CDKEY)(11:55:41)
LOGIN: gm01:gm01:Arzes:	(Auth:-1:Err CDKEY)(11:55:55)
LOGIN: 123456:123456:Arzes:	(Auth:-1:OK)(11:55:58)
LOGIN: 123456:192.168.0.106:Arzes:	(CharList:-1:OK)(11:55:59)
LOGIN: admin:admin:Arzes:	(Auth:-1:OK)(11:57:10)
LOGIN: admin:192.168.0.106:Arzes:	(CharList:-1:OK)(11:57:11)
LOGIN: 123456:123456:Arzes:	(Auth:-1:OK)(11:57:14)
LOGIN: 123456:192.168.0.106:Arzes:	(CharList:-1:OK)(11:57:14)
LOGIN: 123456:勇者:Arzes:	(Login:3:OK)(11:57:17)
LOGIN: gm03:gm03:Arzes:	(Auth:-1:Err CDKEY)(11:57:29)
LOGIN: gm03:gm03:Arzes:	(Auth:-1:Err CDKEY)(11:58:24)
LOGIN: gm03:gm03:Arzes:	(Auth:-1:Err CDKEY)(11:58:34)
LOGIN: gm01:gm01:Arzes:	(Auth:-1:Err CDKEY)(11:59:0)
LOGIN: gm01:gm01:Arzes:	(Auth:-1:OK)(11:59:34)
LOGIN: gm01:192.168.0.106:Arzes:	(CharList:-1:OK)(11:59:34)
LOGIN: gm01:gm01:Arzes:	(Auth:-1:OK)(12:0:56)
LOGIN: gm01:192.168.0.106:Arzes:	(CharList:-1:OK)(12:0:56)
LOGIN: gm01:xx:Arzes:	(NewChar:3:OK)(12:1:53)
LOGIN: gm01:192.168.0.106:Arzes:	(CharList:-1:OK)(12:1:53)
LOGIN: gm01:xx:Arzes:	(Login:3:OK)(12:1:54)
LOGIN: :xx:Arzes:	(Save:3:)(12:11:19)
LOGIN: gm01:xx:Arzes:	(Logout:-1:OK)(12:12:43)
LOGIN: gm01:gm01:Arzes:	(Auth:-1:OK)(12:14:10)
LOGIN: gm01:192.168.0.106:Arzes:	(CharList:-1:OK)(12:14:11)
LOGIN: gm01:xx:Arzes:	(Login:3:OK)(12:14:12)
LOGIN: :勇者:Arzes:	(Save:3:)(12:27:17)
LOGIN: :xx:Arzes:	(Save:3:)(12:29:13)
LOGIN: :xx:Arzes:	(Save:3:)(12:30:33)
LOGIN: gm01:xx:Arzes:	(Logout:-1:OK)(12:30:52)
LOGIN: gm01:gm01:Arzes:	(Auth:-1:OK)(12:31:22)
LOGIN: gm01:192.168.0.106:Arzes:	(CharList:-1:OK)(12:31:23)
LOGIN: gm01:xx:Arzes:	(Login:3:OK)(12:31:25)
LOGIN: :xx:Arzes:	(Save:3:)(12:32:57)
LOGIN: gm01:xx:Arzes:	(Logout:-1:OK)(12:33:8)
LOGIN: gm01:gm01:Arzes:	(Auth:-1:OK)(12:33:9)
LOGIN: gm01:192.168.0.106:Arzes:	(CharList:-1:OK)(12:33:10)
LOGIN: gm01:xx:Arzes:	(Login:3:OK)(12:33:11)
LOGIN: :xx:Arzes:	(Save:3:)(12:34:37)
LOGIN: :xx:Arzes:	(Save:3:)(12:36:44)
LOGIN: :xx:Arzes:	(Save:3:)(12:37:19)
LOGIN: :xx:Arzes:	(Save:3:)(12:45:26)
LOGIN: :xx:Arzes:	(Save:3:)(12:53:25)
LOGIN: :勇者:Arzes:	(Save:3:)(12:57:21)
LOGIN: :xx:Arzes:	(Save:3:)(13:3:13)
LOGIN: :勇者:Arzes:	(Save:3:)(13:27:25)
LOGIN: :勇者:Arzes:	(Save:3:)(13:32:28)
LOGIN: :xx:Arzes:	(Save:3:)(13:33:17)
LOGIN: :xx:Arzes:	(Save:3:)(13:33:26)
LOGIN: gm01:xx:Arzes:	(Logout:-1:OK)(13:37:12)
LOGIN: :勇者:Arzes:	(Save:3:)(13:38:29)
LOGIN: :勇者:Arzes:	(Save:3:)(13:43:24)
LOGIN: :勇者:Arzes:	(Save:3:)(13:57:29)
LOGIN: :勇者:Arzes:	(Save:3:)(14:20:38)
LOGIN: :勇者:Arzes:	(Save:3:)(14:27:33)
LOGIN: :勇者:Arzes:	(Save:3:)(14:27:39)
LOGIN: :勇者:Arzes:	(Save:3:)(14:28:56)
LOGIN: :勇者:Arzes:	(Save:3:)(14:29:33)
LOGIN: 123456:勇者:Arzes:	(Logout:-1:OK)(14:29:42)
LOGIN: 123456:123456:Arzes:	(Auth:-1:OK)(14:30:17)
LOGIN: 123456:192.168.0.106:Arzes:	(CharList:-1:OK)(14:30:17)
LOGIN: 123456:勇者:Arzes:	(Login:3:OK)(14:30:19)
LOGIN: :勇者:Arzes:	(Save:3:)(14:33:51)
LOGIN: 123456:勇者:Arzes:	(Logout:-1:OK)(14:34:0)
LOGIN: 123456:123456:Arzes:	(Auth:-1:OK)(14:34:19)
LOGIN: 123456:192.168.0.106:Arzes:	(CharList:-1:OK)(14:34:19)
LOGIN: 123456:勇者:Arzes:	(Login:3:OK)(14:34:21)
LOGIN: :勇者:Arzes:	(Save:3:)(14:35:26)
LOGIN: 123456:勇者:Arzes:	(Logout:-1:OK)(14:36:36)
LOGIN: 123456:123456:Arzes:	(Auth:-1:OK)(1:57:19)
LOGIN: 123456:192.168.0.100:Arzes:	(CharList:-1:OK)(1:57:19)
LOGIN: 123456:勇者:Arzes:	(Login:3:OK)(1:57:22)
LOGIN: :勇者:Arzes:	(Save:3:)(1:58:27)
LOGIN: :勇者:Arzes:	(Save:3:)(2:4:25)
LOGIN: :勇者:Arzes:	(Save:3:)(2:9:57)
LOGIN: :勇者:Arzes:	(Save:3:)(2:15:55)
LOGIN: :勇者:Arzes:	(Save:3:)(2:27:22)
LOGIN: :勇者:Arzes:	(Save:3:)(2:27:29)
LOGIN: :勇者:Arzes:	(Save:3:)(2:27:35)
LOGIN: :勇者:Arzes:	(Save:3:)(2:48:16)
LOGIN: :勇者:Arzes:	(Save:3:)(2:57:33)
LOGIN: :勇者:Arzes:	(Save:3:)(3:15:39)
LOGIN: :勇者:Arzes:	(Save:3:)(3:17:9)
LOGIN: :勇者:Arzes:	(Save:3:)(3:18:0)
LOGIN: :勇者:Arzes:	(Save:3:)(3:27:37)
LOGIN: :勇者:Arzes:	(Save:3:)(3:30:54)
LOGIN: :勇者:Arzes:	(Save:3:)(3:54:54)
LOGIN: :勇者:Arzes:	(Save:3:)(3:56:33)
LOGIN: :勇者:Arzes:	(Save:3:)(3:57:41)
LOGIN: :勇者:Arzes:	(Save:3:)(4:1:53)
LOGIN: :勇者:Arzes:	(Save:3:)(4:27:45)
LOGIN: :勇者:Arzes:	(Save:3:)(4:53:36)
LOGIN: :勇者:Arzes:	(Save:3:)(4:57:48)
LOGIN: :勇者:Arzes:	(Save:3:)(4:57:49)
LOGIN: :勇者:Arzes:	(Save:3:)(5:24:22)
LOGIN: :勇者:Arzes:	(Save:3:)(5:27:53)
LOGIN: :勇者:Arzes:	(Save:3:)(5:49:51)
LOGIN: :勇者:Arzes:	(Save:3:)(5:50:42)
LOGIN: :勇者:Arzes:	(Save:3:)(5:53:4)
LOGIN: 123456:勇者:Arzes:	(Logout:-1:OK)(5:53:10)
LOGIN: 123456:123456:Arzes:	(Auth:-1:OK)(15:1:34)
LOGIN: 123456:192.168.0.100:Arzes:	(CharList:-1:OK)(15:1:35)
LOGIN: 123456:勇者:Arzes:	(Login:3:OK)(15:1:37)
LOGIN: :勇者:Arzes:	(Save:3:)(15:6:29)
LOGIN: :勇者:Arzes:	(Save:3:)(15:31:39)
LOGIN: :勇者:Arzes:	(Save:3:)(15:36:14)
LOGIN: :勇者:Arzes:	(Save:3:)(15:36:42)
LOGIN: :勇者:Arzes:	(Save:3:)(15:43:24)
LOGIN: :勇者:Arzes:	(Save:3:)(15:48:6)
LOGIN: :勇者:Arzes:	(Save:3:)(15:52:56)
LOGIN: 123456:勇者:Arzes:	(Logout:-1:OK)(15:54:44)
LOGIN: test:test:Arzes:	(Auth:-1:OK)(20:35:48)
LOGIN: test:192.168.1.100:Arzes:	(CharList:-1:OK)(20:35:48)
LOGIN: admin:admin:Arzes:	(Auth:-1:OK)(20:36:4)
LOGIN: admin:192.168.1.100:Arzes:	(CharList:-1:OK)(20:36:5)
LOGIN: 123456:123456:Arzes:	(Auth:-1:Err CDKEY)(20:36:15)
LOGIN: 123456:123456:Arzes:	(Auth:-1:Err CDKEY)(20:36:18)
LOGIN: 123456:123456:Arzes:	(Auth:-1:OK)(20:36:25)
LOGIN: 123456:192.168.1.100:Arzes:	(CharList:-1:OK)(20:36:26)
LOGIN: 123456:勇者:Arzes:	(Login:3:OK)(20:36:29)
LOGIN: :勇者:Arzes:	(Save:3:)(20:37:7)
LOGIN: 123456:勇者:Arzes:	(Logout:-1:OK)(20:37:13)
LOGIN: 123456:123456:Arzes:	(Auth:-1:OK)(20:52:59)
LOGIN: 123456:192.168.1.100:Arzes:	(CharList:-1:OK)(20:53:0)
LOGIN: 123456:Warrior:Arzes:	(NewChar:4:OK)(20:54:18)
LOGIN: 123456:192.168.1.100:Arzes:	(CharList:-1:OK)(20:54:18)
LOGIN: 123456:Warrior:Arzes:	(Login:4:OK)(20:54:20)
LOGIN: :Warrior:Arzes:	(Save:4:)(21:4:40)
LOGIN: :Warrior:Arzes:	(Save:4:)(21:5:35)
LOGIN: 123456:Warrior:Arzes:	(Logout:-1:OK)(21:7:6)
LOGIN: 123456:123456:Arzes:	(Auth:-1:OK)(21:7:7)
LOGIN: 123456:192.168.1.100:Arzes:	(CharList:-1:OK)(21:7:8)
LOGIN: 123456:勇者:Arzes:	(Login:3:OK)(21:7:9)
LOGIN: 123456:勇者:Arzes:	(Logout:-1:OK)(21:9:53)
LOGIN: gm01:gm01:Arzes:	(Auth:-1:OK)(21:10:4)
LOGIN: gm01:192.168.1.100:Arzes:	(CharList:-1:OK)(21:10:4)
LOGIN: gm01:神射手:Arzes:	(Login:2:OK)(21:10:9)
LOGIN: gm01:神射手:Arzes:	(Logout:-1:OK)(21:10:24)
LOGIN: test:test:Arzes:	(Auth:-1:OK)(4:31:57)
LOGIN: test:192.168.1.100:Arzes:	(CharList:-1:OK)(4:32:0)
LOGIN: test:大强:Arzes:	(NewChar:2:OK)(4:33:36)
LOGIN: test:192.168.1.100:Arzes:	(CharList:-1:OK)(4:33:36)
LOGIN: test:大强:Arzes:	(Login:2:OK)(4:33:43)
LOGIN: :大强:Arzes:	(Save:2:)(4:50:23)
LOGIN: test:大强:Arzes:	(Logout:-1:OK)(4:50:56)
LOGIN: admin:admin:Arzes:	(Auth:-1:Err CDKEY)(18:54:55)
LOGIN: admin:admin:Arzes:	(Auth:-1:OK)(18:55:4)
LOGIN: admin:192.168.1.102:Arzes:	(CharList:-1:OK)(18:55:5)
LOGIN: test:test:Arzes:	(Auth:-1:Err CDKEY)(18:55:18)
LOGIN: test:test:Arzes:	(Auth:-1:OK)(18:55:26)
LOGIN: test:192.168.1.102:Arzes:	(CharList:-1:OK)(18:55:27)
LOGIN: test:test:Arzes:	(Auth:-1:OK)(18:56:48)
LOGIN: test:192.168.1.102:Arzes:	(CharList:-1:OK)(18:56:49)
LOGIN: test:大强:Arzes:	(NewChar:2:OK)(18:58:27)
LOGIN: test:192.168.1.102:Arzes:	(CharList:-1:OK)(18:58:28)
LOGIN: test:大强:Arzes:	(Login:2:OK)(18:58:30)
LOGIN: test:大强:Arzes:	(Logout:-1:OK)(18:58:37)
LOGIN: test:test:Arzes:	(Auth:-1:OK)(18:58:39)
LOGIN: test:192.168.1.102:Arzes:	(CharList:-1:OK)(18:58:40)
LOGIN: test:大强:Arzes:	(Login:2:OK)(18:58:43)
LOGIN: :大强:Arzes:	(Save:2:)(19:15:55)
LOGIN: :大强:Arzes:	(Save:2:)(19:26:36)
LOGIN: :大强:Arzes:	(Save:2:)(19:28:40)
LOGIN: :大强:Arzes:	(Save:2:)(19:30:25)
LOGIN: :大强:Arzes:	(Save:2:)(19:44:37)
LOGIN: :大强:Arzes:	(Save:2:)(19:49:4)
LOGIN: :大强:Arzes:	(Save:2:)(19:49:35)
LOGIN: :大强:Arzes:	(Save:2:)(19:56:44)
LOGIN: :大强:Arzes:	(Save:2:)(19:58:44)
LOGIN: test:大强:Arzes:	(Logout:-1:OK)(20:1:54)
