4131  ./data/map//04131_shrine
30149  ./data/map//30149亚城通道
24055  ./data/map//24055_undertower
59607  ./data/map//59607
34011  ./data/map//ex_34011_taizyu
1472  ./data/map//01472_ura
59626  ./data/map//59626
59780  ./data/map//59780
21017  ./data/map//21017_ninjayasiki-2f
33224  ./data/map//ex_33224_mujin
4299  ./data/map//04299_gateroom
2216  ./data/map//02216_kura
59827  ./data/map//59827
1518  ./data/map//01518_rouka6
60002  ./data/map//bairen60002
14025  ./data/map//14025_vikingF1
3012  ./data/map//03012_sontyo
59906  ./data/map//59906
4500  ./data/map//04500_haioku
59547  ./data/map//59547
24045  ./data/map//24045_undertower
59801  ./data/map//59801
46024  ./data/map//CG2_46024_kyaku3
5012  ./data/map//05012_candy
33601  ./data/map//ex_33601_iseki
16506  ./data/map//16506_rubi
59813  ./data/map//59813
6100  ./data/map//06100_eel
2113  ./data/map//02113_room
59843  ./data/map//59843
45004  ./data/map//CG2_45004_sennin
47007  ./data/map//CG2_47007_ent
59835  ./data/map//59835
1202  ./data/map//01202_rehaidou
60062  ./data/map//bairen60062
59736  ./data/map//59736
33500  ./data/map//ex_33500_kannabera
21051  ./data/map//21051_ninjaroad
59613  ./data/map//59613
20160  ./data/map//20160_boss
34019  ./data/map//ex_34019_ana
4803  ./data/map//04803
47020  ./data/map//CG2_47020_isi
32023  ./data/map//32023豪宅
59539  ./data/map//59539
4431  ./data/map//04431_musicroom
1459  ./data/map//01459_ura
43170  ./data/map//CG2_43170_room
1807  ./data/map//01807_room
13507  ./data/map//13507_ibukuro00
45013  ./data/map//CG2_45013_coral
20162  ./data/map//20162_boss
1208  ./data/map//01208_skillmaster
34015  ./data/map//ex_34015_kaikyo03
32020  ./data/map//32020地下室
15508  ./data/map//15508_plant
1112  ./data/map//01112_church02
43541  ./data/map//CG2_43541_sontyou
1486  ./data/map//01486_ura
21024  ./data/map//21024_ido
59651  ./data/map//59651
2255  ./data/map//02255_mondairoom
1401  ./data/map//01401_hall
48023  ./data/map//CG2_48023_venetia
16505  ./data/map//16505_dangeon
32524  ./data/map//32524洞穴
43970  ./data/map//CG2_43970_room
37010  ./data/map//ex_37010_jail02
3099  ./data/map//03099_gateroom
3301  ./data/map//03301_monolithroom
60082  ./data/map//bairen60082
58000  ./data/map//CG2_58000_sandglass
4309  ./data/map//04309_pub
48011  ./data/map//CG2_48011_venetia
16518  ./data/map//16518_viking
46003  ./data/map//CG2_46003_souko
51101  ./data/map//CG2_51101_gyokuza1
34009  ./data/map//ex_34009_taizyu
11007  ./data/map//11007_caveA
4009  ./data/map//04009_pub
60033  ./data/map//bairen60033
59627  ./data/map//59627
60042  ./data/map//bairen60042
60077  ./data/map//bairen60077
33102  ./data/map//ex_33102_room1
59714  ./data/map//59714
46010  ./data/map//CG2_46010_pastcoral
1081  ./data/map//01081_house-agent
1806  ./data/map//01806_room
15547  ./data/map//15547_undine
24053  ./data/map//24053_undertower
59542  ./data/map//59542
15549  ./data/map//15549_kuro
60068  ./data/map//bairen60068
30304  ./data/map//30304餐厅
41009  ./data/map//ex_41009_ship
32660  ./data/map//32660遗迹底层
33240  ./data/map//ex_33240_hokan
45003  ./data/map//CG2_45003_sennin
1154  ./data/map//01154_bighouse
33215  ./data/map//ex_33215_kan
4146  ./data/map//04146_room
60057  ./data/map//bairen60057
41029  ./data/map//ex_41029_arasi
15505  ./data/map//15505_devi2
1183  ./data/map//01183_bigroom
4421  ./data/map//04421_successroom
59733  ./data/map//59733
1022  ./data/map//01022_bougu2
1491  ./data/map//01491_ura
11038  ./data/map//11038_nazo
21022  ./data/map//21022_ninjayasiki-B1
60056  ./data/map//bairen60056
1454  ./data/map//01454_ura
2313  ./data/map//02313_sontyo
20169  ./data/map//20169_boss
1803  ./data/map//01803_room
47001  ./data/map//CG2_47001_oyabin
51100  ./data/map//CG2_51100_gyokuza1
6400  ./data/map//06400_seraluca
30109  ./data/map//30109胜利布庄
33299  ./data/map//ex_33299_minka
4453  ./data/map//04453_souko
59552  ./data/map//59552
59726  ./data/map//59726
46064  ./data/map//CG2_46064_yami
15518  ./data/map//15518_devi4
33000  ./data/map//ex_33000_minegaru
4416  ./data/map//04416_staffroom
33219  ./data/map//ex_33219_kanri
2200  ./data/map//02200_ukrum
60049  ./data/map//bairen60049
1301  ./data/map//01301_theater
40005  ./data/map//ex_40005_sanbasi
6300  ./data/map//06300_ukrum
45002  ./data/map//CG2_45002_sennin
59686  ./data/map//59686
43520  ./data/map//CG2_43520_zakka
37005  ./data/map//ex_37005_okasira2
2312  ./data/map//02312_sontyo
48000  ./data/map//CG2_48000_venetia
46049  ./data/map//CG2_46049_bossato
60048  ./data/map//bairen60048
21018  ./data/map//21018_ninjayasiki-2f
3014  ./data/map//03014_soroom
59853  ./data/map//59853
3220  ./data/map//03220_room
20167  ./data/map//20167_boss
47029  ./data/map//CG2_47029_meifu
4300  ./data/map//04300_alpanes
60045  ./data/map//bairen60045
20115  ./data/map//20115_towerA
21013  ./data/map//21013_bigroom
999  ./data/map//999_testfloor
16504  ./data/map//16504_viking
33515  ./data/map//ex_33515_byouin
43213  ./data/map//CG2_43213_white
4334  ./data/map//04334_under
15201  ./data/map//15201_extraB1
59841  ./data/map//59841
32026  ./data/map//32026月光
33106  ./data/map//ex_33106_room5
46055  ./data/map//CG2_46055_dunent
23000  ./data/map//23000_raurence
58001  ./data/map//CG2_58001_sandglass
20109  ./data/map//20109_towerA
15571  ./data/map//15571_gran
30113  ./data/map//30113啤酒屋
13501  ./data/map//13501_n_doukutu
14007  ./data/map//14007_doukutu5f
41019  ./data/map//ex_41019_toriton
2260  ./data/map//02260_mondairoom
47027  ./data/map//CG2_47027_yado2
24056  ./data/map//24056_undertower
47009  ./data/map//CG2_47009_ent
1464  ./data/map//01464_ura
24042  ./data/map//24042_undertower
4452  ./data/map//04452_souko
20502  ./data/map//20502_towerC
14005  ./data/map//14005_doukutu3f
33101  ./data/map//ex_33101_2kai
32024  ./data/map//32024豪宅
59891  ./data/map//59891
4142  ./data/map//04142_hiroma
59817  ./data/map//59817
60095  ./data/map//bairen60095
5011  ./data/map//05011_candy
4332  ./data/map//04332_under
20161  ./data/map//20161_boss
43214  ./data/map//CG2_43214_white
30114  ./data/map//30114广场
59564  ./data/map//59564
1101  ./data/map//01101_pab
1165  ./data/map//01165_crystalsyop
11020  ./data/map//11020_komuramasa
60046  ./data/map//bairen60046
59824  ./data/map//59824
59583  ./data/map//59583
20117  ./data/map//20117_towerA
2803  ./data/map//02803_room
43776  ./data/map//CG2_43776_turo
4807  ./data/map//04807
1451  ./data/map//01451_ura
59674  ./data/map//59674
15002  ./data/map//15002_tunnel_A
59659  ./data/map//59659
59665  ./data/map//59665
30201  ./data/map//30201村长
43152  ./data/map//CG2_43152_heisya
60071  ./data/map//bairen60071
1194  ./data/map//01194_bigroom
59548  ./data/map//59548
1182  ./data/map//01182_room
4420  ./data/map//04420_lumberroom
13004  ./data/map//13004_hill
3021  ./data/map//03021_room
43154  ./data/map//CG2_43154_heisya
11033  ./data/map//11033_earth00
1802  ./data/map//01802_room
30110  ./data/map//30110旅馆
2801  ./data/map//02801_room
1405  ./data/map//01405_meiro
44000  ./data/map//CG2_44000_dwaf
1484  ./data/map//01484_ura
59530  ./data/map//59530
4457  ./data/map//04457_titeiko
59546  ./data/map//59546
48016  ./data/map//CG2_48016_venetia
34007  ./data/map//ex_34007_enkei
2257  ./data/map//02257_mondairoom
1534  ./data/map//01534_birthplace-03
3801  ./data/map//03801_room
59663  ./data/map//59663
41002  ./data/map//ex_41002_ship
40004  ./data/map//ex_40004_sanbasi
41006  ./data/map//ex_41006_shiproom
46015  ./data/map//CG2_46015_mine3
4321  ./data/map//04321_room
4022  ./data/map//04022_room
16501  ./data/map//16501_A_dungeon
59631  ./data/map//59631
60078  ./data/map//bairen60078
60061  ./data/map//bairen60061
13513  ./data/map//13513_syocyo02
41005  ./data/map//ex_41005_shiproom
48003  ./data/map//CG2_48003_venetia
33285  ./data/map//ex_33285_minka
900  ./data/map//900_black
43185  ./data/map//CG2_43185_room
4454  ./data/map//04454_souko
46006  ./data/map//CG2_46006_tougi
60073  ./data/map//bairen60073
46013  ./data/map//CG2_46013_mine1
20429  ./data/map//20429_towerC
1479  ./data/map//01479_ura
59624  ./data/map//59624
59724  ./data/map//59724
11011  ./data/map//11011_caveA
15559  ./data/map//15559_siro2
2432  ./data/map//02432_tuuro
59752  ./data/map//59752
33225  ./data/map//ex_33225_mujin
47023  ./data/map//CG2_47023_baros
23600  ./data/map//23600_kakutou
2420  ./data/map//02420_room
1410  ./data/map//01410_5th
14021  ./data/map//14021_vikingB3
1480  ./data/map//01480_ura
1471  ./data/map//01471_ura
1012  ./data/map//01012_buki2
100  ./data/map//00100_field1
20511  ./data/map//20511_towerC
59664  ./data/map//59664
15301  ./data/map//15301_extraC1
24059  ./data/map//24059_undertower
59644  ./data/map//59644
61019  ./data/map//61019测试
33202  ./data/map//ex_33202_zaka
33244  ./data/map//ex_33244_jiken
33298  ./data/map//ex_33298_minegaru
20151  ./data/map//20151_boss
15550  ./data/map//15550_hai
48012  ./data/map//CG2_48012_venetia
1467  ./data/map//01467_ura
43771  ./data/map//CG2_43771_byositsu1
4308  ./data/map//04308_pub
23606  ./data/map//23606_kakutou
1193  ./data/map//01193_bigroom
2412  ./data/map//02412_sonntyo
60014  ./data/map//bairen60014
59615  ./data/map//59615
46040  ./data/map//CG2_46040_mission2
43972  ./data/map//CG2_43972_room
43211  ./data/map//CG2_43211_white
59610  ./data/map//59610
21501  ./data/map//21501_room
15528  ./data/map//15528_usi
51010  ./data/map//CG2_51010_kurob4
30205  ./data/map//30205装备
11111  ./data/map//11111_sample
4208  ./data/map//04208_pub
43754  ./data/map//CG2_43754_sinden2kai
21020  ./data/map//21020_ninjayasiki-3F
24026  ./data/map//24026_undertower
60059  ./data/map//bairen60059
60074  ./data/map//bairen60074
46036  ./data/map//CG2_46036_room6
11002  ./data/map//11002_tunnel_C
46035  ./data/map//CG2_46035_room5
51005  ./data/map//CG2_51005_kuro5
4805  ./data/map//04805
33260  ./data/map//ex_33260_shiproom
15009  ./data/map//15009_smroom
1457  ./data/map//01457_ura
15598  ./data/map//15598_f_shiren2
51004  ./data/map//CG2_51004_kuro4
34004  ./data/map//ex_34004_tokiwa
33110  ./data/map//ex_33110_chika
46016  ./data/map//CG2_46016_arukus1
46011  ./data/map//CG2_46011_pastjail
5001  ./data/map//05001_nokka
33604  ./data/map//ex_33604_iseki
20309  ./data/map//20309_towerB
15576  ./data/map//15576_seiya
46037  ./data/map//CG2_46037_room7
59703  ./data/map//59703
1870  ./data/map//01870_apartment_C
43210  ./data/map//CG2_43210_white
3355  ./data/map//03355_haberu
32018  ./data/map//32018密径
59527  ./data/map//59527
59882  ./data/map//59882
41022  ./data/map//ex_41022_taitania
33239  ./data/map//ex_33239_hokan
43182  ./data/map//CG2_43182_room
59852  ./data/map//59852
33241  ./data/map//ex_33241_hokan
1453  ./data/map//01453_ura
59629  ./data/map//59629
33603  ./data/map//ex_33603_iseki
13514  ./data/map//13514_tuuro
32028  ./data/map//32028密室
20152  ./data/map//20152_boss
33243  ./data/map//ex_33243_jiken
59678  ./data/map//59678
46050  ./data/map//CG2_46050_room8
2000  ./data/map//02000_eel
20105  ./data/map//20105_towerA
3202  ./data/map//03202_acse
59536  ./data/map//59536
59730  ./data/map//59730
60065  ./data/map//bairen60065
1811  ./data/map//01811_room
46014  ./data/map//CG2_46014_mine2
59802  ./data/map//59802
24066  ./data/map//24066_undertower
48002  ./data/map//CG2_48002_venetia
34010  ./data/map//ex_34010_taizyu
11034  ./data/map//11034_earth01
14003  ./data/map//14003_doukutu1f
4401  ./data/map//04401_jikenroom
1158  ./data/map//01158_room
59623  ./data/map//59623
48007  ./data/map//CG2_48007_venetia
20503  ./data/map//20503_towerC
59543  ./data/map//59543
59782  ./data/map//59782
59877  ./data/map//59877
48004  ./data/map//CG2_48004_venetia
41028  ./data/map//ex_41028_taitania
41025  ./data/map//ex_41025_taitania
14004  ./data/map//14004_doukutu2f
16513  ./data/map//16513_oldcastle
43212  ./data/map//CG2_43212_white
43216  ./data/map//CG2_43216_white
15546  ./data/map//15546_undine
15551  ./data/map//15551_dora
24035  ./data/map//24035_undertower
32032  ./data/map//32032密室
400  ./data/map//00400_field3
59557  ./data/map//59557
15502  ./data/map//15502_room
15006  ./data/map//15006_tunnel_A
2002  ./data/map//02002_pub
37006  ./data/map//ex_37006_kururu
59694  ./data/map//59694
60040  ./data/map//bairen60040
37004  ./data/map//ex_37004_okasira1
5013  ./data/map//05013_candy
1424  ./data/map//01424_sugo6
11003  ./data/map//11003_tunnel_D
59630  ./data/map//59630
1031  ./data/map//01031_acsessry
15526  ./data/map//15526_usi
1462  ./data/map//01462_ura
43130  ./data/map//CG2_43130_pub
46029  ./data/map//CG2_46029_hiroma
4144  ./data/map//04144_room
23607  ./data/map//23607_kakutou
59646  ./data/map//59646
15401  ./data/map//15401_tunnel_G
59734  ./data/map//59734
59816  ./data/map//59816
13017  ./data/map//13017_hokora
51006  ./data/map//CG2_51006_kuro5boss
45005  ./data/map//CG2_45005_sennin
3013  ./data/map//03013_soroom
59872  ./data/map//59872
2215  ./data/map//02215_tika
43825  ./data/map//CG2_43825_sinkai6
34000  ./data/map//ex_34000_tuuro
14038  ./data/map//14038_vikingboss4
60086  ./data/map//bairen60086
59865  ./data/map//59865
24068  ./data/map//24068_boss
51013  ./data/map//CG2_51013_kurob7
1174  ./data/map//01174
1463  ./data/map//01463_ura
20506  ./data/map//20506_towerC
59501  ./data/map//59501
14017  ./data/map//14017_viking2
1150  ./data/map//01150_room
1071  ./data/map//01071_matiere-shop
47032  ./data/map//CG2_47032_boss
43720  ./data/map//CG2_43720_zakka
43500  ./data/map//CG2_43500_minoquier
47021  ./data/map//CG2_47021_akkas
59753  ./data/map//59753
59885  ./data/map//59885
32047  ./data/map//32047研究中心
59661  ./data/map//59661
43700  ./data/map//CG2_43700_recter
59999  ./data/map//59999
43190  ./data/map//CG2_43190_minato
16508  ./data/map//16508_rubi
59662  ./data/map//59662
59902  ./data/map//59902
33002  ./data/map//33002_ex_ship
60097  ./data/map//bairen60097
1400  ./data/map//01400_genkan
59691  ./data/map//59691
24062  ./data/map//24062_undertower
1541  ./data/map//01541_robi
34001  ./data/map//ex_34001_tuuro
777  ./data/map//777
30010  ./data/map//30010亚诺曼城
46046  ./data/map//CG2_46046_auto
59997  ./data/map//59997
33233  ./data/map//ex_33233_event
59681  ./data/map//59681
59811  ./data/map//59811
1533  ./data/map//01533_birthplace-02
15506  ./data/map//15506_devi2
43169  ./data/map//CG2_43169_room
59869  ./data/map//59869
43000  ./data/map//CG2_43000_kurukusu
60075  ./data/map//bairen60075
15012  ./data/map//15012_gmroom
1162  ./data/map//01162_room
59895  ./data/map//59895
33255  ./data/map//ex_33255_daining
24020  ./data/map//24020_undertower
59505  ./data/map//59505
20522  ./data/map//20522_towerC
30332  ./data/map//30332村长的家
15570  ./data/map//15570_hone
14024  ./data/map//14024_vikingboss
59829  ./data/map//59829
2499  ./data/map//02499_gateroom
59837  ./data/map//59837
47014  ./data/map//CG2_47014_forest04
59814  ./data/map//59814
24004  ./data/map//24004_shrine
59652  ./data/map//59652
60091  ./data/map//bairen60091
4221  ./data/map//04221_room
2251  ./data/map//02251_mondairoom
20153  ./data/map//20153_boss
2201  ./data/map//02201_zakka
59684  ./data/map//59684
1205  ./data/map//01205_hikae
43217  ./data/map//CG2_43217_white
33511  ./data/map//ex_33511_bar
4230  ./data/map//04230_nightpub
1021  ./data/map//01021_bougu1
5016  ./data/map//05016_chuso
33104  ./data/map//ex_33104_room3
30116  ./data/map//30116公会
33214  ./data/map//ex_33214_kan
59826  ./data/map//59826
20510  ./data/map//20510_towerC
4200  ./data/map//04200_tina
24002  ./data/map//24002_shrine
59823  ./data/map//59823
34002  ./data/map//ex_34002_tuuro
59720  ./data/map//59720
59810  ./data/map//59810
59680  ./data/map//59680
23003  ./data/map//23003_raurence
11015  ./data/map//11015_tutor2
30309  ./data/map//30309房间
46052  ./data/map//CG2_46052_kanpan
59809  ./data/map//59809
20002  ./data/map//20002_gate
3210  ./data/map//03210_hos
59900  ./data/map//59900
11502  ./data/map//11502_caveA
45007  ./data/map//CG2_45007_sennin
47017  ./data/map//CG2_47017_boss
59751  ./data/map//59751
2211  ./data/map//02211_hos
33238  ./data/map//ex_33238_ribaibu
4811  ./data/map//04811
15587  ./data/map//15587_seiya2
41016  ./data/map//ex_41016_ship
43774  ./data/map//CG2_43774_hokanko
59606  ./data/map//59606
16521  ./data/map//16521_ajito
43826  ./data/map//CG2_43826_sinkai7
15544  ./data/map//15544_undine
32025  ./data/map//32025阁楼
59612  ./data/map//59612
33291  ./data/map//ex_33291_minka
24034  ./data/map//24034_undertower
1492  ./data/map//01492_ura
59617  ./data/map//59617
41018  ./data/map//ex_41018_shiproom
40007  ./data/map//ex_40007_sanbasi
1450  ./data/map//01450_ura
20307  ./data/map//20307_towerB
21012  ./data/map//21012_bigroom2f
2400  ./data/map//02400_aryurt
13014  ./data/map//13014_hill
11014  ./data/map//11014_bordA
33607  ./data/map//ex_33607_iseki
1478  ./data/map//01478_ura
45012  ./data/map//CG2_45012_sennin
59701  ./data/map//59701
33508  ./data/map//ex_33508_minka
4213  ./data/map//04213_sontyo
43574  ./data/map//CG2_43574_minka
43743  ./data/map//CG2_43743_minka4
59899  ./data/map//59899
1201  ./data/map//01201_genkan
11036  ./data/map//11036_earth03
5006  ./data/map//05006
24021  ./data/map//24021_undertower
2202  ./data/map//02202_zakka2f
1105  ./data/map//01105_room
59845  ./data/map//59845
30206  ./data/map//30206酒吧
47022  ./data/map//CG2_47022_mizu
16510  ./data/map//16510_oldcastle
2808  ./data/map//02808_room
1490  ./data/map//01490_ura
59608  ./data/map//59608
13015  ./data/map//13015_bottart
4012  ./data/map//04012_sontyo
43192  ./data/map//CG2_43192_garusira2
1800  ./data/map//01800_room
11005  ./data/map//11005_tunnel_D
20305  ./data/map//20305_towerB
33266  ./data/map//ex_33266_shiproom
60100  ./data/map//bairen60100
59601  ./data/map//59601
43650  ./data/map//CG2_43650_toudai
13022  ./data/map//13022_hokora
1402  ./data/map//01402_hikae
14023  ./data/map//14023_vikingB1
4322  ./data/map//04322_room
30017  ./data/map//30017亚城城堡
60015  ./data/map//bairen60015
59874  ./data/map//59874
33261  ./data/map//ex_33261_shiproom
60031  ./data/map//bairen60031
30012  ./data/map//30012克瑞村
2214  ./data/map//02214_kura
59528  ./data/map//59528
59602  ./data/map//59602
60108  ./data/map//60108百人80层领奖
23605  ./data/map//23605_kakutou
1810  ./data/map//01810_room
46043  ./data/map//CG2_46043_mission5
1542  ./data/map//01542_robi
46028  ./data/map//CG2_46028_hikae
34016  ./data/map//ex_34016_hina
43160  ./data/map//cg2_43160_koubou
51000  ./data/map//CG2_51000_kuroent
43810  ./data/map//CG2_43810_elf
16519  ./data/map//16519_viking
33113  ./data/map//ex_33113_chika
59858  ./data/map//59858
33220  ./data/map//ex_33220_kanri
13007  ./data/map//13007_hill
2226  ./data/map//02226_room
33217  ./data/map//ex_33217_kojima
4451  ./data/map//04451_souko
32027  ./data/map//32027密室
4206  ./data/map//04206_syokuryou
46054  ./data/map//CG2_46054_island
59510  ./data/map//59510
4013  ./data/map//04013_sontyo
59834  ./data/map//59834
59725  ./data/map//59725
46061  ./data/map//CG2_46061_sisomae1
59621  ./data/map//59621
48017  ./data/map//CG2_48017_venetia
60039  ./data/map//bairen60039
3200  ./data/map//03200_kiri
3221  ./data/map//03221_room
20199  ./data/map//20199_towerA
43814  ./data/map//CG2_43814_elf
13505  ./data/map//13505_namazu
60034  ./data/map//bairen60034
1171  ./data/map//01171_room
1493  ./data/map//01493_ura
300  ./data/map//00300_field2
1121  ./data/map//01121_bank
60083  ./data/map//bairen60083
33606  ./data/map//ex_33606_iseki
33100  ./data/map//ex_33100_siro
15534  ./data/map//15534_houmotu
1461  ./data/map//01461_ura
33602  ./data/map//ex_33602_iseki
1184  ./data/map//01184_bigroom
59556  ./data/map//59556
1535  ./data/map//01535_birthplace-04
24016  ./data/map//24016_undertower
59805  ./data/map//59805
24010  ./data/map//24010_undertower
59998  ./data/map//59998
14011  ./data/map//14011_sando
60087  ./data/map//bairen60087
1805  ./data/map//01805_room
5002  ./data/map//05002_nokka
60101  ./data/map//60101百人10层领奖
59634  ./data/map//59634
20509  ./data/map//20509_towerC
46044  ./data/map//CG2_46044_grad
33294  ./data/map//ex_33294_shiproom
13019  ./data/map//13019_hokora
11012  ./data/map//11012_cave_fA
60098  ./data/map//bairen60098
13020  ./data/map//13020_hokora
60024  ./data/map//bairen60024
33275  ./data/map//ex_33275_shiproom
36003  ./data/map//ex_36003_ent
56563  ./data/map//56563
16512  ./data/map//16512_oldcastle
5003  ./data/map//05003_room
24031  ./data/map//24031_undertower
2320  ./data/map//02320_room
51102  ./data/map//CG2_51102_gyokuza1
33506  ./data/map//ex_33506_minka
20516  ./data/map//20516_towerC
15592  ./data/map//15592_kaitei1
24065  ./data/map//24065_undertower
33115  ./data/map//ex_33115_chika
24008  ./data/map//24008_undertower
59876  ./data/map//59876
59687  ./data/map//59687
11001  ./data/map//11001_tunnel_C
60044  ./data/map//bairen60044
47010  ./data/map//CG2_47010_forest01
4405  ./data/map//04405_doukutu
43141  ./data/map//CG2_43141_bighome
2301  ./data/map//02301_soubi
33620  ./data/map//CG2_33620_boss1
4812  ./data/map//04812
60076  ./data/map//bairen60076
1458  ./data/map//01458_ura
32699  ./data/map//32699_技能屋
59603  ./data/map//59603
2421  ./data/map//02421_room
33516  ./data/map//ex_33516_byouin
30311  ./data/map//30311村长
43150  ./data/map//CG2_43150_heisya
15589  ./data/map//15589_siro20
24017  ./data/map//24017_undertower
60094  ./data/map//bairen60094
43191  ./data/map//CG2_43191_garusira1
11017  ./data/map//11017_usi_B
33118  ./data/map//ex_33118_sirochika
33280  ./data/map//ex_33280_ship
59828  ./data/map//59828
15537  ./data/map//15537_toud
43976  ./data/map//CG2_43976_room
13508  ./data/map//13508_ibukuro01
59561  ./data/map//59561
33203  ./data/map//ex_33203_buki
59690  ./data/map//59690
4800  ./data/map//04800
33279  ./data/map//ex_33279_shiproom
36002  ./data/map//ex_36002_bran_top
33206  ./data/map//ex_33206_pet
15599  ./data/map//15599_kairo
33207  ./data/map//ex_33207_hosp
60028  ./data/map//bairen60028
37003  ./data/map//ex_37003_aji-ent2
5015  ./data/map//05015_ryu
2101  ./data/map//02101_soubi
47019  ./data/map//CG2_47019_furia
60058  ./data/map//bairen60058
59904  ./data/map//59904
4418  ./data/map//04418_Arena
2120  ./data/map//02120_room
33227  ./data/map//ex_33227_mujin
1483  ./data/map//01483_ura
32029  ./data/map//32029密室
35004  ./data/map//ex_35004_sakura
33502  ./data/map//ex_33502_minka
48024  ./data/map//CG2_48024_venetia
59572  ./data/map//59572
24007  ./data/map//24007_shrine
1203  ./data/map//01203_cikakaidan
59570  ./data/map//59570
59732  ./data/map//59732
60003  ./data/map//bairen60003
59673  ./data/map//59673
717  ./data/map//717
4802  ./data/map//04802
2121  ./data/map//02121_room
11032  ./data/map//11032_jukai
11500  ./data/map//11500_caveA
14002  ./data/map//14002_tunnel_F
34003  ./data/map//ex_34003_tuuro
33609  ./data/map//ex_33609_boss1
23002  ./data/map//23002_raurence
20501  ./data/map//20501_towerC
16517  ./data/map//16517_viking
1809  ./data/map//01809_room
59886  ./data/map//59886
5010  ./data/map//05010_candy
15402  ./data/map//15402_tunnel_G
59890  ./data/map//59890
51012  ./data/map//CG2_51012_kurob6
60016  ./data/map//bairen60016
46042  ./data/map//CG2_46042_mission4
51002  ./data/map//CG2_51002_kuro3
59689  ./data/map//59689
15580  ./data/map//15580_soukutu
59697  ./data/map//59697
4809  ./data/map//04809
32531  ./data/map//32531贝力斯
15501  ./data/map//15501_room
33501  ./data/map//ex_33501_minka
43671  ./data/map//CG2_43671_room
13510  ./data/map//13510_tuuro
14039  ./data/map//14039_viking
60093  ./data/map//bairen60093
2100  ./data/map//02100_willnoa
15102  ./data/map//15102_extraA2
43750  ./data/map//CG2_43750_sinden1
2199  ./data/map//02199_gateroom
47012  ./data/map//CG2_47012_camp
59711  ./data/map//59711
59851  ./data/map//59851
20150  ./data/map//20150_boss
1180  ./data/map//01180_room
20005  ./data/map//20005_cg
43600  ./data/map//CG2_43600_luminous
15575  ./data/map//15575_midori
59667  ./data/map//59667
33209  ./data/map//ex_33209_syuri
14013  ./data/map//14013_sando
1536  ./data/map//01536_birthplace-05
35003  ./data/map//ex_35003_lab
11000  ./data/map//11000_tunnel_C
59698  ./data/map//59698
23501  ./data/map//23501_simitu
59655  ./data/map//59655
43821  ./data/map//CG2_43821_sinkai2
1170  ./data/map//01170_pab
33248  ./data/map//ex_33248_yamamomo
33216  ./data/map//ex_33216_kojima
20520  ./data/map//20520_towerC
33277  ./data/map//ex_33277_shiproom
1102  ./data/map//01102_room
4021  ./data/map//04021_pub
35002  ./data/map//ex_35002_midboss2
20003  ./data/map//20003_gate
59743  ./data/map//59743
15542  ./data/map//15542_undine
1304  ./data/map//01304_theater
13012  ./data/map//13012_hill
41008  ./data/map//ex_41008_shiproom
43971  ./data/map//CG2_43971_room
1494  ./data/map//01494_ura
3213  ./data/map//03213_soroom
1166  ./data/map//01166_coinkoukan
46063  ./data/map//CG2_46063_haka
30131  ./data/map//30131教堂
60054  ./data/map//bairen60054
15568  ./data/map//15568_hone
60021  ./data/map//bairen60021
24006  ./data/map//24006_shrine
24049  ./data/map//24049_undertower
59625  ./data/map//59625
15010  ./data/map//15010_smroom
43770  ./data/map//CG2_43770_imusitsu
21050  ./data/map//21050_ninjahill
4222  ./data/map//04222_room
4810  ./data/map//04810
59840  ./data/map//59840
59550  ./data/map//59550
45009  ./data/map//CG2_45009_sennin
4212  ./data/map//04212_sontyo
24037  ./data/map//24037_undertower
43975  ./data/map//CG2_43975_room
43620  ./data/map//CG2_43620_zakka
59506  ./data/map//59506
24050  ./data/map//24050_undertower
33210  ./data/map//ex_33210_kantei
23601  ./data/map//23601_kakutou
20156  ./data/map//20156_boss
33229  ./data/map//ex_33229_mujin
1160  ./data/map//01160_m
16515  ./data/map//16515_oldcastle
59722  ./data/map//59722
20517  ./data/map//20517_towerC
41017  ./data/map//ex_41017_shiproom
60111  ./data/map//60111百人100层领奖
4331  ./data/map//04331_under
24028  ./data/map//24028_boss
24039  ./data/map//24039_undertower
16520  ./data/map//16520_ajito
1422  ./data/map//01422_sugo6
15584  ./data/map//15584_brackca2
43760  ./data/map//CG2_43760_kouwan
30105  ./data/map//30105中央医院
1496  ./data/map//01496_ura
13010  ./data/map//13010_hill
59638  ./data/map//59638
13001  ./data/map//13001_tunnel_E
59901  ./data/map//59901
1207  ./data/map//01207_guildmaster
32021  ./data/map//32021鬼掌森林
24005  ./data/map//24005_shrine
59611  ./data/map//59611
59541  ./data/map//59541
4001  ./data/map//04001_acse
43741  ./data/map//CG2_43741_minka2
4010  ./data/map//04010_hos
15008  ./data/map//15008_rouka
59871  ./data/map//59871
30333  ./data/map//30333传送点
60036  ./data/map//bairen60036
4000  ./data/map//04000_jenova
14006  ./data/map//14006_doukutu4f
59628  ./data/map//59628
37002  ./data/map//ex_37002_aji-ent1
1468  ./data/map//01468_ura
43184  ./data/map//CG2_43184_school
2110  ./data/map//02110_hos
4422  ./data/map//04422_katiku
59605  ./data/map//59605
43570  ./data/map//CG2_43570_room
1539  ./data/map//01539_monsterroom
43813  ./data/map//CG2_43813_elf
47003  ./data/map//CG2_47003_oyabin
45006  ./data/map//CG2_45006_sennin
2099  ./data/map//02099_gateroom
20515  ./data/map//20515_towerC
59642  ./data/map//59642
15529  ./data/map//15529_usi
3803  ./data/map//03803_room
14036  ./data/map//14036_vikingboss2
15545  ./data/map//15545_undine
43125  ./data/map//CG2_43125_ginkou
46025  ./data/map//CG2_46025_kyaku4
46031  ./data/map//CG2_46031_room1
23603  ./data/map//23603_kakutou
15579  ./data/map//15579_siroca
1051  ./data/map//01051_zaka
33272  ./data/map//ex_33272_shiproom
60006  ./data/map//bairen60006
43573  ./data/map//CG2_43573_yakobu
59526  ./data/map//59526
15400  ./data/map//15400_tunnel_G
21004  ./data/map//21004_warehouse
59860  ./data/map//59860
15561  ./data/map//15561_siro4
30193  ./data/map//30193_内心
2433  ./data/map//02433_hikae
43753  ./data/map//CG2_43753_sinden4
43171  ./data/map//CG2_43171_room
24027  ./data/map//24027_undertower
51017  ./data/map//CG2_51017_kurob11a
43200  ./data/map//CG2_43200_white
24011  ./data/map//24011_undertower
43510  ./data/map//CG2_43510_hos
1537  ./data/map//01537_birthplace-06
20166  ./data/map//20166_boss
60102  ./data/map//60102百人20层领奖
15513  ./data/map//15513_hos
41027  ./data/map//ex_41027_toriton
33200  ./data/map//ex_33200_akerufa
59777  ./data/map//59777
33288  ./data/map//ex_33288_minka
43980  ./data/map//CG2_43980_mdun1
33269  ./data/map//ex_33269_shiproom
4456  ./data/map//04456_titeiko
15540  ./data/map//15540_toud-
30126  ./data/map//30126商人
59696  ./data/map//59696
30111  ./data/map//30111旅馆二楼
32022  ./data/map//32022豪宅
1303  ./data/map//01303_theater
21001  ./data/map//21001_warehouse
1495  ./data/map//01495_ura
46000  ./data/map//CG2_46000_souko
33117  ./data/map//ex_33117_maze
60011  ./data/map//bairen60011
48026  ./data/map//CG2_48026_kobeya2
60023  ./data/map//bairen60023
1185  ./data/map//01185_room
24060  ./data/map//24060_undertower
2014  ./data/map//02014_room
21008  ./data/map//21008_bigroom2f
4099  ./data/map//04099_gateroom
20508  ./data/map//20508_towerC
46027  ./data/map//CG2_46027_entrance
41000  ./data/map//ex_41000_ship
1412  ./data/map//01412_meiro
46017  ./data/map//CG2_46017_arukus2
59839  ./data/map//59839
301  ./data/map//00301_dari
46062  ./data/map//CG2_46062_anten
1509  ./data/map//01509_guest_room3
35008  ./data/map//ex_35008_boss1
21023  ./data/map//21023_ido
15536  ./data/map//15536_toudo
1172  ./data/map//01172_room
15001  ./data/map//15001_tunnel_A
15594  ./data/map//15594_kaitei3
59648  ./data/map//59648
43180  ./data/map//CG2_43180_room
60009  ./data/map//bairen60009
35011  ./data/map//ex_35011_clear2
43740  ./data/map//CG2_43740_minka
1011  ./data/map//01011_buki1
37000  ./data/map//ex_37000_perikan1
2224  ./data/map//02224_room
59643  ./data/map//59643
59636  ./data/map//59636
46034  ./data/map//CG2_46034_room4
15510  ./data/map//15510_grave
2220  ./data/map//02220_room
15520  ./data/map//15520_devi4
15578  ./data/map//15578_brackca
59863  ./data/map//59863
401  ./data/map//00401_friaporos
45001  ./data/map//CG2_45001_sennin
402  ./data/map//00402_field4
60038  ./data/map//bairen60038
20507  ./data/map//20507_towerC
60104  ./data/map//60104百人40层领奖
4419  ./data/map//04419_presidentroom
15583  ./data/map//15583_siroca2
59820  ./data/map//59820
24064  ./data/map//24064_undertower
1520  ./data/map//01520_castle1
1164  ./data/map//01164_bighouse2F
46032  ./data/map//CG2_46032_room2
1091  ./data/map//01091_ee
30001  ./data/map//30001德威特岛
34006  ./data/map//ex_34006_enkei
24061  ./data/map//24061_undertower
60090  ./data/map//bairen60090
13504  ./data/map//13504_chiteiko
30307  ./data/map//30307民房
3806  ./data/map//03806_room
3010  ./data/map//03010_kyoukai
59781  ./data/map//59781
33230  ./data/map//ex_33230_mujin
15595  ./data/map//15595_entrance
2309  ./data/map//02309_bar
1531  ./data/map//01531_tutor1
60070  ./data/map//bairen60070
59672  ./data/map//59672
43173  ./data/map//CG2_43173_room
33119  ./data/map//ex_33119_sirochika2
47025  ./data/map//CG2_47025_meihu
40000  ./data/map//ex_40000_sanbasi
34024  ./data/map//ex_34024_boss
47000  ./data/map//CG2_47000_oyabin
51104  ./data/map//CG2_51104_gyokuza1
60051  ./data/map//bairen60051
59873  ./data/map//59873
59531  ./data/map//59531
20103  ./data/map//20103_towerA
15503  ./data/map//15503_devilabo
1403  ./data/map//01403_shop
4335  ./data/map//04335_under
43815  ./data/map//CG2_43815_elf
20004  ./data/map//20004_cg
59637  ./data/map//59637
15593  ./data/map//15593_kaitei2
24048  ./data/map//24048_boss
41003  ./data/map//ex_41003_shiproom
43757  ./data/map//CG2_43757_seidou
15557  ./data/map//15557_siro0
60072  ./data/map//bairen60072
60050  ./data/map//bairen60050
30199  ./data/map//30199亚城传送间
1481  ./data/map//01481_ura
59699  ./data/map//59699
33107  ./data/map//ex_33107_room6
15552  ./data/map//15552_genkan
1474  ./data/map//01474_ura
60008  ./data/map//bairen60008
13009  ./data/map//13009_hill_summit
4020  ./data/map//04020_room
666  ./data/map//666
59903  ./data/map//59903
59715  ./data/map//59715
59831  ./data/map//59831
30266  ./data/map//30266村长家
20414  ./data/map//20414_towerC
41004  ./data/map//ex_41004_shiproom
41010  ./data/map//ex_41010_ship
33263  ./data/map//ex_33263_odoriba
43983  ./data/map//CG2_43983_mdun4
4011  ./data/map//04011_hps
15515  ./data/map//15515_soroom
3350  ./data/map//03350_shrman
60055  ./data/map//bairen60055
41023  ./data/map//ex_41023_taitania
59849  ./data/map//59849
60005  ./data/map//bairen60005
2198  ./data/map//02198_smallroom
33252  ./data/map//ex_33252_hanku
24047  ./data/map//24047_undertower
30118  ./data/map//30118公会
30202  ./data/map//30202村长
32016  ./data/map//32016难民村
20526  ./data/map//20526_towerC
20301  ./data/map//20301_towerB
15539  ./data/map//15539_devi5
20101  ./data/map//20101_towerA
555  ./data/map//555
59866  ./data/map//59866
32019  ./data/map//32019屋
33278  ./data/map//ex_33278_shiproom
60025  ./data/map//bairen60025
60020  ./data/map//bairen60020
59635  ./data/map//59635
34022  ./data/map//ex_34022_ana4
43710  ./data/map//CG2_43710_hos
34012  ./data/map//ex_34012_taizyu
15500  ./data/map//15500_devilabo
6500  ./data/map//06500_aryurt
3008  ./data/map//03008_bar
15586  ./data/map//15586_brackca3
59862  ./data/map//59862
4214  ./data/map//04214_sontyo
30220  ./data/map//30220商场
4210  ./data/map//04210_hos
59653  ./data/map//59653
21007  ./data/map//21007_bigroom
49000  ./data/map//CG2_49000_venetia
43179  ./data/map//CG2_43179_room
15548  ./data/map//15548_siro
30313  ./data/map//30313传送点
60069  ./data/map//bairen60069
5005  ./data/map//05005
1161  ./data/map//01161_room
46020  ./data/map//CG2_46020_arukus5
15800  ./data/map//15800_boss
14000  ./data/map//14000_tunnel_F
24009  ./data/map//24009_undertower
2300  ./data/map//02300_seraluca
43140  ./data/map//CG2_43140_bighome
59647  ./data/map//59647
16503  ./data/map//16503_viking
32063  ./data/map//32063广场
35010  ./data/map//ex_35010_clear1
59854  ./data/map//59854
24022  ./data/map//24022_undertower
60053  ./data/map//bairen60053
21016  ./data/map//21016_ninjaroom-b
3020  ./data/map//03020_room
4400  ./data/map//04400_daigakuimo
33221  ./data/map//ex_33221_tougi
47033  ./data/map//CG2_47033_forest13
1511  ./data/map//01511_Durbar_Room
33286  ./data/map//ex_33286_minka
59503  ./data/map//59503
1104  ./data/map//01104_room
11028  ./data/map//11028_tunnel_D
48015  ./data/map//CG2_48015_venetia
60060  ./data/map//bairen60060
20304  ./data/map//20304_towerB
16509  ./data/map//16509_rubi
46051  ./data/map//CG2_46051_senso
4333  ./data/map//04333_room
1404  ./data/map//01404_hikae
60063  ./data/map//bairen60063
1850  ./data/map//01850_apartment_A
13503  ./data/map//13503_chiteiko
43172  ./data/map//CG2_43172_room
32017  ./data/map//32017鬼打墙
2810  ./data/map//02810
41001  ./data/map//ex_41001_ship
2256  ./data/map//02256_mondairoom
33236  ./data/map//ex_33236_ribaibu
1508  ./data/map//01508_guest_room2
24014  ./data/map//24014_undertower
2802  ./data/map//02802_room
43219  ./data/map//CG2_43219_gate
4403  ./data/map//04403_doukutu
47016  ./data/map//CG2_47016_black
59996  ./data/map//59996
59693  ./data/map//59693
35006  ./data/map//ex_35006_yamabuki
13512  ./data/map//13512_syocyo01
51016  ./data/map//CG2_51016_kurob10
15007  ./data/map//15007_zyuzyutu
1195  ./data/map//01195_food
16516  ./data/map//16516_viking
1000  ./data/map//01000_city
48025  ./data/map//CG2_48025_kobeya
15554  ./data/map//15554_siro3
4417  ./data/map//04417_musicroom
1041  ./data/map//01041_magic
30303  ./data/map//30303装备
2252  ./data/map//02252_mondaiiroom
15590  ./data/map//15590_kuro20
48014  ./data/map//CG2_48014_venetia
1510  ./data/map//01510_guest_room4
1423  ./data/map//01423_sugo6
1475  ./data/map//01475_ura
59511  ./data/map//59511
59887  ./data/map//59887
46047  ./data/map//CG2_46047_boss
59848  ./data/map//59848
16507  ./data/map//16507_dun
59830  ./data/map//59830
47008  ./data/map//CG2_47008_breeders
59838  ./data/map//59838
60096  ./data/map//bairen60096
59677  ./data/map//59677
59676  ./data/map//59676
33510  ./data/map//ex_33510_chourou
59833  ./data/map//59833
43189  ./data/map//CG2_43189_room
4414  ./data/map//04414_room
51003  ./data/map//CG2_51003_kuro4
33208  ./data/map//ex_33208_kou
60106  ./data/map//60106百人60层领奖
15103  ./data/map//15103_viking
13016  ./data/map//13016_hokora
51018  ./data/map//CG2_51018_kurob11b
1406  ./data/map//01406_1st
20525  ./data/map//20525_towerC
4412  ./data/map//04412_room
2223  ./data/map//02223_room
30335  ./data/map//30335装备
60010  ./data/map//bairen60010
13011  ./data/map//13011_hill
46022  ./data/map//CG2_46022_kyaku1
20113  ./data/map//20113_towerA
13502  ./data/map//13502_n_doukutu
51008  ./data/map//CG2_51008_kurob2
2303  ./data/map//02303_tikaroom
59529  ./data/map//59529
445  ./data/map//445
45014  ./data/map//CG2_45014_sennin
34020  ./data/map//ex_34020_ana2
43153  ./data/map//CG2_43153_heisya
1111  ./data/map//01111_church01
35005  ./data/map//ex_35005_ume
43193  ./data/map//CG2_43193_garusira3
60105  ./data/map//60105百人50层领奖
4502  ./data/map//04502_saidan
11010  ./data/map//11010_caveA
43820  ./data/map//CG2_43820_sinkai1
30192  ./data/map//30192内心
60103  ./data/map//60103百人30层领奖
40001  ./data/map//ex_40001_sanbasi
24040  ./data/map//24040_undertower
33235  ./data/map//ex_33235_ribaibu
43722  ./data/map//CG2_43722_zakka3
4313  ./data/map//04313_sontyo
30002  ./data/map//30002杰诺姆
101  ./data/map//00101_baros
33293  ./data/map//ex_33293_shiproom
15531  ./data/map//15531_devi5
59861  ./data/map//59861
24033  ./data/map//24033_undertower
59562  ./data/map//59562
1455  ./data/map//01455_ura
34021  ./data/map//ex_34021_ana3
46041  ./data/map//CG2_46041_mission3
4002  ./data/map//04002_bukibougu
1151  ./data/map//01151_room
43571  ./data/map//CG2_43571_room
14019  ./data/map//14019_vikingB5
30014  ./data/map//30014蕾村
5000  ./data/map//05000_gobmura
5014  ./data/map//05014_candy
15507  ./data/map//15507_plant
43910  ./data/map//CG2_43910_hos
33211  ./data/map//ex_33211_hotel
60027  ./data/map//bairen60027
21502  ./data/map//21502_takara
59522  ./data/map//59522
59803  ./data/map//59803
60026  ./data/map//bairen60026
15560  ./data/map//15560_kuro2
21006  ./data/map//21006_mirrorroom
43981  ./data/map//CG2_43981_mdun2
60079  ./data/map//bairen60079
13515  ./data/map//13515_daicyo
15597  ./data/map//15597_f_shiren1
4008  ./data/map//04008_pub
20165  ./data/map//20165_boss
35001  ./data/map//ex_35001_midboss1
59804  ./data/map//59804
1413  ./data/map//01413_meiro
15574  ./data/map//15574_ougon
24071  ./data/map//24071_boss
24051  ./data/map//24051_undertower
24067  ./data/map//24067_undertower
1206  ./data/map//01206_gesuto
47030  ./data/map//CG2_47030_forest10
43742  ./data/map//CG2_43742_minka3
33114  ./data/map//ex_33114_reihai
30117  ./data/map//30117泰伯伦
963  ./data/map//963内心
11006  ./data/map//11006_caveA
59710  ./data/map//59710
60037  ./data/map//bairen60037
33116  ./data/map//ex_33116_torishirabe
20524  ./data/map//20524_towerC
2253  ./data/map//02253_mondairoom
59867  ./data/map//59867
59859  ./data/map//59859
59855  ./data/map//59855
33517  ./data/map//ex_33517_kan
47028  ./data/map//CG2_47028_kuro
15581  ./data/map//15581_grapass_n
3804  ./data/map//03804_room
24003  ./data/map//24003_shrine
1469  ./data/map//01469_ura
33512  ./data/map//ex_33512_buki
41020  ./data/map//ex_41020_toriton
4808  ./data/map//04808
59688  ./data/map//59688
13509  ./data/map//13509_ibukuro02
20114  ./data/map//20114_towerA
15569  ./data/map//15569_hone
59600  ./data/map//59600
33204  ./data/map//ex_33204_bougu
59880  ./data/map//59880
3807  ./data/map//03807_room
30127  ./data/map//30127商人
33247  ./data/map//ex_33247_yamamomo
20521  ./data/map//20521_towerC
34023  ./data/map//ex_34023_ana5
59545  ./data/map//59545
11008  ./data/map//11008_caveA
1407  ./data/map//01407_2nd
4424  ./data/map//04424_katiku
32049  ./data/map//32049研究中心
20106  ./data/map//20106_towerA
20001  ./data/map//20001_gate
11009  ./data/map//11009_caveA
59706  ./data/map//59706
33205  ./data/map//ex_33205_bank
2807  ./data/map//02807_room
24013  ./data/map//24013_undertower
11013  ./data/map//11013_bordA
15514  ./data/map//15514_soroom
46058  ./data/map//CG2_46058_sisomae1
1512  ./data/map//01512_Bedroom
24012  ./data/map//24012_undertower
60099  ./data/map//bairen60099
33282  ./data/map//ex_33282_shiproom
30013  ./data/map//30013摩顿
15532  ./data/map//15532_devi5
24044  ./data/map//24044_undertower
46045  ./data/map//CG2_46045_ent
43721  ./data/map//CG2_43721_zakka2
15504  ./data/map//15504_devilabo
15519  ./data/map//15519_devi4
1473  ./data/map//01473_ura
1305  ./data/map//01305_theater
59682  ./data/map//59682
43175  ./data/map//CG2_43175_yado
40003  ./data/map//ex_40003_sanbasi
4501  ./data/map//04501_saidan
59616  ./data/map//59616
32506  ./data/map//32506
60012  ./data/map//bairen60012
43773  ./data/map//CG2_43773_byositsu3
43145  ./data/map//CG2_43145_pet
24063  ./data/map//24063_undertower
59716  ./data/map//59716
1466  ./data/map//01466_ura
4140  ./data/map//04140_hos
13013  ./data/map//13013_hill
1477  ./data/map//01477_ura
33289  ./data/map//ex_33289_minka
20504  ./data/map//20504_towerC
4410  ./data/map//04410_magicschool
30104  ./data/map//30104武器
41024  ./data/map//ex_41024_taitania
2310  ./data/map//02310_hos
24023  ./data/map//24023_undertower
15535  ./data/map//15535_devi5
43115  ./data/map//CG2_43115_mahou
33605  ./data/map//ex_33605_iseki
1470  ./data/map//01470_ura
30270  ./data/map//30270酒吧
15541  ./data/map//15541_devi5-
33212  ./data/map//ex_33212_hosp
21025  ./data/map//21025_ido
11039  ./data/map//11039_kodaiju2
45010  ./data/map//CG2_45010_sennin
1506  ./data/map//01506_Dining_Hall
15003  ./data/map//15003_tunnel_B
59825  ./data/map//59825
30213  ./data/map//30213民房
32522  ./data/map//32522洞穴
1186  ./data/map//01186_room
33223  ./data/map//ex_33223_mujin
30132  ./data/map//30132房间
59521  ./data/map//59521
1507  ./data/map//01507_guest_room
20168  ./data/map//20168_boss
1409  ./data/map//01409_4th
59718  ./data/map//59718
24069  ./data/map//24069_boss
33222  ./data/map//ex_33222_geki
32048  ./data/map//32048研究中心
60089  ./data/map//bairen60089
47002  ./data/map//CG2_47002_oyabin
43978  ./data/map//CG2_43978_room
3802  ./data/map//03802_room
2804  ./data/map//02804_room
33112  ./data/map//ex_33112_takara
20159  ./data/map//20159_boss
2431  ./data/map//02431_clubmoon
33507  ./data/map//ex_33507_minka
33218  ./data/map//ex_33218_kojima
60080  ./data/map//bairen60080
15553  ./data/map//15553_hai2
60017  ./data/map//bairen60017
43675  ./data/map//CG2_43675_choro
33111  ./data/map//ex_33111_heisya
59842  ./data/map//59842
20120  ./data/map//20120_rastboss
59728  ./data/map//59728
59784  ./data/map//59784
59639  ./data/map//59639
46021  ./data/map//CG2_46021_arukus3_2
46008  ./data/map//CG2_46008_tougi
33259  ./data/map//ex_33259_daining
43174  ./data/map//CG2_43174_room
33287  ./data/map//ex_33287_minka
20163  ./data/map//20163_boss
1187  ./data/map//01187_bigroom
43135  ./data/map//CG2_43135_pub
20102  ./data/map//20102_towerA
15564  ./data/map//15564_hone
59535  ./data/map//59535
20155  ./data/map//20155_boss
24070  ./data/map//24070_boss
59660  ./data/map//59660
59712  ./data/map//59712
2112  ./data/map//02112_sonntyo
59571  ./data/map//59571
32521  ./data/map//32521洞穴
11004  ./data/map//11004_tunnel_D
46002  ./data/map//CG2_46002_souko
33268  ./data/map//ex_33268_shiproom
11031  ./data/map//11031_kodaiju
3100  ./data/map//03100_harbell
43630  ./data/map//CG2_43630_bar
15101  ./data/map//15101_extraA1
3299  ./data/map//03299_gateroom
11040  ./data/map//11040_kodaiju3
43755  ./data/map//CG2_43755_ekken
30108  ./data/map//30108格利工作坊
48006  ./data/map//CG2_48006_venetia
46059  ./data/map//CG2_46059_sisomae1
20302  ./data/map//20302_towerB
59744  ./data/map//59744
30011  ./data/map//30011尼维尔
60007  ./data/map//bairen60007
43540  ./data/map//CG2_43540_sontyou
43800  ./data/map//CG2_43800_elf
2308  ./data/map//02308_bar
59868  ./data/map//59868
43823  ./data/map//CG2_43823_sinkai4
47018  ./data/map//CG2_47018_boss
2307  ./data/map//02307_sozai
1513  ./data/map//01513_kihin
33242  ./data/map//ex_33242_jiken
33103  ./data/map//ex_33103_room2
15566  ./data/map//15566_hone
15533  ./data/map//15533_devi5
15563  ./data/map//15563_kuro4
45011  ./data/map//CG2_45011_sennin
33258  ./data/map//ex_33258_daining
44100  ./data/map//CG2_44100_komatoi
46001  ./data/map//CG2_46001_souko
24057  ./data/map//24057_undertower
11030  ./data/map//11030_take
1411  ./data/map//01411_other
30257  ./data/map//30257运输船
43824  ./data/map//CG2_43824_sinkai5
2254  ./data/map//02254_mondairoom
4211  ./data/map//04211_hos
33267  ./data/map//ex_33267_shiproom
30190  ./data/map//30190内心
4143  ./data/map//04143_room
33256  ./data/map//ex_33256_daining
4408  ./data/map//04408_doukutu
60013  ./data/map//bairen60013
59878  ./data/map//59878
60081  ./data/map//bairen60081
59658  ./data/map//59658
59695  ./data/map//59695
4399  ./data/map//04399_gateroom
2012  ./data/map//02012_sontyo
59995  ./data/map//59995
33251  ./data/map//ex_33251_hanku
30103  ./data/map//30103防具
59702  ./data/map//59702
59619  ./data/map//59619
2010  ./data/map//02010_hos
3000  ./data/map//03000_garuna
24001  ./data/map//24001_shrine
4415  ./data/map//04415_room
5004  ./data/map//05004_gmfloor
59723  ./data/map//59723
24018  ./data/map//24018_boss
2401  ./data/map//02401_soubi
43100  ./data/map//CG2_43100_coral
13002  ./data/map//13002_hill
13021  ./data/map//13021_hokora
40006  ./data/map//ex_40006_sanbasi
24019  ./data/map//24019_undertower
11035  ./data/map//11035_earth02
32505  ./data/map//32505通道
48005  ./data/map//CG2_48005_venetia
24072  ./data/map//24072_boss
4330  ./data/map//04330_room
46053  ./data/map//CG2_46053_asase
59704  ./data/map//59704
46007  ./data/map//CG2_46007_tougi
15525  ./data/map//15525_usi
4141  ./data/map//04141_zakka
47026  ./data/map//CG2_47026_yado
43772  ./data/map//CG2_43772_byositsu2
24015  ./data/map//24015_undertower
14009  ./data/map//14009_doukutu7f
1189  ./data/map//01189_room
59881  ./data/map//59881
33253  ./data/map//ex_33253_hanku
46048  ./data/map//CG2_46048_boss2
4320  ./data/map//04320_room
1420  ./data/map//01420_sugo6
14020  ./data/map//14020_vikingB4
59778  ./data/map//59778
51001  ./data/map//CG2_51001_kuro
30340  ./data/map//30340民宅
59609  ./data/map//59609
20530  ./data/map//20530_towerC
46004  ./data/map//CG2_46004_heisya
33257  ./data/map//ex_33257_daining
33262  ./data/map//ex_33262_shiproom
15588  ./data/map//15588_gran
3214  ./data/map//03214_soroom
3002  ./data/map//03002_acse
33297  ./data/map//ex_33297_minka
37001  ./data/map//ex_37001_perikan2
59656  ./data/map//59656
59679  ./data/map//59679
15585  ./data/map//15585_siroca3
4130  ./data/map//04130_shrine
59692  ./data/map//59692
46012  ./data/map//CG2_46012_heroroom
15562  ./data/map//15562_hai4
59640  ./data/map//59640
15004  ./data/map//15004_tunnel_B
20000  ./data/map//20000_cg
14015  ./data/map//14015_sando
3352  ./data/map//03352_syrman
20513  ./data/map//20513_towerC
30308  ./data/map//30308民房
15567  ./data/map//15567_hone
30128  ./data/map//30128民房
15517  ./data/map//15517_plant
56562  ./data/map//56562
33254  ./data/map//ex_33254_machiai
59898  ./data/map//59898
41014  ./data/map//ex_41014_ship
15523  ./data/map//15523_hyoga_koya
59001  ./data/map//ex_59001_sanbasi
13005  ./data/map//13005hill
43982  ./data/map//CG2_43982_mdun3
48008  ./data/map//CG2_48008_venetia
1808  ./data/map//01808_room
33270  ./data/map//ex_33270_shiproom
3300  ./data/map//03300_harbelground
59657  ./data/map//59657
1485  ./data/map//01485_ura
24036  ./data/map//24036_undertower
43751  ./data/map//CG2_43751_sinden2
59504  ./data/map//59504
21003  ./data/map//21003_warehouse
13018  ./data/map//13018_hokora
47024  ./data/map//CG2_47024_eda
15524  ./data/map//15524_usi
59700  ./data/map//59700
2258  ./data/map//02258_mondairoom
59675  ./data/map//59675
1092  ./data/map//01092_guild
1157  ./data/map//01157_room
33264  ./data/map//ex_33264_shiproom
59641  ./data/map//59641
59551  ./data/map//59551
5007  ./data/map//05007_room
1153  ./data/map//01153_room
21011  ./data/map//21011_mirrorroom
11021  ./data/map//11021_kobizen
33245  ./data/map//ex_33245_jiken
59502  ./data/map//59502
45000  ./data/map//CG2_45000_sennin
14037  ./data/map//14037_vikingboss3
15202  ./data/map//15202_extraB2
20306  ./data/map//20306_towerB
33108  ./data/map//ex_33108_king
21500  ./data/map//21500_rouya
60041  ./data/map//bairen60041
20119  ./data/map//20119_towerA
15530  ./data/map//15530_usi
43900  ./data/map//CG2_43900_mainy
43187  ./data/map//CG2_43187_room
24038  ./data/map//24038_boss
1521  ./data/map//01521_castle2
59620  ./data/map//59620
24025  ./data/map//24025_undertower
11501  ./data/map//11501_caveA
59750  ./data/map//59750
1302  ./data/map//01302_theater
48020  ./data/map//CG2_48020_venetia
30101  ./data/map//30101宝石店
59776  ./data/map//59776
24029  ./data/map//24029_undertower
59879  ./data/map//59879
41011  ./data/map//ex_41011_ship
30112  ./data/map//30112食品店
4411  ./data/map//04411_room
59807  ./data/map//59807
30334  ./data/map//30334餐厅
41015  ./data/map//ex_41015_ship
59815  ./data/map//59815
59888  ./data/map//59888
59897  ./data/map//59897
4455  ./data/map//04455_souko
13003  ./data/map//13003_hill
33250  ./data/map//ex_33250_syoutai
11027  ./data/map//11027_caveA
33232  ./data/map//ex_33232_be-ta
33265  ./data/map//ex_33265_ship
5009  ./data/map//05009_candy
33271  ./data/map//ex_33271_shiproom
59614  ./data/map//59614
60030  ./data/map//bairen60030
43218  ./data/map//CG2_43218_white
30358  ./data/map//30358前哨
59806  ./data/map//59806
1103  ./data/map//01103
3353  ./data/map//03353_syrman
15516  ./data/map//15516_sontyo
20518  ./data/map//20518_towerC
1156  ./data/map//01156_bety
4423  ./data/map//04423_katiku
11023  ./data/map//11023_seodoa
5008  ./data/map//05008_candy
14012  ./data/map//14012_sando
60029  ./data/map//bairen60029
24058  ./data/map//24058_boss
15005  ./data/map//15005_tunnel_B
60092  ./data/map//bairen60092
59892  ./data/map//59892
20428  ./data/map//20428_towerC
37009  ./data/map//ex_37009_jail01
60019  ./data/map//bairen60019
46023  ./data/map//CG2_46023_kyaku2
2221  ./data/map//02221_room
46038  ./data/map//CG2_46038_school_ent
24030  ./data/map//24030_undertower
59645  ./data/map//59645
60047  ./data/map//bairen60047
21005  ./data/map//21005_bigroom
33295  ./data/map//ex_33295_shiproom
1488  ./data/map//01488_ura
59713  ./data/map//59713
59745  ./data/map//59745
59705  ./data/map//59705
43775  ./data/map//CG2_43775_hokankoent
15543  ./data/map//15543_undine
2302  ./data/map//02302_room
1155  ./data/map//01155_yamahouse
24052  ./data/map//24052_undertower
2399  ./data/map//02399_gateroom
32030  ./data/map//32030储藏室
3351  ./data/map//03351_shrman
59754  ./data/map//59754
60088  ./data/map//bairen60088
40002  ./data/map//ex_40002_sanbasi
888  ./data/map//888_testfloor
4407  ./data/map//04407_doukutu
43131  ./data/map//CG2_43131_tougi
16500  ./data/map//16500_hokora
32031  ./data/map//32031画室
60064  ./data/map//bairen60064
43165  ./data/map//CG2_43165_zakka
24041  ./data/map//24041_undertower
59884  ./data/map//59884
21000  ./data/map//21000_warehouse
59604  ./data/map//59604
59560  ./data/map//59560
60004  ./data/map//bairen60004
33249  ./data/map//ex_33249_syoutai
15511  ./data/map//15511_fireplace
59666  ./data/map//59666
33105  ./data/map//ex_33105_room4
20104  ./data/map//20104_towerA
30301  ./data/map//30301医院
46009  ./data/map//CG2_46009_pub
47011  ./data/map//CG2_47011_forest02
59821  ./data/map//59821
20112  ./data/map//20112_towerA
33234  ./data/map//ex_33234_ribaibu
1460  ./data/map//01460_ura
2311  ./data/map//02311_hos
59100  ./data/map//ex_59100_ship
30264  ./data/map//30264民房
1408  ./data/map//01408_3rd
15303  ./data/map//15303_viking
47006  ./data/map//CG2_47006_lemoor_top
33610  ./data/map//ex_33610_boss2
43756  ./data/map//CG2_43756_seizyo
60032  ./data/map//bairen60032
59870  ./data/map//59870
37008  ./data/map//ex_37008_kohan
33504  ./data/map//ex_33504_minka
33276  ./data/map//ex_33276_shiproom
1192  ./data/map//01192_room
43178  ./data/map//CG2_43178_room
59808  ./data/map//59808
59520  ./data/map//59520
2212  ./data/map//02212_sontyo
35009  ./data/map//ex_35009_boss1
59846  ./data/map//59846
4432  ./data/map//04432_musicroom
34014  ./data/map//ex_34014_kaikyo02
21014  ./data/map//21014_ninjayasiki-1f
4201  ./data/map//04201_nighttina
3001  ./data/map//03001_soubi
15558  ./data/map//15558_kuro0
16502  ./data/map//16502_B_dungeon
48022  ./data/map//CG2_48022_venetia
14010  ./data/map//14010_sando
30115  ./data/map//30115总部
33600  ./data/map//ex_33600_iseki
4409  ./data/map//04409_doukutu
1188  ./data/map//01188_bigroom
24054  ./data/map//24054_undertower
30102  ./data/map//30102银行
1530  ./data/map//01530_birthplace-01
48021  ./data/map//CG2_48021_venetia
2111  ./data/map//02111_hos
20108  ./data/map//20108_towerA
43572  ./data/map//CG2_43572_room
32511  ./data/map//32511里欧波多
43530  ./data/map//CG2_43530_bar
1062  ./data/map//01062_food2
16514  ./data/map//16514_oldcastle
59685  ./data/map//59685
1504  ./data/map//01504_Depository
1476  ./data/map//01476_ura
15596  ./data/map//15596_fdun16
20111  ./data/map//20111_towerA
33514  ./data/map//ex_33514_mahou
45008  ./data/map//CG2_45008_sennin
34017  ./data/map//ex_34017_taijuchika1
46060  ./data/map//CG2_46060_sisomae1
51014  ./data/map//CG2_51014_kurob8
15011  ./data/map//15011_gmroom
4801  ./data/map//04801
14014  ./data/map//14014_sando
30125  ./data/map//30125民房
59719  ./data/map//59719
59632  ./data/map//59632
60043  ./data/map//bairen60043
60085  ./data/map//bairen60085
43670  ./data/map//CG2_43670_room
33290  ./data/map//ex_33290_minka
47015  ./data/map//CG2_47015_white
4145  ./data/map//04145_room
59633  ./data/map//59633
23604  ./data/map//23604_kakutou
11037  ./data/map//11037_earth04
30214  ./data/map//30214战备
60018  ./data/map//bairen60018
3805  ./data/map//03805_room
30107  ./data/map//30107卡片
1502  ./data/map//01502_Cuisine
59785  ./data/map//59785
2013  ./data/map//02013_room
33505  ./data/map//ex_33505_minka
222  ./data/map//222_ukrum
43181  ./data/map//CG2_43181_room
59850  ./data/map//59850
60066  ./data/map//bairen60066
1204  ./data/map//01204_souko
33228  ./data/map//ex_33228_mujin
24073  ./data/map//24073_boss
21010  ./data/map//21010_bigroom3f
1421  ./data/map//01421_sugo6
30268  ./data/map//30268克瑞村传
2213  ./data/map//02213_kura
2259  ./data/map//02259_mondairoom
33513  ./data/map//ex_33513_bougu
36001  ./data/map//ex_36001_bran_mid
13506  ./data/map//13506_syokudou
41021  ./data/map//ex_41021_toriton
48018  ./data/map//CG2_48018_venetia
1804  ./data/map//01804_room
59671  ./data/map//59671
21021  ./data/map//21021_ninjayasiki-exit
20116  ./data/map//20116_towerA
60084  ./data/map//bairen60084
33503  ./data/map//ex_33503_minka
2306  ./data/map//02306_syokuryo
24032  ./data/map//24032_undertower
43215  ./data/map//CG2_43215_white
15582  ./data/map//15582_grapass_s
43811  ./data/map//CG2_43811_elf
60022  ./data/map//bairen60022
1801  ./data/map//01801_room
6200  ./data/map//06200_willnoa
1482  ./data/map//01482_ura
4430  ./data/map//04430_jikenroom
33273  ./data/map//ex_33273_shiproom
21009  ./data/map//21009mirrorroom2f
59812  ./data/map//59812
59721  ./data/map//59721
43730  ./data/map//CG2_43730_choro
3354  ./data/map//03354_shrman
60109  ./data/map//60109百人90层领奖
24074  ./data/map//24074_boss
59563  ./data/map//59563
46033  ./data/map//CG2_46033_room3
34013  ./data/map//ex_34013_kaikyo01
20512  ./data/map//20512_towerC
11022  ./data/map//11022_tunnel_C
47005  ./data/map//CG2_47005_lemoor_mid
13006  ./data/map//13006_hill
46039  ./data/map//CG2_46039_mission1
59847  ./data/map//59847
33281  ./data/map//ex_33281_ship
33201  ./data/map//ex_33201_bar
20527  ./data/map//20527_towerC
15527  ./data/map//15527_usi
43977  ./data/map//CG2_43977_room
4413  ./data/map//04413_room
59731  ./data/map//59731
15555  ./data/map//15555_kuro3
59717  ./data/map//59717
60052  ./data/map//bairen60052
60110  ./data/map//60110百人99层领奖
59538  ./data/map//59538
47031  ./data/map//CG2_47031_forest11
34018  ./data/map//ex_34018_taijuchika2
59818  ./data/map//59818
59883  ./data/map//59883
49001  ./data/map//CG2_49001_venetia
4406  ./data/map//04406_doukutu
3201  ./data/map//03201_soubi
59649  ./data/map//59649
1465  ./data/map//01465_ura
43822  ./data/map//CG2_43822_sinkai3
20505  ./data/map//20505_towerC
59893  ./data/map//59893
59519  ./data/map//59519
60001  ./data/map//bairen60001
51103  ./data/map//CG2_51103_gyokuza1
20154  ./data/map//20154_boss
43812  ./data/map//CG2_43812_elf
33213  ./data/map//ex_33213_magic
59737  ./data/map//59737
11018  ./data/map//11018_usi_C
3208  ./data/map//03208_pub
51009  ./data/map//CG2_51009_kurob3
43973  ./data/map//CG2_43973_room
30267  ./data/map//30267村长家
882  ./data/map//882_万能就职
15522  ./data/map//15522_hyoga
46018  ./data/map//CG2_46018_arukus3
59844  ./data/map//59844
24000  ./data/map//24000_shrine
302  ./data/map//00302_umi
11025  ./data/map//11025_caveA
59727  ./data/map//59727
4209  ./data/map//04209_pub
2800  ./data/map//02800_room
15509  ./data/map//15509_bigroom
2250  ./data/map//02250_jinbatiroom
33509  ./data/map//ex_33509_minka
20157  ./data/map//20157_boss
33226  ./data/map//ex_33226_mujin
59856  ./data/map//59856
1456  ./data/map//01456_ura
2001  ./data/map//02001_bukibougu
1860  ./data/map//01860_apartment_B
34005  ./data/map//ex_34005_wadatumi
59537  ./data/map//59537
59553  ./data/map//59553
778  ./data/map//778W
59836  ./data/map//59836
41007  ./data/map//ex_41007_shiproom
21015  ./data/map//21015_ninjaroom-a
59654  ./data/map//59654
41013  ./data/map//ex_41013_shiproom
30204  ./data/map//30204医院
34008  ./data/map//ex_34008_taizyu
20121  ./data/map//20121_rastboss
15572  ./data/map//15572_gran
33237  ./data/map//ex_33237_ribaibu
59889  ./data/map//59889
11019  ./data/map//11019_usi_D
60035  ./data/map//bairen60035
1152  ./data/map//01152_room
41026  ./data/map//ex_41026_taitania
11016  ./data/map//11016_usi_A
14018  ./data/map//14018_vikingB6
20107  ./data/map//20107_towerA
13500  ./data/map//13500_n_doukutu
4806  ./data/map//04806
2225  ./data/map//02225_room
59832  ./data/map//59832
15521  ./data/map//15521_kasumi
46056  ./data/map//CG2_46056_lake
35007  ./data/map//ex_35007_anim
43830  ./data/map//CG2_43830_boss
4232  ./data/map//04232_nightgateroom
59864  ./data/map//59864
59670  ./data/map//59670
2410  ./data/map//02410_hos
11024  ./data/map//11024_viking
59544  ./data/map//59544
59894  ./data/map//59894
59622  ./data/map//59622
14016  ./data/map//14016_sando
14008  ./data/map//14008_doukutu6f
1190  ./data/map//01190_room
41012  ./data/map//ex_41012_shiproom
14001  ./data/map//14001_tunnel_F
4312  ./data/map//04312_sontyo
59740  ./data/map//59740
59555  ./data/map//59555
59729  ./data/map//59729
43752  ./data/map//CG2_43752_sinden3
32523  ./data/map//32523洞穴
59524  ./data/map//59524
11029  ./data/map//11029_take
33283  ./data/map//ex_33283_minka
16511  ./data/map//16511_oldcastle
30122  ./data/map//30122民房
33120  ./data/map//ex_33120_sirochika3
21002  ./data/map//21002_warehouse
33231  ./data/map//ex_33231_mujin
1181  ./data/map//01181_room
2811  ./data/map//02811_pons
48001  ./data/map//CG2_48001_venetia
60067  ./data/map//bairen60067
24043  ./data/map//24043_undertower
59650  ./data/map//59650
1522  ./data/map//01522_castle3
59875  ./data/map//59875
4402  ./data/map//04402_b1
1538  ./data/map//01538_tutor3
15573  ./data/map//15573_gran
47013  ./data/map//CG2_47013_forest03
4220  ./data/map//04220_room
23500  ./data/map//23500_simitu
43110  ./data/map//CG2_43110_hos
1489  ./data/map//01489_ura
46005  ./data/map//CG2_46005_coral
20164  ./data/map//20164_boss
20514  ./data/map//20514_towerC
59618  ./data/map//59618
1191  ./data/map//01191_room
718  ./data/map//718_blackroot
14022  ./data/map//14022_vikingB2
11026  ./data/map//11026_caveA
43183  ./data/map//CG2_43183_school
50000  ./data/map//CG2_50000_nosfertus
15203  ./data/map//15203_viking
33292  ./data/map//ex_33292_minka
59683  ./data/map//59683
60107  ./data/map//60107百人70层领奖
24024  ./data/map//24024_undertower
33608  ./data/map//ex_33608_iseki
4804  ./data/map//04804
20519  ./data/map//20519_towerC
43676  ./data/map//CG2_43676_choro
43186  ./data/map//CG2_43186_room
15556  ./data/map//15556_hai3
59162  ./data/map//59162_技能屋
20303  ./data/map//20303_towerB
2806  ./data/map//02806_room
59000  ./data/map//ex_59000_sanbasi
35000  ./data/map//ex_35000_isekient
43151  ./data/map//CG2_43151_heisya
15600  ./data/map//15600_nazo
15538  ./data/map//15538_devi5
59822  ./data/map//59822
33001  ./data/map//33001
51015  ./data/map//CG2_51015_kurob9
15565  ./data/map//15565_hone
1540  ./data/map//01540_robi
30261  ./data/map//30261医院
21019  ./data/map//21019_ninjayasiki-3f
1061  ./data/map//01061_food1
33296  ./data/map//ex_33296_ship
46019  ./data/map//CG2_46019_arukus4
15000  ./data/map//15000_tunnel_A
20308  ./data/map//20308_towerB
15577  ./data/map//15577_midorikako
46026  ./data/map//CG2_46026_night
1452  ./data/map//01452_ura
48019  ./data/map//CG2_48019_venetia
3212  ./data/map//03212_sontyo
4100  ./data/map//04100_asteria
33274  ./data/map//ex_33274_shiproom
51011  ./data/map//CG2_51011_kurob5
30331  ./data/map//30331医院
46030  ./data/map//CG2_46030_rouka
43188  ./data/map//CG2_43188_room
33284  ./data/map//ex_33284_minka
444  ./data/map//444_testfloor
30203  ./data/map//30203尼维尔传
59819  ./data/map//59819
20110  ./data/map//20110_towerA
4404  ./data/map//04404_doukutu
59896  ./data/map//59896
59857  ./data/map//59857
43974  ./data/map//CG2_43974_room
4310  ./data/map//04310_hos
59735  ./data/map//59735
46057  ./data/map//CG2_46057_dunexit
1159  ./data/map//01159_room
13511  ./data/map//13511_syocyo00
59742  ./data/map//59742
46065  ./data/map//CG2_46065_kanpan
20310  ./data/map//20310_towerB
20118  ./data/map//20118_towerA
59500  ./data/map//59500
881  ./data/map//881_三凤中街
59534  ./data/map//59534
33246  ./data/map//ex_33246_yamamomo
51007  ./data/map//CG2_51007_kurob1
20158  ./data/map//20158_boss
59707  ./data/map//59707
1487  ./data/map//01487_ura
13008  ./data/map//13008_hill
43610  ./data/map//CG2_43610_hos
2805  ./data/map//02805_room
23001  ./data/map//23001_raurence
24046  ./data/map//24046_undertower
59741  ./data/map//59741
1500  ./data/map//01500_court
1  ./data/material_map//1
2  ./data/material_map//2
1  store/dungeon//1_312
1  store/dungeon//1_1067
1  store/dungeon//1_139
1  store/dungeon//1_1175
1  store/dungeon//1_447
1  store/dungeon//1_460
1  store/dungeon//1_754
1  store/dungeon//1_39
1  store/dungeon//1_873
1  store/dungeon//1_1216
1  store/dungeon//1_485
1  store/dungeon//1_758
1  store/dungeon//1_181
1  store/dungeon//1_1065
1  store/dungeon//1_276
1  store/dungeon//1_1201
1  store/dungeon//1_609
1  store/dungeon//1_649
1  store/dungeon//1_864
1  store/dungeon//1_736
1  store/dungeon//1_867
1  store/dungeon//1_646
1  store/dungeon//1_61
1  store/dungeon//1_775
1  store/dungeon//1_779
1  store/dungeon//1_1097
1  store/dungeon//1_244
1  store/dungeon//1_264
1  store/dungeon//1_1072
1  store/dungeon//1_790
1  store/dungeon//1_720
1  store/dungeon//1_93
1  store/dungeon//1_162
1  store/dungeon//1_767
1  store/dungeon//1_910
1  store/dungeon//1_616
1  store/dungeon//1_80
1  store/dungeon//1_1209
1  store/dungeon//1_75
1  store/dungeon//1_1198
1  store/dungeon//1_1156
1  store/dungeon//1_488
1  store/dungeon//1_1005
1  store/dungeon//1_296
1  store/dungeon//1_861
1  store/dungeon//1_1017
1  store/dungeon//1_1147
1  store/dungeon//1_725
1  store/dungeon//1_838
1  store/dungeon//1_464
1  store/dungeon//1_452
1  store/dungeon//1_303
1  store/dungeon//1_683
1  store/dungeon//1_973
1  store/dungeon//1_498
1  store/dungeon//1_590
1  store/dungeon//1_399
1  store/dungeon//1_458
1  store/dungeon//1_274
1  store/dungeon//1_225
1  store/dungeon//1_580
1  store/dungeon//1_1128
1  store/dungeon//1_915
1  store/dungeon//1_912
1  store/dungeon//1_330
1  store/dungeon//1_375
1  store/dungeon//1_1088
1  store/dungeon//1_738
1  store/dungeon//1_384
1  store/dungeon//1_1039
1  store/dungeon//1_203
1  store/dungeon//1_1002
1  store/dungeon//1_681
1  store/dungeon//1_292
1  store/dungeon//1_1028
1  store/dungeon//1_538
1  store/dungeon//1_1158
1  store/dungeon//1_1079
1  store/dungeon//1_1203
1  store/dungeon//1_99
1  store/dungeon//1_1167
1  store/dungeon//1_583
1  store/dungeon//1_146
1  store/dungeon//1_436
1  store/dungeon//1_764
1  store/dungeon//1_161
1  store/dungeon//1_1068
1  store/dungeon//1_582
1  store/dungeon//1_926
1  store/dungeon//1_25
1  store/dungeon//1_465
1  store/dungeon//1_198
1  store/dungeon//1_1139
1  store/dungeon//1_697
1  store/dungeon//1_734
1  store/dungeon//1_405
1  store/dungeon//1_983
1  store/dungeon//1_24
1  store/dungeon//1_114
1  store/dungeon//1_164
1  store/dungeon//1_666
1  store/dungeon//1_185
1  store/dungeon//1_869
1  store/dungeon//1_110
1  store/dungeon//1_347
1  store/dungeon//1_336
1  store/dungeon//1_931
1  store/dungeon//1_1136
1  store/dungeon//1_425
1  store/dungeon//1_850
1  store/dungeon//1_444
1  store/dungeon//1_381
1  store/dungeon//1_947
1  store/dungeon//1_576
1  store/dungeon//1_1127
1  store/dungeon//1_213
1  store/dungeon//1_154
1  store/dungeon//1_694
1  store/dungeon//1_394
1  store/dungeon//1_275
1  store/dungeon//1_735
1  store/dungeon//1_798
1  store/dungeon//1_1058
1  store/dungeon//1_1015
1  store/dungeon//1_285
1  store/dungeon//1_776
1  store/dungeon//1_1027
1  store/dungeon//1_47
1  store/dungeon//1_201
1  store/dungeon//1_1172
1  store/dungeon//1_880
1  store/dungeon//1_545
1  store/dungeon//1_591
1  store/dungeon//1_30
1  store/dungeon//1_298
1  store/dungeon//1_176
1  store/dungeon//1_921
1  store/dungeon//1_813
1  store/dungeon//1_65
1  store/dungeon//1_260
1  store/dungeon//1_608
1  store/dungeon//1_586
1  store/dungeon//1_599
1  store/dungeon//1_1116
1  store/dungeon//1_1125
1  store/dungeon//1_987
1  store/dungeon//1_157
1  store/dungeon//1_968
1  store/dungeon//1_445
1  store/dungeon//1_1109
1  store/dungeon//1_1083
1  store/dungeon//1_787
1  store/dungeon//1_556
1  store/dungeon//1_494
1  store/dungeon//1_765
1  store/dungeon//1_759
1  store/dungeon//1_957
1  store/dungeon//1_1060
1  store/dungeon//1_822
1  store/dungeon//1_241
1  store/dungeon//1_899
1  store/dungeon//1_58
1  store/dungeon//1_85
1  store/dungeon//1_544
1  store/dungeon//1_170
1  store/dungeon//1_860
1  store/dungeon//1_346
1  store/dungeon//1_825
1  store/dungeon//1_719
1  store/dungeon//1_830
1  store/dungeon//1_967
1  store/dungeon//1_337
1  store/dungeon//1_390
1  store/dungeon//1_714
1  store/dungeon//1_362
1  store/dungeon//1_120
1  store/dungeon//1_1110
1  store/dungeon//1_172
1  store/dungeon//1_1022
1  store/dungeon//1_393
1  store/dungeon//1_2
1  store/dungeon//1_439
1  store/dungeon//1_654
1  store/dungeon//1_365
1  store/dungeon//1_929
1  store/dungeon//1_131
1  store/dungeon//1_866
1  store/dungeon//1_187
1  store/dungeon//1_817
1  store/dungeon//1_695
1  store/dungeon//1_20
1  store/dungeon//1_475
1  store/dungeon//1_63
1  store/dungeon//1_916
1  store/dungeon//1_950
1  store/dungeon//1_721
1  store/dungeon//1_188
1  store/dungeon//1_69
1  store/dungeon//1_512
1  store/dungeon//1_310
1  store/dungeon//1_258
1  store/dungeon//1_855
1  store/dungeon//1_773
1  store/dungeon//1_432
1  store/dungeon//1_293
1  store/dungeon//1_585
1  store/dungeon//1_117
1  store/dungeon//1_756
1  store/dungeon//1_1168
1  store/dungeon//1_1048
1  store/dungeon//1_543
1  store/dungeon//1_103
1  store/dungeon//1_272
1  store/dungeon//1_601
1  store/dungeon//1_1070
1  store/dungeon//1_804
1  store/dungeon//1_703
1  store/dungeon//1_321
1  store/dungeon//1_1190
1  store/dungeon//1_398
1  store/dungeon//1_670
1  store/dungeon//1_214
1  store/dungeon//1_132
1  store/dungeon//1_747
1  store/dungeon//1_409
1  store/dungeon//1_1038
1  store/dungeon//1_423
1  store/dungeon//1_999
1  store/dungeon//1_325
1  store/dungeon//1_1036
1  store/dungeon//1_1212
1  store/dungeon//1_56
1  store/dungeon//1_898
1  store/dungeon//1_936
1  store/dungeon//1_1061
1  store/dungeon//1_713
1  store/dungeon//1_610
1  store/dungeon//1_295
1  store/dungeon//1_22
1  store/dungeon//1_459
1  store/dungeon//1_1037
1  store/dungeon//1_367
1  store/dungeon//1_1034
1  store/dungeon//1_922
1  store/dungeon//1_546
1  store/dungeon//1_382
1  store/dungeon//1_28
1  store/dungeon//1_939
1  store/dungeon//1_677
1  store/dungeon//1_140
1  store/dungeon//1_1202
1  store/dungeon//1_871
1  store/dungeon//1_768
1  store/dungeon//1_1171
1  store/dungeon//1_989
1  store/dungeon//1_219
1  store/dungeon//1_229
1  store/dungeon//1_72
1  store/dungeon//1_605
1  store/dungeon//1_1184
1  store/dungeon//1_708
1  store/dungeon//1_574
1  store/dungeon//1_962
1  store/dungeon//1_127
1  store/dungeon//1_702
1  store/dungeon//1_83
1  store/dungeon//1_1052
1  store/dungeon//1_200
1  store/dungeon//1_655
1  store/dungeon//1_16
1  store/dungeon//1_299
1  store/dungeon//1_149
1  store/dungeon//1_863
1  store/dungeon//1_1211
1  store/dungeon//1_495
1  store/dungeon//1_679
1  store/dungeon//1_1217
1  store/dungeon//1_1066
1  store/dungeon//1_76
1  store/dungeon//1_314
1  store/dungeon//1_1107
1  store/dungeon//1_924
1  store/dungeon//1_261
1  store/dungeon//1_429
1  store/dungeon//1_1076
1  store/dungeon//1_121
1  store/dungeon//1_561
1  store/dungeon//1_592
1  store/dungeon//1_428
1  store/dungeon//1_665
1  store/dungeon//1_643
1  store/dungeon//1_535
1  store/dungeon//1_410
1  store/dungeon//1_341
1  store/dungeon//1_147
1  store/dungeon//1_727
1  store/dungeon//1_377
1  store/dungeon//1_542
1  store/dungeon//1_483
1  store/dungeon//1_1194
1  store/dungeon//1_1180
1  store/dungeon//1_437
1  store/dungeon//1_718
1  store/dungeon//1_221
1  store/dungeon//1_481
1  store/dungeon//1_587
1  store/dungeon//1_523
1  store/dungeon//1_908
1  store/dungeon//1_283
1  store/dungeon//1_1089
1  store/dungeon//1_1185
1  store/dungeon//1_894
1  store/dungeon//1_84
1  store/dungeon//1_707
1  store/dungeon//1_827
1  store/dungeon//1_1174
1  store/dungeon//1_1053
1  store/dungeon//1_1148
1  store/dungeon//1_430
1  store/dungeon//1_1230
1  store/dungeon//1_87
1  store/dungeon//1_942
1  store/dungeon//1_167
1  store/dungeon//1_814
1  store/dungeon//1_1228
1  store/dungeon//1_750
1  store/dungeon//1_491
1  store/dungeon//1_571
1  store/dungeon//1_73
1  store/dungeon//1_352
1  store/dungeon//1_418
1  store/dungeon//1_519
1  store/dungeon//1_339
1  store/dungeon//1_550
1  store/dungeon//1_431
1  store/dungeon//1_623
1  store/dungeon//1_406
1  store/dungeon//1_82
1  store/dungeon//1_1085
1  store/dungeon//1_345
1  store/dungeon//1_33
1  store/dungeon//1_408
1  store/dungeon//1_106
1  store/dungeon//1_351
1  store/dungeon//1_685
1  store/dungeon//1_704
1  store/dungeon//1_618
1  store/dungeon//1_486
1  store/dungeon//1_434
1  store/dungeon//1_29
1  store/dungeon//1_870
1  store/dungeon//1_420
1  store/dungeon//1_45
1  store/dungeon//1_191
1  store/dungeon//1_629
1  store/dungeon//1_783
1  store/dungeon//1_1063
1  store/dungeon//1_786
1  store/dungeon//1_334
1  store/dungeon//1_169
1  store/dungeon//1_361
1  store/dungeon//1_658
1  store/dungeon//1_449
1  store/dungeon//1_956
1  store/dungeon//1_914
1  store/dungeon//1_594
1  store/dungeon//1_1113
1  store/dungeon//1_502
1  store/dungeon//1_1181
1  store/dungeon//1_832
1  store/dungeon//1_308
1  store/dungeon//1_1173
1  store/dungeon//1_236
1  store/dungeon//1_879
1  store/dungeon//1_55
1  store/dungeon//1_510
1  store/dungeon//1_1041
1  store/dungeon//1_997
1  store/dungeon//1_965
1  store/dungeon//1_852
1  store/dungeon//1_633
1  store/dungeon//1_1046
1  store/dungeon//1_1117
1  store/dungeon//1_833
1  store/dungeon//1_808
1  store/dungeon//1_919
1  store/dungeon//1_821
1  store/dungeon//1_669
1  store/dungeon//1_32
1  store/dungeon//1_876
1  store/dungeon//1_135
1  store/dungeon//1_1006
1  store/dungeon//1_311
1  store/dungeon//1_396
1  store/dungeon//1_204
1  store/dungeon//1_763
1  store/dungeon//1_902
1  store/dungeon//1_676
1  store/dungeon//1_640
1  store/dungeon//1_51
1  store/dungeon//1_102
1  store/dungeon//1_777
1  store/dungeon//1_218
1  store/dungeon//1_116
1  store/dungeon//1_644
1  store/dungeon//1_269
1  store/dungeon//1_277
1  store/dungeon//1_246
1  store/dungeon//1_257
1  store/dungeon//1_10
1  store/dungeon//1_307
1  store/dungeon//1_1163
1  store/dungeon//1_331
1  store/dungeon//1_18
1  store/dungeon//1_901
1  store/dungeon//1_1169
1  store/dungeon//1_113
1  store/dungeon//1_159
1  store/dungeon//1_563
1  store/dungeon//1_1221
1  store/dungeon//1_1094
1  store/dungeon//1_133
1  store/dungeon//1_548
1  store/dungeon//1_752
1  store/dungeon//1_250
1  store/dungeon//1_805
1  store/dungeon//1_454
1  store/dungeon//1_1205
1  store/dungeon//1_598
1  store/dungeon//1_150
1  store/dungeon//1_1193
1  store/dungeon//1_923
1  store/dungeon//1_552
1  store/dungeon//1_984
1  store/dungeon//1_240
1  store/dungeon//1_280
1  store/dungeon//1_1135
1  store/dungeon//1_715
1  store/dungeon//1_401
1  store/dungeon//1_472
1  store/dungeon//1_476
1  store/dungeon//1_774
1  store/dungeon//1_94
1  store/dungeon//1_100
1  store/dungeon//1_885
1  store/dungeon//1_890
1  store/dungeon//1_363
1  store/dungeon//1_1084
1  store/dungeon//1_994
1  store/dungeon//1_593
1  store/dungeon//1_122
1  store/dungeon//1_259
1  store/dungeon//1_207
1  store/dungeon//1_698
1  store/dungeon//1_329
1  store/dungeon//1_271
1  store/dungeon//1_567
1  store/dungeon//1_678
1  store/dungeon//1_889
1  store/dungeon//1_129
1  store/dungeon//1_675
1  store/dungeon//1_386
1  store/dungeon//1_1009
1  store/dungeon//1_746
1  store/dungeon//1_722
1  store/dungeon//1_35
1  store/dungeon//1_810
1  store/dungeon//1_71
1  store/dungeon//1_946
1  store/dungeon//1_986
1  store/dungeon//1_1025
1  store/dungeon//1_189
1  store/dungeon//1_248
1  store/dungeon//1_419
1  store/dungeon//1_682
1  store/dungeon//1_215
1  store/dungeon//1_262
1  store/dungeon//1_402
1  store/dungeon//1_874
1  store/dungeon//1_760
1  store/dungeon//1_509
1  store/dungeon//1_1108
1  store/dungeon//1_1164
1  store/dungeon//1_142
1  store/dungeon//1_886
1  store/dungeon//1_521
1  store/dungeon//1_920
1  store/dungeon//1_934
1  store/dungeon//1_651
1  store/dungeon//1_958
1  store/dungeon//1_202
1  store/dungeon//1_963
1  store/dungeon//1_364
1  store/dungeon//1_397
1  store/dungeon//1_878
1  store/dungeon//1_624
1  store/dungeon//1_959
1  store/dungeon//1_68
1  store/dungeon//1_501
1  store/dungeon//1_891
1  store/dungeon//1_1043
1  store/dungeon//1_1019
1  store/dungeon//1_846
1  store/dungeon//1_165
1  store/dungeon//1_933
1  store/dungeon//1_1141
1  store/dungeon//1_1
1  store/dungeon//1_1218
1  store/dungeon//1_1073
1  store/dungeon//1_1206
1  store/dungeon//1_500
1  store/dungeon//1_1069
1  store/dungeon//1_136
1  store/dungeon//1_209
1  store/dungeon//1_560
1  store/dungeon//1_1166
1  store/dungeon//1_1124
1  store/dungeon//1_941
1  store/dungeon//1_660
1  store/dungeon//1_600
1  store/dungeon//1_288
1  store/dungeon//1_617
1  store/dungeon//1_177
1  store/dungeon//1_699
1  store/dungeon//1_996
1  store/dungeon//1_315
1  store/dungeon//1_78
1  store/dungeon//1_1183
1  store/dungeon//1_906
1  store/dungeon//1_1214
1  store/dungeon//1_835
1  store/dungeon//1_1215
1  store/dungeon//1_128
1  store/dungeon//1_641
1  store/dungeon//1_232
1  store/dungeon//1_785
1  store/dungeon//1_463
1  store/dungeon//1_493
1  store/dungeon//1_490
1  store/dungeon//1_1026
1  store/dungeon//1_414
1  store/dungeon//1_656
1  store/dungeon//1_937
1  store/dungeon//1_380
1  store/dungeon//1_247
1  store/dungeon//1_385
1  store/dungeon//1_836
1  store/dungeon//1_877
1  store/dungeon//1_143
1  store/dungeon//1_273
1  store/dungeon//1_319
1  store/dungeon//1_27
1  store/dungeon//1_21
1  store/dungeon//1_792
1  store/dungeon//1_634
1  store/dungeon//1_976
1  store/dungeon//1_811
1  store/dungeon//1_457
1  store/dungeon//1_554
1  store/dungeon//1_400
1  store/dungeon//1_520
1  store/dungeon//1_794
1  store/dungeon//1_1223
1  store/dungeon//1_297
1  store/dungeon//1_354
1  store/dungeon//1_1080
1  store/dungeon//1_964
1  store/dungeon//1_1140
1  store/dungeon//1_668
1  store/dungeon//1_252
1  store/dungeon//1_1018
1  store/dungeon//1_553
1  store/dungeon//1_517
1  store/dungeon//1_1154
1  store/dungeon//1_174
1  store/dungeon//1_1178
1  store/dungeon//1_237
1  store/dungeon//1_522
1  store/dungeon//1_88
1  store/dungeon//1_534
1  store/dungeon//1_355
1  store/dungeon//1_487
1  store/dungeon//1_1137
1  store/dungeon//1_620
1  store/dungeon//1_630
1  store/dungeon//1_527
1  store/dungeon//1_731
1  store/dungeon//1_435
1  store/dungeon//1_1200
1  store/dungeon//1_853
1  store/dungeon//1_1122
1  store/dungeon//1_907
1  store/dungeon//1_730
1  store/dungeon//1_1045
1  store/dungeon//1_589
1  store/dungeon//1_243
1  store/dungeon//1_1162
1  store/dungeon//1_508
1  store/dungeon//1_478
1  store/dungeon//1_125
1  store/dungeon//1_324
1  store/dungeon//1_851
1  store/dungeon//1_416
1  store/dungeon//1_909
1  store/dungeon//1_1081
1  store/dungeon//1_388
1  store/dungeon//1_716
1  store/dungeon//1_467
1  store/dungeon//1_108
1  store/dungeon//1_1051
1  store/dungeon//1_1210
1  store/dungeon//1_1023
1  store/dungeon//1_373
1  store/dungeon//1_387
1  store/dungeon//1_1157
1  store/dungeon//1_712
1  store/dungeon//1_862
1  store/dungeon//1_323
1  store/dungeon//1_60
1  store/dungeon//1_627
1  store/dungeon//1_340
1  store/dungeon//1_450
1  store/dungeon//1_540
1  store/dungeon//1_635
1  store/dungeon//1_370
1  store/dungeon//1_7
1  store/dungeon//1_800
1  store/dungeon//1_492
1  store/dungeon//1_663
1  store/dungeon//1_91
1  store/dungeon//1_982
1  store/dungeon//1_1098
1  store/dungeon//1_507
1  store/dungeon//1_748
1  store/dungeon//1_67
1  store/dungeon//1_504
1  store/dungeon//1_234
1  store/dungeon//1_911
1  store/dungeon//1_289
1  store/dungeon//1_993
1  store/dungeon//1_1062
1  store/dungeon//1_970
1  store/dungeon//1_497
1  store/dungeon//1_34
1  store/dungeon//1_559
1  store/dungeon//1_1087
1  store/dungeon//1_223
1  store/dungeon//1_1075
1  store/dungeon//1_812
1  store/dungeon//1_844
1  store/dungeon//1_222
1  store/dungeon//1_160
1  store/dungeon//1_1074
1  store/dungeon//1_690
1  store/dungeon//1_124
1  store/dungeon//1_182
1  store/dungeon//1_930
1  store/dungeon//1_368
1  store/dungeon//1_446
1  store/dungeon//1_514
1  store/dungeon//1_41
1  store/dungeon//1_566
1  store/dungeon//1_4
1  store/dungeon//1_972
1  store/dungeon//1_928
1  store/dungeon//1_357
1  store/dungeon//1_882
1  store/dungeon//1_614
1  store/dungeon//1_1199
1  store/dungeon//1_1101
1  store/dungeon//1_834
1  store/dungeon//1_1050
1  store/dungeon//1_1186
1  store/dungeon//1_751
1  store/dungeon//1_171
1  store/dungeon//1_3
1  store/dungeon//1_267
1  store/dungeon//1_14
1  store/dungeon//1_770
1  store/dungeon//1_197
1  store/dungeon//1_356
1  store/dungeon//1_1096
1  store/dungeon//1_474
1  store/dungeon//1_205
1  store/dungeon//1_366
1  store/dungeon//1_1222
1  store/dungeon//1_412
1  store/dungeon//1_607
1  store/dungeon//1_511
1  store/dungeon//1_625
1  store/dungeon//1_639
1  store/dungeon//1_648
1  store/dungeon//1_518
1  store/dungeon//1_1126
1  store/dungeon//1_193
1  store/dungeon//1_15
1  store/dungeon//1_732
1  store/dungeon//1_317
1  store/dungeon//1_1077
1  store/dungeon//1_44
1  store/dungeon//1_253
1  store/dungeon//1_532
1  store/dungeon//1_1055
1  store/dungeon//1_421
1  store/dungeon//1_1192
1  store/dungeon//1_1133
1  store/dungeon//1_824
1  store/dungeon//1_505
1  store/dungeon//1_1102
1  store/dungeon//1_480
1  store/dungeon//1_696
1  store/dungeon//1_227
1  store/dungeon//1_304
1  store/dungeon//1_1129
1  store/dungeon//1_948
1  store/dungeon//1_981
1  store/dungeon//1_1196
1  store/dungeon//1_650
1  store/dungeon//1_130
1  store/dungeon//1_371
1  store/dungeon//1_38
1  store/dungeon//1_235
1  store/dungeon//1_570
1  store/dungeon//1_845
1  store/dungeon//1_342
1  store/dungeon//1_469
1  store/dungeon//1_938
1  store/dungeon//1_291
1  store/dungeon//1_50
1  store/dungeon//1_46
1  store/dungeon//1_988
1  store/dungeon//1_5
1  store/dungeon//1_737
1  store/dungeon//1_81
1  store/dungeon//1_717
1  store/dungeon//1_1195
1  store/dungeon//1_389
1  store/dungeon//1_854
1  store/dungeon//1_482
1  store/dungeon//1_992
1  store/dungeon//1_674
1  store/dungeon//1_619
1  store/dungeon//1_1182
1  store/dungeon//1_1049
1  store/dungeon//1_327
1  store/dungeon//1_1000
1  store/dungeon//1_745
1  store/dungeon//1_865
1  store/dungeon//1_424
1  store/dungeon//1_316
1  store/dungeon//1_979
1  store/dungeon//1_43
1  store/dungeon//1_531
1  store/dungeon//1_1115
1  store/dungeon//1_971
1  store/dungeon//1_1086
1  store/dungeon//1_333
1  store/dungeon//1_529
1  store/dungeon//1_743
1  store/dungeon//1_42
1  store/dungeon//1_413
1  store/dungeon//1_1213
1  store/dungeon//1_1078
1  store/dungeon//1_828
1  store/dungeon//1_1100
1  store/dungeon//1_220
1  store/dungeon//1_109
1  store/dungeon//1_949
1  store/dungeon//1_549
1  store/dungeon//1_242
1  store/dungeon//1_672
1  store/dungeon//1_462
1  store/dungeon//1_705
1  store/dungeon//1_780
1  store/dungeon//1_815
1  store/dungeon//1_1044
1  store/dungeon//1_868
1  store/dungeon//1_793
1  store/dungeon//1_239
1  store/dungeon//1_671
1  store/dungeon//1_998
1  store/dungeon//1_606
1  store/dungeon//1_896
1  store/dungeon//1_286
1  store/dungeon//1_178
1  store/dungeon//1_148
1  store/dungeon//1_1224
1  store/dungeon//1_392
1  store/dungeon//1_95
1  store/dungeon//1_631
1  store/dungeon//1_818
1  store/dungeon//1_208
1  store/dungeon//1_565
1  store/dungeon//1_226
1  store/dungeon//1_985
1  store/dungeon//1_245
1  store/dungeon//1_66
1  store/dungeon//1_318
1  store/dungeon//1_484
1  store/dungeon//1_755
1  store/dungeon//1_383
1  store/dungeon//1_778
1  store/dungeon//1_238
1  store/dungeon//1_638
1  store/dungeon//1_470
1  store/dungeon//1_1014
1  store/dungeon//1_526
1  store/dungeon//1_905
1  store/dungeon//1_190
1  store/dungeon//1_1033
1  store/dungeon//1_1064
1  store/dungeon//1_726
1  store/dungeon//1_575
1  store/dungeon//1_77
1  store/dungeon//1_596
1  store/dungeon//1_1010
1  store/dungeon//1_206
1  store/dungeon//1_1152
1  store/dungeon//1_53
1  store/dungeon//1_621
1  store/dungeon//1_642
1  store/dungeon//1_991
1  store/dungeon//1_230
1  store/dungeon//1_217
1  store/dungeon//1_179
1  store/dungeon//1_1106
1  store/dungeon//1_1121
1  store/dungeon//1_1231
1  store/dungeon//1_417
1  store/dungeon//1_612
1  store/dungeon//1_1091
1  store/dungeon//1_597
1  store/dungeon//1_17
1  store/dungeon//1_823
1  store/dungeon//1_54
1  store/dungeon//1_897
1  store/dungeon//1_212
1  store/dungeon//1_1151
1  store/dungeon//1_158
1  store/dungeon//1_772
1  store/dungeon//1_893
1  store/dungeon//1_875
1  store/dungeon//1_151
1  store/dungeon//1_551
1  store/dungeon//1_841
1  store/dungeon//1_249
1  store/dungeon//1_791
1  store/dungeon//1_1114
1  store/dungeon//1_1112
1  store/dungeon//1_807
1  store/dungeon//1_788
1  store/dungeon//1_579
1  store/dungeon//1_9
1  store/dungeon//1_141
1  store/dungeon//1_952
1  store/dungeon//1_892
1  store/dungeon//1_588
1  store/dungeon//1_762
1  store/dungeon//1_881
1  store/dungeon//1_709
1  store/dungeon//1_757
1  store/dungeon//1_710
1  store/dungeon//1_489
1  store/dungeon//1_134
1  store/dungeon//1_781
1  store/dungeon//1_194
1  store/dungeon//1_1131
1  store/dungeon//1_700
1  store/dungeon//1_1130
1  store/dungeon//1_692
1  store/dungeon//1_300
1  store/dungeon//1_932
1  store/dungeon//1_513
1  store/dungeon//1_284
1  store/dungeon//1_1082
1  store/dungeon//1_564
1  store/dungeon//1_111
1  store/dungeon//1_840
1  store/dungeon//1_686
1  store/dungeon//1_515
1  store/dungeon//1_328
1  store/dungeon//1_913
1  store/dungeon//1_1204
1  store/dungeon//1_1191
1  store/dungeon//1_925
1  store/dungeon//1_350
1  store/dungeon//1_801
1  store/dungeon//1_945
1  store/dungeon//1_667
1  store/dungeon//1_558
1  store/dungeon//1_442
1  store/dungeon//1_1054
1  store/dungeon//1_1093
1  store/dungeon//1_657
1  store/dungeon//1_954
1  store/dungeon//1_101
1  store/dungeon//1_978
1  store/dungeon//1_872
1  store/dungeon//1_1177
1  store/dungeon//1_123
1  store/dungeon//1_266
1  store/dungeon//1_168
1  store/dungeon//1_819
1  store/dungeon//1_1099
1  store/dungeon//1_57
1  store/dungeon//1_48
1  store/dungeon//1_1188
1  store/dungeon//1_740
1  store/dungeon//1_1024
1  store/dungeon//1_711
1  store/dungeon//1_536
1  store/dungeon//1_126
1  store/dungeon//1_411
1  store/dungeon//1_1007
1  store/dungeon//1_661
1  store/dungeon//1_680
1  store/dungeon//1_372
1  store/dungeon//1_547
1  store/dungeon//1_903
1  store/dungeon//1_626
1  store/dungeon//1_62
1  store/dungeon//1_884
1  store/dungeon//1_831
1  store/dungeon//1_568
1  store/dungeon//1_395
1  store/dungeon//1_935
1  store/dungeon//1_89
1  store/dungeon//1_837
1  store/dungeon//1_270
1  store/dungeon//1_358
1  store/dungeon//1_687
1  store/dungeon//1_466
1  store/dungeon//1_1143
1  store/dungeon//1_662
1  store/dungeon//1_107
1  store/dungeon//1_724
1  store/dungeon//1_1035
1  store/dungeon//1_789
1  store/dungeon//1_955
1  store/dungeon//1_1207
1  store/dungeon//1_744
1  store/dungeon//1_360
1  store/dungeon//1_156
1  store/dungeon//1_320
1  store/dungeon//1_265
1  store/dungeon//1_195
1  store/dungeon//1_477
1  store/dungeon//1_343
1  store/dungeon//1_49
1  store/dungeon//1_11
1  store/dungeon//1_211
1  store/dungeon//1_173
1  store/dungeon//1_604
1  store/dungeon//1_820
1  store/dungeon//1_1144
1  store/dungeon//1_338
1  store/dungeon//1_1159
1  store/dungeon//1_927
1  store/dungeon//1_1161
1  store/dungeon//1_90
1  store/dungeon//1_290
1  store/dungeon//1_70
1  store/dungeon//1_816
1  store/dungeon//1_1170
1  store/dungeon//1_210
1  store/dungeon//1_228
1  store/dungeon//1_918
1  store/dungeon//1_506
1  store/dungeon//1_673
1  store/dungeon//1_233
1  store/dungeon//1_1071
1  store/dungeon//1_1004
1  store/dungeon//1_688
1  store/dungeon//1_1146
1  store/dungeon//1_163
1  store/dungeon//1_577
1  store/dungeon//1_1013
1  store/dungeon//1_152
1  store/dungeon//1_769
1  store/dungeon//1_847
1  store/dungeon//1_407
1  store/dungeon//1_378
1  store/dungeon//1_1160
1  store/dungeon//1_453
1  store/dungeon//1_797
1  store/dungeon//1_301
1  store/dungeon//1_1040
1  store/dungeon//1_1189
1  store/dungeon//1_856
1  store/dungeon//1_516
1  store/dungeon//1_456
1  store/dungeon//1_628
1  store/dungeon//1_541
1  store/dungeon//1_1030
1  store/dungeon//1_537
1  store/dungeon//1_943
1  store/dungeon//1_1229
1  store/dungeon//1_1032
1  store/dungeon//1_701
1  store/dungeon//1_426
1  store/dungeon//1_344
1  store/dungeon//1_1197
1  store/dungeon//1_186
1  store/dungeon//1_455
1  store/dungeon//1_255
1  store/dungeon//1_468
1  store/dungeon//1_279
1  store/dungeon//1_199
1  store/dungeon//1_369
1  store/dungeon//1_448
1  store/dungeon//1_23
1  store/dungeon//1_256
1  store/dungeon//1_499
1  store/dungeon//1_533
1  store/dungeon//1_309
1  store/dungeon//1_1020
1  store/dungeon//1_528
1  store/dungeon//1_739
1  store/dungeon//1_322
1  store/dungeon//1_917
1  store/dungeon//1_349
1  store/dungeon//1_691
1  store/dungeon//1_733
1  store/dungeon//1_573
