PET: 123456:勇者	螳螂::Lv 22=StrUp,(0,11000,43,69)(1:44)
PET: 123456:勇者	螳螂::Lv 23=StrUp,(0,11002,21,53)(1:53)
PET: 123456:漫步云H	螳螂::Lv 1=timeout_lost,(0,1521,46,79)(2:53)
PET: 123456:勇者	火焰露比::Lv 1=Drop,(0,59162,15,21)(3:8)
PET: 123456:勇者	火焰露比::Lv 1=PickUp,(0,59162,15,21)(3:8)
PET: 123456:勇者	纯白吓人箱::Lv 2=Field,(0,59162,11,19)(3:27)
PET: 123456:勇者	纯白吓人箱::Lv 2=StopField,(0,59162,10,19)(3:27)
PET: 123456:勇者	纯白吓人箱::Lv 2=PickUp,(0,59162,10,19)(3:27)
PET: 123456:勇者	纯白吓人箱::Lv 2=Field,(0,59162,10,19)(3:27)
PET: 123456:勇者	纯白吓人箱::Lv 2=StopField,(0,59162,10,19)(3:27)
PET: 123456:勇者	火焰露比::Lv 1=Field,(0,59162,10,19)(3:28)
PET: 123456:勇者	火焰露比::Lv 1=StopField,(0,59162,10,21)(3:28)
PET: 123456:勇者	李贝留斯::Lv 1=Drop,(0,1000,92,112)(3:34)
PET: 123456:勇者	李贝留斯::Lv 1=PickUp,(0,1000,93,113)(3:34)
PET: gm01:神射手	螳螂::Lv 1=npc_event.c:EventAdd,(0,1521,51,78)(4:9)
PET: gm01:神射手	螳螂::Lv 3=StrUp,(0,100,480,196)(4:11)
PET: gm01:神射手	螳螂::Lv 3=StrUp,(0,100,480,196)(4:11)
PET: gm01:神射手	螳螂::Lv 4=StrUp,(0,100,479,197)(4:15)
PET: gm01:神射手	螳螂::Lv 5=StrUp,(0,11006,9,18)(6:58)
PET: gm01:神射手	螳螂::Lv 6=StrUp,(0,11007,41,25)(7:0)
PET: gm01:神射手	螳螂::Lv 7=StrUp,(0,11007,14,26)(7:1)
PET: gm01:神射手	螳螂::Lv 8=StrUp,(0,11008,37,19)(7:3)
PET: gm01:神射手	螳螂::Lv 9=StrUp,(0,11009,30,42)(7:5)
PET: gm01:神射手	螳螂::Lv 10=StrUp,(0,11010,18,14)(7:7)
PET: gm01:神射手	螳螂::Lv 11=StrUp,(1,17,19,48)(7:33)
PET: gm01:神射手	螳螂::Lv 12=StrUp,(1,17,19,48)(7:36)
PET: gm01:神射手	螳螂::Lv 13=StrUp,(1,17,19,48)(7:38)
PET: gm01:神射手	螳螂::Lv 14=StrUp,(1,17,19,48)(7:40)
PET: 123456:勇者	李贝留斯::Lv 2=MgcUp,(0,100,371,194)(13:47)
PET: 123456:勇者	李贝留斯::Lv 3=MgcUp,(0,100,371,194)(13:48)
PET: 123456:勇者	李贝留斯::Lv 4=MgcUp,(0,100,368,194)(13:51)
PET: 123456:勇者	李贝留斯::Lv 5=MgcUp,(1,210,21,40)(18:4)
PET: 123456:勇者	李贝留斯::Lv 7=MgcUp,(1,210,16,50)(18:5)
PET: 123456:勇者	李贝留斯::Lv 7=MgcUp,(1,210,16,50)(18:5)
PET: 123456:勇者	李贝留斯::Lv 8=MgcUp,(1,211,54,82)(18:7)
PET: 123456:勇者	李贝留斯::Lv 9=MgcUp,(1,211,51,71)(18:7)
PET: 123456:勇者	李贝留斯::Lv 11=MgcUp,(1,212,127,113)(18:11)
PET: 123456:勇者	李贝留斯::Lv 11=MgcUp,(1,212,127,113)(18:11)
PET: 123456:勇者	李贝留斯::Lv 14=MgcUp,(1,215,2,5)(18:22)
PET: 123456:勇者	李贝留斯::Lv 14=MgcUp,(1,215,2,5)(18:22)
PET: 123456:勇者	李贝留斯::Lv 14=MgcUp,(1,215,2,5)(18:22)
PET: 123456:勇者	虎人::Lv 1=Drop,(0,1188,23,17)(18:47)
PET: 123456:勇者	虎人::Lv 1=PickUp,(0,1188,24,18)(18:47)
PET: 123456:勇者	李贝留斯::Lv 16=MgcUp,(1,35,57,36)(1:20)
PET: 123456:勇者	李贝留斯::Lv 16=MgcUp,(1,35,57,36)(1:20)
PET: 123456:勇者	李贝留斯::Lv 17=MgcUp,(1,35,15,33)(1:24)
PET: 123456:勇者	李贝留斯::Lv 18=MgcUp,(1,35,15,33)(1:28)
PET: 123456:勇者	李贝留斯::Lv 19=MgcUp,(1,35,50,34)(1:29)
PET: 123456:勇者	李贝留斯::Lv 20=MgcUp,(1,36,34,59)(1:31)
PET: 123456:勇者	李贝留斯::Lv 21=MgcUp,(1,36,33,36)(1:31)
PET: 123456:勇者	李贝留斯::Lv 22=MgcUp,(1,38,35,22)(1:33)
PET: 123456:勇者	李贝留斯::Lv 23=MgcUp,(1,40,22,60)(1:35)
PET: 123456:勇者	李贝留斯::Lv 24=MgcUp,(1,41,20,24)(1:39)
PET: 123456:勇者	李贝留斯::Lv 26=MgcUp,(0,15504,23,32)(1:52)
PET: 123456:勇者	李贝留斯::Lv 26=MgcUp,(0,15504,23,32)(1:52)
PET: 123456:勇者	狂战::Lv 1=Drop,(0,2112,15,10)(2:4)
PET: 123456:勇者	凯法::Lv 1=Drop,(0,2112,15,10)(2:4)
PET: 123456:勇者	小狂战::Lv 1=Drop,(0,2112,15,10)(2:4)
PET: 123456:勇者	帕布提斯马::Lv 1=Drop,(0,2112,15,10)(2:5)
PET: 123456:勇者	犹大::Lv 1=Drop,(0,2112,15,10)(2:5)
PET: 123456:勇者	狂战::Lv 1=PickUp,(0,2112,15,10)(2:5)
PET: 123456:勇者	狂战::Lv 1=Drop,(0,2112,15,10)(2:5)
PET: 123456:勇者	犹大::Lv 1=PickUp,(0,2112,15,10)(2:5)
PET: 123456:勇者	犹大::Lv 4=StrUp,(0,100,334,480)(2:7)
PET: 123456:勇者	犹大::Lv 4=StrUp,(0,100,334,480)(2:7)
PET: 123456:勇者	犹大::Lv 4=StrUp,(0,100,334,480)(2:7)
PET: 123456:勇者	犹大::Lv 7=StrUp,(0,100,334,480)(2:8)
PET: 123456:勇者	犹大::Lv 7=StrUp,(0,100,334,480)(2:8)
PET: 123456:勇者	犹大::Lv 7=StrUp,(0,100,334,480)(2:8)
PET: 123456:勇者	犹大::Lv 8=StrUp,(0,100,334,480)(2:8)
PET: 123456:勇者	犹大::Lv 9=StrUp,(0,100,334,480)(2:9)
PET: 123456:勇者	犹大::Lv 10=StrUp,(0,100,334,480)(2:9)
PET: 123456:勇者	犹大::Lv 11=StrUp,(0,100,334,480)(2:9)
PET: 123456:勇者	犹大::Lv 12=StrUp,(0,100,334,480)(2:10)
PET: 123456:勇者	犹大::Lv 13=StrUp,(0,100,334,480)(2:10)
PET: 123456:勇者	犹大::Lv 15=StrUp,(0,100,334,480)(2:11)
PET: 123456:勇者	犹大::Lv 15=StrUp,(0,100,334,480)(2:11)
PET: 123456:勇者	凯法::Lv 1=timeout_lost,(0,2112,14,9)(2:12)
PET: 123456:勇者	狂战::Lv 1=timeout_lost,(0,2112,14,10)(2:12)
PET: 123456:勇者	小狂战::Lv 1=timeout_lost,(0,2112,15,9)(2:12)
PET: 123456:勇者	帕布提斯马::Lv 1=timeout_lost,(0,2112,16,10)(2:12)
PET: 123456:勇者	犹大::Lv 16=StrUp,(0,100,377,373)(2:15)
PET: 123456:勇者	犹大::Lv 17=StrUp,(0,100,378,356)(2:15)
PET: 123456:勇者	犹大::Lv 18=StrUp,(1,233,51,24)(2:17)
PET: 123456:勇者	李贝留斯::Lv 27=MgcUp,(0,15508,29,15)(2:39)
PET: 123456:勇者	犹大::Lv 19=StrUp,(0,15508,29,15)(2:48)
PET: 123456:勇者	犹大::Lv 21=StrUp,(0,15504,23,32)(3:44)
PET: 123456:勇者	犹大::Lv 21=StrUp,(0,15504,23,32)(3:44)
PET: 123456:勇者	火焰露比::Lv 1=Drop,(0,2100,47,58)(3:46)
PET: 123456:勇者	黄金龙骨::Lv 35=Drop,(0,2100,47,58)(3:47)
PET: 123456:勇者	火焰露比::Lv 1=timeout_lost,(0,2100,47,57)(3:51)
PET: 123456:勇者	沉默之龙诺利::Lv 75=Drop,(0,20116,67,65)(3:57)
PET: 123456:勇者	盲目之龙艾汀::Lv 75=Drop,(0,20116,67,66)(3:58)
PET: 123456:勇者	血魔::Lv 60=Drop,(0,20116,63,66)(3:59)
PET: 123456:勇者	血魔::Lv 60=timeout_lost,(0,20116,63,67)(4:8)
PET: 123456:勇者	盲目之龙艾汀::Lv 75=timeout_lost,(0,20116,66,65)(4:8)
PET: 123456:勇者	黄金龙骨::Lv 35=timeout_lost,(0,2100,48,57)(4:47)
PET: 123456:勇者	纯白吓人箱::Lv 2=Drop,(0,1000,275,89)(5:24)
PET: 123456:勇者	依代::Lv 1=Drop,(0,1000,275,89)(5:25)
PET: 123456:勇者	纯白吓人箱::Lv 2=PickUp,(0,1000,275,88)(5:25)
PET: 123456:勇者	纯白吓人箱::Lv 2=Drop,(0,1000,275,88)(5:25)
PET: 123456:勇者	灰龙::Lv 1=Drop,(0,1000,275,88)(5:27)
PET: 123456:勇者	纯白吓人箱::Lv 2=PickUp,(0,1000,274,88)(5:27)
PET: 123456:勇者	纯白吓人箱::Lv 2=Drop,(0,1000,274,90)(5:27)
PET: 123456:勇者	石象怪::Lv 1=Drop,(0,1000,274,90)(5:27)
PET: 123456:勇者	纯白吓人箱::Lv 2=PickUp,(0,1000,274,90)(5:27)
PET: 123456:勇者	灰狂战::Lv 1=Drop,(0,1000,270,88)(5:28)
PET: 123456:勇者	迷你蝙蝠::Lv 1=Drop,(0,1000,267,87)(5:28)
PET: 123456:勇者	依代::Lv 1=timeout_lost,(0,1000,278,90)(5:30)
PET: 123456:勇者	大地牛头怪::Lv 1=Drop,(0,1180,15,8)(5:32)
PET: 123456:勇者	石象怪::Lv 1=timeout_lost,(0,1000,273,87)(5:32)
PET: 123456:勇者	灰龙::Lv 1=timeout_lost,(0,1000,275,88)(5:32)
PET: 123456:勇者	灰狂战::Lv 1=PickUp,(0,1000,270,88)(5:32)
PET: 123456:勇者	灰狂战::Lv 1=npc_event.c:EventDel,(0,1180,15,8)(5:33)
PET: 123456:勇者	大地牛头怪::Lv 1=PickUp,(0,1180,15,8)(5:33)
PET: 123456:勇者	大地牛头怪::Lv 2=StrUp,(0,11015,10,48)(5:35)
PET: 123456:勇者	迷你蝙蝠::Lv 1=timeout_lost,(0,1000,267,86)(5:37)
PET: 123456:勇者	大地牛头怪::Lv 3=StrUp,(0,777,30,7)(6:0)
PET: 123456:勇者	大地牛头怪::Lv 3=Drop,(0,1000,141,149)(7:52)
PET: 123456:勇者	青狼::Lv 1=Drop,(0,1000,144,152)(7:53)
PET: 123456:勇者	大地牛头怪::Lv 3=PickUp,(0,1000,141,151)(7:53)
PET: 123456:勇者	大地牛头怪::Lv 3=Drop,(0,1000,159,139)(9:36)
PET: 123456:勇者	蓝使者::Lv 55=Drop,(0,1000,159,139)(9:37)
PET: 123456:勇者	大地牛头怪::Lv 3=PickUp,(0,1000,159,139)(9:37)
PET: 123456:勇者	大地牛头怪::Lv 3=Drop,(0,1000,155,142)(9:37)
PET: 123456:勇者	青狼::Lv 1=Drop,(0,1000,155,142)(9:38)
PET: 123456:勇者	大地牛头怪::Lv 3=PickUp,(0,1000,155,142)(9:38)
PET: 123456:勇者	大地牛头怪::Lv 3=Drop,(0,1000,155,142)(9:39)
PET: 123456:勇者	尤拉蝙蝠::Lv 1=Drop,(0,1000,155,142)(9:39)
PET: 123456:勇者	大地牛头怪::Lv 3=PickUp,(0,1000,155,142)(9:39)
PET: 123456:勇者	青狼::Lv 1=timeout_lost,(0,1000,143,152)(9:40)
PET: 123456:勇者	大地牛头怪::Lv 3=Drop,(0,1000,153,135)(9:41)
PET: 123456:勇者	黑暗地神官::Lv 55=Drop,(0,1000,153,135)(9:41)
PET: 123456:勇者	大地牛头怪::Lv 3=PickUp,(0,1000,153,135)(9:41)
PET: 123456:勇者	青狼::Lv 1=timeout_lost,(0,1000,151,142)(10:3)
PET: 123456:勇者	尤拉蝙蝠::Lv 1=timeout_lost,(0,1000,154,139)(10:3)
PET: 123456:勇者	蓝使者::Lv 55=timeout_lost,(0,1000,160,139)(10:3)
PET: 123456:勇者	黑暗地神官::Lv 55=timeout_lost,(0,1000,153,136)(10:3)
PET: 123456:勇者	大地牛头怪::Lv 3=Drop,(0,1000,154,144)(10:3)
PET: 123456:勇者	大地牛头怪::Lv 3=timeout_lost,(0,1000,154,143)(11:6)
PET: 123456:勇者	尤拉蝙蝠::Lv 1=npc_event.c:EventDel,(0,1180,15,8)(6:56)
PET: 123456:勇者	螳螂::Lv 24=StrUp,(1,33,15,52)(7:14)
PET: 123456:勇者	李贝留斯::Lv 28=MgcUp,(0,1183,24,17)(7:24)
PET: 123456:勇者	蜥蜴战士团::Lv 45=Drop,(0,1121,11,8)(7:41)
PET: 123456:勇者	刀鸡::Lv 45=Drop,(0,1121,11,8)(7:42)
PET: 123456:勇者	大公鸡::Lv 80=Drop,(0,1121,11,8)(7:42)
PET: 123456:勇者	冥界死神::Lv 80=Drop,(0,1121,11,8)(7:43)
PET: 123456:勇者	麒麟::Lv 85=Drop,(0,1121,9,12)(7:44)
PET: 123456:勇者	小黑妹::Lv 70=Drop,(0,1121,9,12)(7:44)
PET: 123456:勇者	八歧大蛇::Lv 76=Drop,(0,1121,9,12)(7:45)
PET: 123456:勇者	斩首者::Lv 77=Drop,(0,1121,9,12)(7:45)
PET: 123456:勇者	斩首者::Lv 77=timeout_lost,(0,1121,8,11)(7:52)
PET: 123456:勇者	八歧大蛇::Lv 76=timeout_lost,(0,1121,8,12)(7:52)
PET: 123456:勇者	小黑妹::Lv 70=timeout_lost,(0,1121,8,13)(7:52)
PET: 123456:勇者	麒麟::Lv 85=timeout_lost,(0,1121,9,13)(7:52)
PET: 123456:勇者	大公鸡::Lv 80=timeout_lost,(0,1121,10,8)(7:52)
PET: 123456:勇者	刀鸡::Lv 45=timeout_lost,(0,1121,10,9)(7:52)
PET: 123456:勇者	冥界死神::Lv 80=timeout_lost,(0,1121,11,8)(7:52)
PET: 123456:勇者	蜥蜴战士团::Lv 45=timeout_lost,(0,1121,11,9)(7:52)
PET: 123456:勇者	口袋龙::Lv 3=StrUp,(0,100,688,335)(7:54)
PET: 123456:勇者	口袋龙::Lv 3=StrUp,(0,100,688,335)(7:54)
PET: 123456:勇者	口袋龙::Lv 6=StrUp,(0,100,658,284)(7:56)
PET: 123456:勇者	口袋龙::Lv 6=StrUp,(0,100,658,284)(7:56)
PET: 123456:勇者	口袋龙::Lv 6=StrUp,(0,100,658,284)(7:56)
PET: 123456:勇者	口袋龙::Lv 7=StrUp,(0,100,671,228)(7:58)
PET: 123456:勇者	口袋龙::Lv 9=StrUp,(0,11004,37,50)(8:0)
PET: 123456:勇者	口袋龙::Lv 9=StrUp,(0,11004,37,50)(8:0)
PET: 123456:勇者	口袋龙::Lv 10=StrUp,(0,11004,36,48)(8:1)
PET: 123456:勇者	口袋龙::Lv 11=StrUp,(1,237,30,19)(9:32)
PET: 123456:勇者	犹大::Lv 22=StrUp,(1,237,30,19)(9:33)
PET: 123456:勇者	口袋龙::Lv 12=StrUp,(1,237,30,19)(9:36)
PET: 123456:勇者	口袋龙::Lv 13=StrUp,(1,237,30,19)(9:37)
PET: 123456:勇者	口袋龙::Lv 28=StrUp,(1,237,30,19)(9:38)
PET: 123456:勇者	口袋龙::Lv 28=StrUp,(1,237,30,19)(9:38)
PET: 123456:勇者	口袋龙::Lv 28=StrUp,(1,237,30,19)(9:38)
PET: 123456:勇者	口袋龙::Lv 28=StrUp,(1,237,30,19)(9:38)
PET: 123456:勇者	口袋龙::Lv 28=StrUp,(1,237,30,19)(9:38)
PET: 123456:勇者	口袋龙::Lv 28=StrUp,(1,237,30,19)(9:38)
PET: 123456:勇者	口袋龙::Lv 28=StrUp,(1,237,30,19)(9:38)
PET: 123456:勇者	口袋龙::Lv 28=StrUp,(1,237,30,19)(9:38)
PET: 123456:勇者	口袋龙::Lv 28=StrUp,(1,237,30,19)(9:38)
PET: 123456:勇者	口袋龙::Lv 28=StrUp,(1,237,30,19)(9:38)
PET: 123456:勇者	口袋龙::Lv 28=StrUp,(1,237,30,19)(9:38)
PET: 123456:勇者	口袋龙::Lv 28=StrUp,(1,237,30,19)(9:38)
PET: 123456:勇者	口袋龙::Lv 28=StrUp,(1,237,30,19)(9:38)
PET: 123456:勇者	口袋龙::Lv 28=StrUp,(1,237,30,19)(9:38)
PET: 123456:勇者	口袋龙::Lv 28=StrUp,(1,237,30,19)(9:38)
PET: 123456:勇者	螳螂::Lv 28=StrUp,(1,237,30,19)(9:40)
PET: 123456:勇者	螳螂::Lv 28=StrUp,(1,237,30,19)(9:40)
PET: 123456:勇者	螳螂::Lv 28=StrUp,(1,237,30,19)(9:40)
PET: 123456:勇者	螳螂::Lv 28=StrUp,(1,237,30,19)(9:40)
PET: 123456:勇者	犹大::Lv 28=StrUp,(1,237,30,19)(9:40)
PET: 123456:勇者	犹大::Lv 28=StrUp,(1,237,30,19)(9:40)
PET: 123456:勇者	犹大::Lv 28=StrUp,(1,237,30,19)(9:40)
PET: 123456:勇者	犹大::Lv 28=StrUp,(1,237,30,19)(9:40)
PET: 123456:勇者	犹大::Lv 28=StrUp,(1,237,30,19)(9:40)
PET: 123456:勇者	犹大::Lv 28=StrUp,(1,237,30,19)(9:40)
PET: 123456:勇者	犹大::Lv 29=StrUp,(1,237,30,19)(9:41)
PET: 123456:勇者	犹大::Lv 31=StrUp,(1,237,30,19)(9:43)
PET: 123456:勇者	犹大::Lv 31=StrUp,(1,237,30,19)(9:43)
PET: 123456:勇者	犹大::Lv 32=StrUp,(1,237,30,19)(9:43)
PET: 123456:勇者	犹大::Lv 33=StrUp,(1,237,30,19)(9:44)
PET: 123456:勇者	螳螂::Lv 33=StrUp,(1,237,30,19)(9:44)
PET: 123456:勇者	螳螂::Lv 33=StrUp,(1,237,30,19)(9:44)
PET: 123456:勇者	螳螂::Lv 33=StrUp,(1,237,30,19)(9:44)
PET: 123456:勇者	螳螂::Lv 33=StrUp,(1,237,30,19)(9:44)
PET: 123456:勇者	螳螂::Lv 33=StrUp,(1,237,30,19)(9:44)
PET: 123456:勇者	口袋龙::Lv 33=StrUp,(1,237,30,19)(9:45)
PET: 123456:勇者	口袋龙::Lv 33=StrUp,(1,237,30,19)(9:45)
PET: 123456:勇者	口袋龙::Lv 33=StrUp,(1,237,30,19)(9:45)
PET: 123456:勇者	口袋龙::Lv 33=StrUp,(1,237,30,19)(9:45)
PET: 123456:勇者	口袋龙::Lv 33=StrUp,(1,237,30,19)(9:45)
PET: 123456:勇者	李贝留斯::Lv 33=MgcUp,(1,237,30,19)(9:51)
PET: 123456:勇者	李贝留斯::Lv 33=MgcUp,(1,237,30,19)(9:51)
PET: 123456:勇者	李贝留斯::Lv 33=MgcUp,(1,237,30,19)(9:51)
PET: 123456:勇者	李贝留斯::Lv 33=MgcUp,(1,237,30,19)(9:51)
PET: 123456:勇者	李贝留斯::Lv 33=MgcUp,(1,237,30,19)(9:51)
PET: 123456:勇者	李贝留斯::Lv 33=Drop,(0,1000,239,88)(10:13)
PET: 123456:勇者	绿龙::Lv 1=Drop,(0,1000,239,88)(10:13)
PET: 123456:勇者	蓝龙::Lv 1=Drop,(0,1000,239,88)(10:13)
PET: 123456:勇者	红龙::Lv 1=Drop,(0,1000,239,88)(10:13)
PET: 123456:勇者	黄龙::Lv 1=Drop,(0,1000,239,88)(10:13)
PET: 123456:勇者	白龙::Lv 1=Drop,(0,1000,239,88)(10:14)
PET: 123456:勇者	李贝留斯::Lv 33=PickUp,(0,1000,239,88)(10:14)
PET: 123456:勇者	李贝留斯::Lv 33=npc_event.c:EventDel,(0,1180,15,8)(10:15)
PET: 123456:勇者	蓝龙::Lv 1=PickUp,(0,1000,236,89)(10:15)
PET: 123456:勇者	蓝龙::Lv 34=StrUp,(0,100,475,196)(10:18)
PET: 123456:勇者	蓝龙::Lv 34=StrUp,(0,100,475,196)(10:18)
PET: 123456:勇者	蓝龙::Lv 34=StrUp,(0,100,475,196)(10:18)
PET: 123456:勇者	蓝龙::Lv 34=StrUp,(0,100,475,196)(10:18)
PET: 123456:勇者	蓝龙::Lv 34=StrUp,(0,100,475,196)(10:18)
PET: 123456:勇者	蓝龙::Lv 34=StrUp,(0,100,475,196)(10:18)
PET: 123456:勇者	蓝龙::Lv 34=StrUp,(0,100,475,196)(10:18)
PET: 123456:勇者	蓝龙::Lv 34=StrUp,(0,100,475,196)(10:18)
PET: 123456:勇者	蓝龙::Lv 34=StrUp,(0,100,475,196)(10:18)
PET: 123456:勇者	蓝龙::Lv 34=StrUp,(0,100,475,196)(10:18)
PET: 123456:勇者	蓝龙::Lv 34=StrUp,(0,100,475,196)(10:18)
PET: 123456:勇者	蓝龙::Lv 34=StrUp,(0,100,475,196)(10:18)
PET: 123456:勇者	蓝龙::Lv 34=StrUp,(0,100,475,196)(10:18)
PET: 123456:勇者	蓝龙::Lv 34=StrUp,(0,100,475,196)(10:18)
PET: 123456:勇者	蓝龙::Lv 34=StrUp,(0,100,475,196)(10:18)
PET: 123456:勇者	蓝龙::Lv 34=StrUp,(0,100,475,196)(10:18)
PET: 123456:勇者	蓝龙::Lv 34=StrUp,(0,100,475,196)(10:18)
PET: 123456:勇者	蓝龙::Lv 34=StrUp,(0,100,475,196)(10:18)
PET: 123456:勇者	蓝龙::Lv 34=StrUp,(0,100,475,196)(10:18)
PET: 123456:勇者	蓝龙::Lv 34=StrUp,(0,100,475,196)(10:18)
PET: 123456:勇者	蓝龙::Lv 34=StrUp,(0,100,475,196)(10:18)
PET: 123456:勇者	蓝龙::Lv 34=StrUp,(0,100,475,196)(10:18)
PET: 123456:勇者	蓝龙::Lv 34=StrUp,(0,100,475,196)(10:18)
PET: 123456:勇者	蓝龙::Lv 34=StrUp,(0,100,475,196)(10:18)
PET: 123456:勇者	蓝龙::Lv 34=StrUp,(0,100,475,196)(10:18)
PET: 123456:勇者	蓝龙::Lv 34=StrUp,(0,100,475,196)(10:18)
PET: 123456:勇者	蓝龙::Lv 34=StrUp,(0,100,475,196)(10:18)
PET: 123456:勇者	蓝龙::Lv 34=StrUp,(0,100,475,196)(10:18)
PET: 123456:勇者	蓝龙::Lv 34=StrUp,(0,100,475,196)(10:18)
PET: 123456:勇者	蓝龙::Lv 34=StrUp,(0,100,475,196)(10:18)
PET: 123456:勇者	蓝龙::Lv 34=StrUp,(0,100,475,196)(10:18)
PET: 123456:勇者	蓝龙::Lv 34=StrUp,(0,100,475,196)(10:18)
PET: 123456:勇者	蓝龙::Lv 34=StrUp,(0,100,475,196)(10:18)
PET: 123456:勇者	纯白吓人箱::Lv 2=Drop,(0,100,475,196)(10:19)
PET: 123456:勇者	纯白吓人箱::Lv 2=PickUp,(0,100,477,196)(10:19)
PET: 123456:勇者	纯白吓人箱::Lv 34=MgcUp,(0,100,477,196)(10:20)
PET: 123456:勇者	纯白吓人箱::Lv 34=MgcUp,(0,100,477,196)(10:20)
PET: 123456:勇者	纯白吓人箱::Lv 34=MgcUp,(0,100,477,196)(10:20)
PET: 123456:勇者	纯白吓人箱::Lv 34=MgcUp,(0,100,477,196)(10:20)
PET: 123456:勇者	纯白吓人箱::Lv 34=MgcUp,(0,100,477,196)(10:20)
PET: 123456:勇者	纯白吓人箱::Lv 34=MgcUp,(0,100,477,196)(10:20)
PET: 123456:勇者	纯白吓人箱::Lv 34=MgcUp,(0,100,477,196)(10:20)
PET: 123456:勇者	纯白吓人箱::Lv 34=MgcUp,(0,100,477,196)(10:20)
PET: 123456:勇者	纯白吓人箱::Lv 34=MgcUp,(0,100,477,196)(10:20)
PET: 123456:勇者	纯白吓人箱::Lv 34=MgcUp,(0,100,477,196)(10:20)
PET: 123456:勇者	纯白吓人箱::Lv 34=MgcUp,(0,100,477,196)(10:20)
PET: 123456:勇者	纯白吓人箱::Lv 34=MgcUp,(0,100,477,196)(10:20)
PET: 123456:勇者	纯白吓人箱::Lv 34=MgcUp,(0,100,477,196)(10:20)
PET: 123456:勇者	纯白吓人箱::Lv 34=MgcUp,(0,100,477,196)(10:20)
PET: 123456:勇者	纯白吓人箱::Lv 34=MgcUp,(0,100,477,196)(10:20)
PET: 123456:勇者	纯白吓人箱::Lv 34=MgcUp,(0,100,477,196)(10:20)
PET: 123456:勇者	纯白吓人箱::Lv 34=MgcUp,(0,100,477,196)(10:20)
PET: 123456:勇者	纯白吓人箱::Lv 34=MgcUp,(0,100,477,196)(10:20)
PET: 123456:勇者	纯白吓人箱::Lv 34=MgcUp,(0,100,477,196)(10:20)
PET: 123456:勇者	纯白吓人箱::Lv 34=MgcUp,(0,100,477,196)(10:20)
PET: 123456:勇者	纯白吓人箱::Lv 34=MgcUp,(0,100,477,196)(10:20)
PET: 123456:勇者	纯白吓人箱::Lv 34=MgcUp,(0,100,477,196)(10:20)
PET: 123456:勇者	纯白吓人箱::Lv 34=MgcUp,(0,100,477,196)(10:20)
PET: 123456:勇者	纯白吓人箱::Lv 34=MgcUp,(0,100,477,196)(10:20)
PET: 123456:勇者	纯白吓人箱::Lv 34=MgcUp,(0,100,477,196)(10:20)
PET: 123456:勇者	纯白吓人箱::Lv 34=MgcUp,(0,100,477,196)(10:20)
PET: 123456:勇者	纯白吓人箱::Lv 34=MgcUp,(0,100,477,196)(10:20)
PET: 123456:勇者	纯白吓人箱::Lv 34=MgcUp,(0,100,477,196)(10:20)
PET: 123456:勇者	纯白吓人箱::Lv 34=MgcUp,(0,100,477,196)(10:20)
PET: 123456:勇者	纯白吓人箱::Lv 34=MgcUp,(0,100,477,196)(10:20)
PET: 123456:勇者	纯白吓人箱::Lv 34=MgcUp,(0,100,477,196)(10:20)
PET: 123456:勇者	纯白吓人箱::Lv 34=MgcUp,(0,100,477,196)(10:20)
PET: 123456:勇者	蓝龙::Lv 36=StrUp,(0,100,477,196)(10:22)
PET: 123456:勇者	蓝龙::Lv 36=StrUp,(0,100,477,196)(10:22)
PET: 123456:勇者	蓝龙::Lv 37=StrUp,(0,100,477,196)(10:22)
PET: 123456:勇者	蓝龙::Lv 38=StrUp,(0,100,477,196)(10:23)
PET: 123456:勇者	蓝龙::Lv 39=StrUp,(0,100,477,196)(10:23)
PET: 123456:勇者	纯白吓人箱::Lv 40=MgcUp,(0,100,477,196)(10:24)
PET: 123456:勇者	纯白吓人箱::Lv 40=MgcUp,(0,100,477,196)(10:24)
PET: 123456:勇者	纯白吓人箱::Lv 40=MgcUp,(0,100,477,196)(10:24)
PET: 123456:勇者	纯白吓人箱::Lv 40=MgcUp,(0,100,477,196)(10:24)
PET: 123456:勇者	纯白吓人箱::Lv 40=MgcUp,(0,100,477,196)(10:24)
PET: 123456:勇者	纯白吓人箱::Lv 40=MgcUp,(0,100,477,196)(10:24)
PET: 123456:勇者	犹大::Lv 40=StrUp,(0,100,477,196)(10:24)
PET: 123456:勇者	犹大::Lv 40=StrUp,(0,100,477,196)(10:24)
PET: 123456:勇者	犹大::Lv 40=StrUp,(0,100,477,196)(10:24)
PET: 123456:勇者	犹大::Lv 40=StrUp,(0,100,477,196)(10:24)
PET: 123456:勇者	犹大::Lv 40=StrUp,(0,100,477,196)(10:24)
PET: 123456:勇者	犹大::Lv 40=StrUp,(0,100,477,196)(10:24)
PET: 123456:勇者	犹大::Lv 40=StrUp,(0,100,477,196)(10:24)
PET: 123456:勇者	蓝龙::Lv 40=StrUp,(0,100,477,196)(10:24)
PET: 123456:勇者	螳螂::Lv 40=StrUp,(0,100,477,196)(10:25)
PET: 123456:勇者	螳螂::Lv 40=StrUp,(0,100,477,196)(10:25)
PET: 123456:勇者	螳螂::Lv 40=StrUp,(0,100,477,196)(10:25)
PET: 123456:勇者	螳螂::Lv 40=StrUp,(0,100,477,196)(10:25)
PET: 123456:勇者	螳螂::Lv 40=StrUp,(0,100,477,196)(10:25)
PET: 123456:勇者	螳螂::Lv 40=StrUp,(0,100,477,196)(10:25)
PET: 123456:勇者	螳螂::Lv 40=StrUp,(0,100,477,196)(10:25)
PET: 123456:勇者	口袋龙::Lv 40=StrUp,(0,100,477,196)(10:25)
PET: 123456:勇者	口袋龙::Lv 40=StrUp,(0,100,477,196)(10:25)
PET: 123456:勇者	口袋龙::Lv 40=StrUp,(0,100,477,196)(10:25)
PET: 123456:勇者	口袋龙::Lv 40=StrUp,(0,100,477,196)(10:25)
PET: 123456:勇者	口袋龙::Lv 40=StrUp,(0,100,477,196)(10:25)
PET: 123456:勇者	口袋龙::Lv 40=StrUp,(0,100,477,196)(10:25)
PET: 123456:勇者	口袋龙::Lv 40=StrUp,(0,100,477,196)(10:25)
PET: 123456:勇者	红龙::Lv 1=timeout_lost,(0,1000,241,87)(10:26)
PET: 123456:勇者	白龙::Lv 1=timeout_lost,(0,1000,240,87)(10:26)
PET: 123456:勇者	黄龙::Lv 1=timeout_lost,(0,1000,240,89)(10:26)
PET: 123456:勇者	绿龙::Lv 1=timeout_lost,(0,1000,238,89)(10:26)
PET: 123456:勇者	蓝龙::Lv 41=StrUp,(0,43000,318,884)(11:16)
PET: 123456:勇者	虎人::Lv 1=Drop,(0,59162,20,32)(5:24)
PET: 123456:勇者	虎人::Lv 1=PickUp,(0,59162,21,33)(5:24)
PET: 123456:勇者	虎人::Lv 1=Drop,(0,59162,16,33)(5:27)
PET: 123456:勇者	虎人::Lv 1=PickUp,(0,59162,16,33)(5:30)
PET: 123456:勇者	虎人::Lv 1=Drop,(0,59162,16,33)(5:30)
PET: 123456:勇者	史来母::Lv 1=Drop,(0,59162,16,33)(5:30)
PET: 123456:勇者	液态史来母::Lv 1=Drop,(0,59162,16,33)(5:33)
PET: 123456:勇者	史来母::Lv 1=PickUp,(0,59162,16,33)(5:33)
PET: 123456:勇者	史来母::Lv 1=Drop,(0,59162,16,33)(5:33)
PET: 123456:勇者	液态史来母::Lv 1=PickUp,(0,59162,16,33)(5:34)
PET: 123456:勇者	液态史来母::Lv 1=Drop,(0,59162,18,33)(5:34)
PET: 123456:勇者	虎人::Lv 1=PickUp,(0,59162,18,33)(5:34)
PET: 123456:勇者	虎人::Lv 1=Drop,(0,59162,16,29)(5:34)
PET: 123456:勇者	果冻史来母::Lv 1=Drop,(0,59162,16,29)(5:34)
PET: 123456:勇者	布丁史来母::Lv 1=Drop,(0,59162,16,29)(5:34)
PET: 123456:勇者	火精::Lv 1=Drop,(0,59162,16,29)(5:35)
PET: 123456:勇者	火精::Lv 1=PickUp,(0,59162,16,29)(5:35)
PET: 123456:勇者	火精::Lv 1=Drop,(0,59162,16,29)(5:36)
PET: 123456:勇者	虎人::Lv 1=PickUp,(0,59162,16,29)(5:36)
PET: 123456:勇者	尤拉蝙蝠::Lv 2=QuiUp,(0,100,475,196)(5:40)
PET: gm01:xx	尤拉蝙蝠::Lv 1=npc_event.c:EventAdd,(0,59740,116,98)(12:9)
PET: 123456:勇者	果冻史来母::Lv 1=timeout_lost,(0,59162,16,28)(12:46)
PET: 123456:勇者	火精::Lv 1=timeout_lost,(0,59162,17,28)(12:46)
PET: 123456:勇者	布丁史来母::Lv 1=timeout_lost,(0,59162,19,30)(12:46)
PET: 123456:勇者	液态史来母::Lv 1=timeout_lost,(0,59162,17,32)(12:46)
PET: 123456:勇者	史来母::Lv 1=timeout_lost,(0,59162,15,34)(12:46)
PET: 123456:勇者	里雍::Lv 1=Drop,(0,1000,242,101)(12:54)
PET: gm01:xx	里雍::Lv 1=PickUp,(0,1000,240,101)(12:54)
PET: gm01:xx	里雍::Lv 3=StrUp,(0,400,183,459)(13:1)
PET: gm01:xx	里雍::Lv 3=StrUp,(0,400,183,459)(13:1)
PET: 123456:勇者	大型奇美拉::Lv 6=VtlUp,(0,400,184,459)(13:2)
PET: gm01:xx	里雍::Lv 6=StrUp,(0,400,178,464)(13:3)
PET: gm01:xx	里雍::Lv 6=StrUp,(0,400,178,464)(13:3)
PET: gm01:xx	里雍::Lv 6=StrUp,(0,400,178,464)(13:3)
PET: 123456:勇者	大型奇美拉::Lv 7=VtlUp,(0,400,179,464)(13:3)
PET: gm01:xx	里雍::Lv 41=StrUp,(1,489,27,45)(13:21)
PET: gm01:xx	里雍::Lv 41=StrUp,(1,489,27,45)(13:21)
PET: gm01:xx	里雍::Lv 41=StrUp,(1,489,27,45)(13:21)
PET: gm01:xx	里雍::Lv 41=StrUp,(1,489,27,45)(13:21)
PET: gm01:xx	里雍::Lv 41=StrUp,(1,489,27,45)(13:21)
PET: gm01:xx	里雍::Lv 41=StrUp,(1,489,27,45)(13:21)
PET: gm01:xx	里雍::Lv 41=StrUp,(1,489,27,45)(13:21)
PET: gm01:xx	里雍::Lv 41=StrUp,(1,489,27,45)(13:21)
PET: gm01:xx	里雍::Lv 41=StrUp,(1,489,27,45)(13:21)
PET: gm01:xx	里雍::Lv 41=StrUp,(1,489,27,45)(13:21)
PET: gm01:xx	里雍::Lv 41=StrUp,(1,489,27,45)(13:21)
PET: gm01:xx	里雍::Lv 41=StrUp,(1,489,27,45)(13:21)
PET: gm01:xx	里雍::Lv 41=StrUp,(1,489,27,45)(13:21)
PET: gm01:xx	里雍::Lv 41=StrUp,(1,489,27,45)(13:21)
PET: gm01:xx	里雍::Lv 41=StrUp,(1,489,27,45)(13:21)
PET: gm01:xx	里雍::Lv 41=StrUp,(1,489,27,45)(13:21)
PET: gm01:xx	里雍::Lv 41=StrUp,(1,489,27,45)(13:21)
PET: gm01:xx	里雍::Lv 41=StrUp,(1,489,27,45)(13:21)
PET: gm01:xx	里雍::Lv 41=StrUp,(1,489,27,45)(13:21)
PET: gm01:xx	里雍::Lv 41=StrUp,(1,489,27,45)(13:21)
PET: gm01:xx	里雍::Lv 41=StrUp,(1,489,27,45)(13:21)
PET: gm01:xx	里雍::Lv 41=StrUp,(1,489,27,45)(13:21)
PET: gm01:xx	里雍::Lv 41=StrUp,(1,489,27,45)(13:21)
PET: gm01:xx	里雍::Lv 41=StrUp,(1,489,27,45)(13:21)
PET: gm01:xx	里雍::Lv 41=StrUp,(1,489,27,45)(13:21)
PET: gm01:xx	里雍::Lv 41=StrUp,(1,489,27,45)(13:21)
PET: gm01:xx	里雍::Lv 41=StrUp,(1,489,27,45)(13:21)
PET: gm01:xx	里雍::Lv 41=StrUp,(1,489,27,45)(13:21)
PET: gm01:xx	里雍::Lv 41=StrUp,(1,489,27,45)(13:21)
PET: gm01:xx	里雍::Lv 41=StrUp,(1,489,27,45)(13:21)
PET: gm01:xx	里雍::Lv 41=StrUp,(1,489,27,45)(13:21)
PET: gm01:xx	里雍::Lv 41=StrUp,(1,489,27,45)(13:21)
PET: gm01:xx	里雍::Lv 41=StrUp,(1,489,27,45)(13:21)
PET: gm01:xx	里雍::Lv 41=StrUp,(1,489,27,45)(13:21)
PET: gm01:xx	里雍::Lv 41=StrUp,(1,489,27,45)(13:21)
PET: 123456:勇者	大型奇美拉::Lv 41=VtlUp,(1,489,27,44)(13:21)
PET: 123456:勇者	大型奇美拉::Lv 41=VtlUp,(1,489,27,44)(13:21)
PET: 123456:勇者	大型奇美拉::Lv 41=VtlUp,(1,489,27,44)(13:21)
PET: 123456:勇者	大型奇美拉::Lv 41=VtlUp,(1,489,27,44)(13:21)
PET: 123456:勇者	大型奇美拉::Lv 41=VtlUp,(1,489,27,44)(13:21)
PET: 123456:勇者	大型奇美拉::Lv 41=VtlUp,(1,489,27,44)(13:21)
PET: 123456:勇者	大型奇美拉::Lv 41=VtlUp,(1,489,27,44)(13:22)
PET: 123456:勇者	大型奇美拉::Lv 41=VtlUp,(1,489,27,44)(13:22)
PET: 123456:勇者	大型奇美拉::Lv 41=VtlUp,(1,489,27,44)(13:22)
PET: 123456:勇者	大型奇美拉::Lv 41=VtlUp,(1,489,27,44)(13:22)
PET: 123456:勇者	大型奇美拉::Lv 41=VtlUp,(1,489,27,44)(13:22)
PET: 123456:勇者	大型奇美拉::Lv 41=VtlUp,(1,489,27,44)(13:22)
PET: 123456:勇者	大型奇美拉::Lv 41=VtlUp,(1,489,27,44)(13:22)
PET: 123456:勇者	大型奇美拉::Lv 41=VtlUp,(1,489,27,44)(13:22)
PET: 123456:勇者	大型奇美拉::Lv 41=VtlUp,(1,489,27,44)(13:22)
PET: 123456:勇者	大型奇美拉::Lv 41=VtlUp,(1,489,27,44)(13:22)
PET: 123456:勇者	大型奇美拉::Lv 41=VtlUp,(1,489,27,44)(13:22)
PET: 123456:勇者	大型奇美拉::Lv 41=VtlUp,(1,489,27,44)(13:22)
PET: 123456:勇者	大型奇美拉::Lv 41=VtlUp,(1,489,27,44)(13:22)
PET: 123456:勇者	大型奇美拉::Lv 41=VtlUp,(1,489,27,44)(13:22)
PET: 123456:勇者	大型奇美拉::Lv 41=VtlUp,(1,489,27,44)(13:22)
PET: 123456:勇者	大型奇美拉::Lv 41=VtlUp,(1,489,27,44)(13:22)
PET: 123456:勇者	大型奇美拉::Lv 41=VtlUp,(1,489,27,44)(13:22)
PET: 123456:勇者	大型奇美拉::Lv 41=VtlUp,(1,489,27,44)(13:22)
PET: 123456:勇者	大型奇美拉::Lv 41=VtlUp,(1,489,27,44)(13:22)
PET: 123456:勇者	大型奇美拉::Lv 41=VtlUp,(1,489,27,44)(13:22)
PET: 123456:勇者	大型奇美拉::Lv 41=VtlUp,(1,489,27,44)(13:22)
PET: 123456:勇者	大型奇美拉::Lv 41=VtlUp,(1,489,27,44)(13:22)
PET: 123456:勇者	大型奇美拉::Lv 41=VtlUp,(1,489,27,44)(13:22)
PET: 123456:勇者	大型奇美拉::Lv 41=VtlUp,(1,489,27,44)(13:22)
PET: 123456:勇者	大型奇美拉::Lv 41=VtlUp,(1,489,27,44)(13:22)
PET: 123456:勇者	大型奇美拉::Lv 41=VtlUp,(1,489,27,44)(13:22)
PET: 123456:勇者	大型奇美拉::Lv 41=VtlUp,(1,489,27,44)(13:22)
PET: 123456:勇者	大型奇美拉::Lv 41=VtlUp,(1,489,27,44)(13:22)
PET: gm01:xx	里雍::Lv 42=StrUp,(0,16512,26,26)(13:28)
PET: 123456:勇者	大型奇美拉::Lv 42=VtlUp,(0,16512,26,26)(13:28)
PET: 123456:勇者	大型奇美拉::Lv 49=StrUp,(0,100,583,46)(2:3)
PET: 123456:勇者	大型奇美拉::Lv 49=StrUp,(0,100,583,46)(2:3)
PET: 123456:勇者	大型奇美拉::Lv 49=StrUp,(0,100,583,46)(2:3)
PET: 123456:勇者	大型奇美拉::Lv 49=StrUp,(0,100,583,46)(2:3)
PET: 123456:勇者	大型奇美拉::Lv 49=StrUp,(0,100,583,46)(2:3)
PET: 123456:勇者	大型奇美拉::Lv 49=StrUp,(0,100,583,46)(2:3)
PET: 123456:勇者	大型奇美拉::Lv 49=StrUp,(0,100,583,46)(2:3)
PET: 123456:勇者	大型奇美拉::Lv 51=StrUp,(0,100,583,46)(2:4)
PET: 123456:勇者	大型奇美拉::Lv 51=StrUp,(0,100,583,46)(2:4)
PET: 123456:勇者	尤拉蝙蝠::Lv 7=QuiUp,(0,400,211,454)(2:53)
PET: 123456:勇者	尤拉蝙蝠::Lv 7=QuiUp,(0,400,211,454)(2:53)
PET: 123456:勇者	尤拉蝙蝠::Lv 8=QuiUp,(0,400,149,440)(2:54)
PET: 123456:勇者	尤拉蝙蝠::Lv 9=QuiUp,(0,402,234,170)(3:6)
PET: 123456:勇者	尤拉蝙蝠::Lv 10=QuiUp,(0,402,107,149)(3:36)
PET: 123456:勇者	大型奇美拉::Lv 51=Drop,(0,14003,30,25)(4:4)
PET: 123456:勇者	大型奇美拉::Lv 51=PickUp,(0,14003,30,25)(4:4)
PET: 123456:勇者	大型奇美拉::Lv 51=Drop,(0,14003,17,24)(4:4)
PET: 123456:勇者	大型奇美拉::Lv 51=PickUp,(0,14003,18,24)(4:6)
PET: 123456:勇者	大型奇美拉::Lv 51=Drop,(0,14003,17,25)(4:6)
PET: 123456:勇者	大型奇美拉::Lv 51=PickUp,(0,14003,18,23)(4:8)
PET: 123456:勇者	大型奇美拉::Lv 52=StrUp,(0,4502,9,10)(4:15)
PET: 123456:勇者	大型奇美拉::Lv 53=StrUp,(0,20003,43,7)(5:18)
PET: 123456:Warrior	水龙蜥::Lv 1=npc_event.c:EventAdd,(0,1521,51,78)(21:3)
PET: test:大强	欧图蝙蝠::Lv 1=npc_event.c:EventAdd,(0,59740,116,98)(4:44)
PET: test:大强	欧图蝙蝠::Lv 1=npc_event.c:EventAdd,(0,59740,116,98)(19:5)
PET: test:大强	欧图蝙蝠::Lv 2=QuiUp,(0,100,480,199)(19:18)
PET: test:大强	欧图蝙蝠::Lv 3=MgcUp,(0,100,480,198)(19:22)
PET: test:大强	欧图蝙蝠::Lv 4=MgcUp,(0,100,480,198)(19:23)
PET: test:大强	欧图蝙蝠::Lv 5=MgcUp,(0,100,353,145)(19:33)
PET: test:大强	欧图蝙蝠::Lv 6=MgcUp,(0,11008,22,40)(19:41)
