TALK: 123456:勇者:Tk:(P|[zz feverstart]),(0,11000,1,2)(1:42)
TALK: 123456:勇者:Tk:(P|[zz heal]),(0,11002,0,1)(1:53)
TALK: 123456:勇者:Tk:(P|[zz level 23]),(0,1000,6,4)(2:24)
TALK: 123456:勇者:Tk:(P|[zz level 24]),(0,1000,6,4)(2:24)
TALK: 123456:勇者:Tk:(P|[zz level 22]),(0,1000,6,4)(2:24)
TALK: 123456:勇者:Tk:(P|[zz level 23]),(0,1000,6,4)(2:25)
TALK: 123456:勇者:Tk:(P|[zz level 21]),(0,1000,4,4)(2:25)
TALK: 123456:勇者:Tk:(P|[zz level 23]),(0,1000,4,4)(2:26)
TALK: 123456:勇者:Tk:(P|[zz tgh 30]),(0,1000,3,4)(2:26)
TALK: 123456:勇者:Tk:(P|[zz tgh 300]),(0,1000,3,4)(2:27)
TALK: 123456:勇者:Tk:(P|[zz tgh 3000]),(0,1000,3,4)(2:27)
TALK: 123456:勇者:Tk:(P|[zz tgh 2800]),(0,1000,3,4)(2:27)
TALK: 123456:勇者:Tk:(P|[zz level 21]),(0,1000,5,4)(2:41)
TALK: 123456:勇者:Tk:(P|[zz level 23]),(0,1000,5,4)(2:41)
TALK: 123456:勇者:Tk:(P|[zz vital 100]),(0,1000,5,4)(2:42)
TALK: 123456:勇者:Tk:(P|[zz vital 1000]),(0,1000,5,4)(2:42)
TALK: 123456:勇者:Tk:(P|[zz vital 900]),(0,1000,5,4)(2:42)
TALK: 123456:勇者:Tk:(P|[zz vital 3400]),(0,1000,5,4)(2:44)
TALK: 123456:勇者:Tk:(P|[zz quick 3500]),(0,1000,5,4)(2:45)
TALK: 123456:勇者:Tk:(P|[zz tgh 400]),(0,1000,5,4)(2:45)
TALK: 123456:勇者:Tk:(P|[zz gold 25000]),(0,59162,0,0)(3:6)
TALK: 123456:勇者:Tk:(P|[zz additem 9201]),(0,59162,0,0)(3:10)
TALK: 123456:勇者:Tk:(P|[zz additem 9401]),(0,59162,0,0)(3:12)
TALK: 123456:勇者:Tk:(P|[zz makepet 911]),(0,1000,3,3)(3:34)
TALK: gm01:神射手:Tk:(P|[zz noencount]),(0,11015,1,0)(4:6)
TALK: gm01:神射手:Tk:(P|[zz noencount]),(0,11015,1,0)(4:6)
TALK: gm01:神射手:Tk:(P|[zz battlein]),(0,11015,0,1)(4:7)
TALK: gm01:神射手:Tk:(P|[zz battlein]),(0,100,16,6)(4:10)
TALK: gm01:神射手:Tk:(P|[zz battlein]),(0,100,15,6)(4:14)
TALK: gm01:神射手:Tk:(P|[zz battlein]),(0,100,15,6)(4:15)
TALK: gm01:神射手:Tk:(P|[zz battlein]),(0,100,15,6)(4:15)
TALK: gm01:神射手:Tk:(P|[zz battlein]),(0,100,15,6)(4:15)
TALK: gm01:神射手:Tk:(P|[zz gold 2828]),(0,1011,0,0)(6:55)
TALK: gm01:神射手:Tk:(P|[zz feverstart]),(0,11006,0,0)(6:58)
TALK: gm01:神射手:Tk:(P|[zz heal]),(0,11008,0,0)(7:2)
TALK: gm01:神射手:Tk:(P|[zz noencount]),(0,11010,0,0)(7:9)
TALK: gm01:神射手:Tk:(P|[zz gold 8208]),(0,59162,0,0)(7:15)
TALK: gm01:神射手:Tk:(P|[zz gold 9208]),(0,59162,0,0)(7:16)
TALK: gm01:神射手:Tk:(P|[zz gold 9208]),(0,59162,0,0)(7:16)
TALK: gm01:神射手:Tk:(P|[zz warp 0 11015 8 2]),(0,1000,2,4)(7:31)
TALK: gm01:神射手:Tk:(P|[zz noencount]),(1,17,0,1)(7:31)
TALK: gm01:神射手:Tk:(P|[zz battlein]),(1,17,0,1)(7:31)
TALK: gm01:神射手:Tk:(P|[zz feverstart]),(1,17,0,1)(7:33)
TALK: gm01:神射手:Tk:(P|[zz heal]),(1,17,0,1)(7:33)
TALK: gm01:神射手:Tk:(P|[zz battlein]),(1,17,0,1)(7:33)
TALK: gm01:神射手:Tk:(P|[zz heal]),(1,17,0,1)(7:34)
TALK: gm01:神射手:Tk:(P|[zz battlein]),(1,17,0,1)(7:34)
TALK: gm01:神射手:Tk:(P|[zz heal]),(1,17,0,1)(7:36)
TALK: gm01:神射手:Tk:(P|[zz battlein]),(1,17,0,1)(7:36)
TALK: gm01:神射手:Tk:(P|[zz battlein]),(1,17,0,1)(7:36)
TALK: gm01:神射手:Tk:(P|[zz heal]),(1,17,0,1)(7:38)
TALK: gm01:神射手:Tk:(P|[zz battlein]),(1,17,0,1)(7:38)
TALK: gm01:神射手:Tk:(P|[zz battlein]),(1,17,0,1)(7:38)
TALK: gm01:神射手:Tk:(P|[zz battlein]),(1,17,0,1)(7:39)
TALK: gm01:神射手:Tk:(P|[zz battlein]),(1,17,0,1)(7:40)
TALK: 123456:勇者:Tk:(P|[zz battlein]),(0,100,12,6)(13:38)
TALK: 123456:勇者:Tk:(P|[zz battlein]),(0,100,12,6)(13:47)
TALK: 123456:勇者:Tk:(P|[zz battlein]),(0,100,12,6)(13:48)
TALK: 123456:勇者:Tk:(P|[zz battlein]),(0,100,12,6)(13:49)
TALK: 123456:勇者:Tk:(P|[zz battlein]),(0,100,12,6)(13:50)
TALK: 123456:勇者:Tk:(P|[zz feverstart]),(0,100,12,6)(13:51)
TALK: 123456:勇者:Tk:(P|[zz feverstart]),(0,100,12,6)(13:51)
TALK: 123456:勇者:Tk:(P|[zz battlein]),(0,100,12,6)(13:51)
TALK: 123456:勇者:Tk:(P|[zz gold 1000000]),(0,59162,0,0)(13:54)
TALK: 123456:勇者:Tk:(P|[zz gold 10000]),(0,59162,0,0)(13:57)
TALK: 123456:勇者:Tk:(P|头目万岁),(0,1172,0,0)(17:44)
TALK: 123456:勇者:Tk:(P|头目万岁),(0,1172,0,0)(17:44)
TALK: 123456:勇者:Tk:(P|头目万岁),(0,1172,0,0)(17:44)
TALK: 123456:勇者:Tk:(P|头目万岁),(0,1172,0,0)(17:44)
TALK: 123456:勇者:Tk:(P|头目万岁),(0,1172,0,0)(17:44)
TALK: 123456:勇者:Tk:(P|头目万岁),(0,1172,0,0)(17:45)
TALK: 123456:勇者:Tk:(P|头目万岁),(0,1172,0,0)(17:45)
TALK: 123456:勇者:Tk:(P|头目万岁),(0,1172,0,0)(17:45)
TALK: 123456:勇者:Tk:(P|头目万岁),(0,1172,0,0)(17:45)
TALK: 123456:勇者:Tk:(P|头目万岁),(0,1172,0,0)(17:45)
TALK: 123456:勇者:Tk:(P|[zz feverstart]),(0,1000,3,4)(18:0)
TALK: 123456:勇者:Tk:(P|[zz feverstart]),(0,1000,5,4)(18:0)
TALK: 123456:勇者:Tk:(P|[zz noencount]),(1,210,1,1)(18:2)
TALK: 123456:勇者:Tk:(P|[zz noencount]),(1,210,1,1)(18:2)
TALK: 123456:勇者:Tk:(P|[zz noencount]),(1,211,1,2)(18:7)
TALK: 123456:勇者:Tk:(P|[zz noencount]),(0,100,14,10)(18:25)
TALK: 123456:勇者:Tk:(P|[zz additem 18242]),(1,211,1,3)(18:32)
TALK: 123456:勇者:Tk:(P|[zz noencount]),(1,211,1,2)(18:35)
TALK: 123456:勇者:Tk:(P|[zz makepet 1]),(0,1188,0,0)(18:42)
TALK: 123456:勇者:Tk:(P|[zz petexp 5 10]),(0,1188,0,0)(18:46)
TALK: 123456:勇者:Tk:(P|[zz petexp 1 10]),(0,1188,0,0)(18:46)
TALK: 123456:勇者:Tk:(P|[zz petexp 1 8]),(0,1188,0,0)(18:47)
TALK: 123456:勇者:Tk:(P|[zz petexp 1 0]),(0,1188,0,0)(18:47)
TALK: 123456:勇者:Tk:(P|[zz petlevel 1 1]),(0,1000,5,4)(18:48)
TALK: 123456:勇者:Tk:(P|[zz noencount]),(1,35,1,1)(1:18)
TALK: 123456:勇者:Tk:(P|[zz noencount]),(1,35,1,1)(1:18)
TALK: 123456:勇者:Tk:(P|[zz feverstart]),(1,35,1,1)(1:18)
TALK: 123456:勇者:Tk:(P|[zz battlein]),(1,35,1,1)(1:18)
TALK: 123456:勇者:Tk:(P|[zz heal]),(1,35,1,1)(1:20)
TALK: 123456:勇者:Tk:(P|[zz heal]),(1,35,1,1)(1:20)
TALK: 123456:勇者:Tk:(P|[zz noencount]),(1,35,1,1)(1:20)
TALK: 123456:勇者:Tk:(P|[zz noencount]),(1,35,1,1)(1:21)
TALK: 123456:勇者:Tk:(P|[zz heal]),(1,41,0,2)(1:36)
TALK: 123456:勇者:Tk:(P|[zz noencount]),(1,41,1,1)(1:39)
TALK: 123456:勇者:Tk:(P|[zz mapinfo]),(0,15503,0,1)(1:41)
TALK: 123456:勇者:Tk:(P|[zz sysinfo]),(0,15503,0,1)(1:41)
TALK: 123456:勇者:Tk:(P|[zz battlein]),(0,15503,0,1)(1:42)
TALK: 123456:勇者:Tk:(P|[zz noencount]),(0,15503,0,1)(1:42)
TALK: 123456:勇者:Tk:(P|[zz battlein]),(0,15503,0,1)(1:42)
TALK: 123456:勇者:Tk:(P|w),(0,1000,8,2)(2:2)
TALK: 123456:勇者:Tk:(P|[zz makepet 932]),(0,2112,0,0)(2:4)
TALK: 123456:勇者:Tk:(P|[zz makepet 934]),(0,2112,0,0)(2:4)
TALK: 123456:勇者:Tk:(P|[zz makepet 931]),(0,2112,0,0)(2:4)
TALK: 123456:勇者:Tk:(P|[zz makepet 933]),(0,2112,0,0)(2:5)
TALK: 123456:勇者:Tk:(P|[zz makepet 935]),(0,2112,0,0)(2:5)
TALK: 123456:勇者:Tk:(P|[zz battlein]),(0,100,11,16)(2:8)
TALK: 123456:勇者:Tk:(P|[zz battlein]),(0,100,11,16)(2:8)
TALK: 123456:勇者:Tk:(P|[zz feverstart]),(0,100,11,16)(2:8)
TALK: 123456:勇者:Tk:(P|[zz battlein]),(0,100,11,16)(2:8)
TALK: 123456:勇者:Tk:(P|[zz battlein]),(0,100,11,16)(2:9)
TALK: 123456:勇者:Tk:(P|[zz battlein]),(0,100,11,16)(2:9)
TALK: 123456:勇者:Tk:(P|[zz battlein]),(0,100,11,16)(2:9)
TALK: 123456:勇者:Tk:(P|[zz battlein]),(0,100,11,16)(2:9)
TALK: 123456:勇者:Tk:(P|[zz battlein]),(0,100,11,16)(2:10)
TALK: 123456:勇者:Tk:(P|[zz battlein]),(0,100,11,16)(2:10)
TALK: 123456:勇者:Tk:(P|[zz battlein]),(0,100,11,16)(2:10)
TALK: 123456:勇者:Tk:(P|[zz battlein]),(0,100,11,16)(2:10)
TALK: 123456:勇者:Tk:(P|[zz battlein]),(0,100,11,16)(2:11)
TALK: 123456:勇者:Tk:(P|[zz battlein]),(0,100,11,16)(2:11)
TALK: 123456:勇者:Tk:(P|[zz noencount]),(0,100,11,15)(2:14)
TALK: 123456:勇者:Tk:(P|[zz noencount]),(0,100,11,15)(2:14)
TALK: 123456:勇者:Tk:(P|[zz noencount]),(1,233,1,0)(2:17)
TALK: 123456:勇者:Tk:(P|[zz heal]),(0,15507,0,0)(2:20)
TALK: 123456:勇者:Tk:(P|[zz heal]),(0,15507,0,0)(2:29)
TALK: 123456:勇者:Tk:(P|[zz additem 16382]),(0,15507,0,0)(2:29)
TALK: 123456:勇者:Tk:(P|w),(0,1000,8,2)(2:32)
TALK: 123456:勇者:Tk:(P|[zz warp 0 15507 29 14]),(0,2110,0,0)(2:32)
TALK: 123456:勇者:Tk:(P|[zz additemmax 15611]),(0,15507,0,0)(2:34)
TALK: 123456:勇者:Tk:(P|w),(0,1000,8,2)(2:40)
TALK: 123456:勇者:Tk:(P|[zz warp 0 15507 29 14]),(0,2100,1,1)(2:42)
TALK: 123456:勇者:Tk:(P|w),(0,1000,8,2)(2:42)
TALK: 123456:勇者:Tk:(P|[zz addite 18315]),(0,2110,0,0)(2:43)
TALK: 123456:勇者:Tk:(P|[zz additem 18315]),(0,2110,0,0)(2:44)
TALK: 123456:勇者:Tk:(P|[zz warp 0 15507 29 14]),(0,2110,0,0)(2:44)
TALK: 123456:勇者:Tk:(P|[zz additem 18316]),(0,15508,1,0)(2:49)
TALK: 123456:勇者:Tk:(P|[zz additem 18316]),(0,15508,1,0)(2:50)
TALK: 123456:勇者:Tk:(P|[zz additem 18316]),(0,15508,1,0)(2:51)
TALK: 123456:勇者:Tk:(P|w),(0,1000,8,2)(3:9)
TALK: 123456:勇者:Tk:(P|v),(0,1000,8,2)(3:17)
TALK: 123456:勇者:Tk:(P|[zz gold 10000]),(0,2401,0,0)(3:25)
TALK: 123456:勇者:Tk:(P|y),(0,1000,8,2)(3:28)
TALK: 123456:勇者:Tk:(P|w),(0,1000,8,2)(3:30)
TALK: 123456:勇者:Tk:(P|[zz noencount]),(1,35,2,1)(3:30)
TALK: 123456:勇者:Tk:(P|[zz additem 18337]),(0,2100,1,1)(3:45)
TALK: 123456:勇者:Tk:(P|[zz makepet ]6060),(0,2100,1,1)(3:46)
TALK: 123456:勇者:Tk:(P|[zz makepet 6060]),(0,2100,1,1)(3:46)
TALK: 123456:勇者:Tk:(P|[zz makepet 306200]),(0,2100,1,1)(3:47)
TALK: 123456:勇者:Tk:(P|[zz makepet 305303]),(0,2100,1,1)(3:48)
TALK: 123456:勇者:Tk:(P|[zz makepet 305300]),(0,2100,1,1)(3:48)
TALK: 123456:勇者:Tk:(P|[zz additem 18330]),(0,2100,1,1)(3:50)
TALK: 123456:勇者:Tk:(P|[zz warp 0 4232 15 16]),(0,2100,0,1)(3:53)
TALK: 123456:勇者:Tk:(P|[zz warp 0 4299 20 20]),(0,2100,0,1)(3:54)
TALK: 123456:勇者:Tk:(P|[zz warp 0 4399 20 20]),(0,2100,0,1)(3:54)
TALK: 123456:勇者:Tk:(P|[zz warp 0 4399 20 30]),(0,2100,0,1)(3:54)
TALK: 123456:勇者:Tk:(P|[zz warp 0 11019 25 28]),(0,2100,0,1)(3:54)
TALK: 123456:勇者:Tk:(P|[zz warp 1 403 22 59] ),(0,11019,0,0)(3:55)
TALK: 123456:勇者:Tk:(P|[zz warp 1 403 22 59]),(0,11019,0,0)(3:55)
TALK: 123456:勇者:Tk:(P|[zz warp 1 403 30 59]),(1,403,0,1)(3:55)
TALK: 123456:勇者:Tk:(P|[zz warp 1 403 30 80]),(1,403,1,1)(3:55)
TALK: 123456:勇者:Tk:(P|[zz warp 1 403 30 29]),(1,403,1,1)(3:55)
TALK: 123456:勇者:Tk:(P|[zz warp 1 403 30 9]),(1,403,1,0)(3:55)
TALK: 123456:勇者:Tk:(P|[zz warp 1 403 10 9]),(1,403,1,0)(3:56)
TALK: 123456:勇者:Tk:(P|[zz warp 0 20116 45 63]),(1,404,1,1)(3:56)
TALK: 123456:勇者:Tk:(P|[zz battlein]),(0,20116,1,2)(3:56)
TALK: 123456:勇者:Tk:(P|[zz noencount]),(0,20116,1,2)(3:57)
TALK: 123456:勇者:Tk:(P|[zz battlein]),(0,20116,1,2)(3:57)
TALK: 123456:勇者:Tk:(P|[zz makepet 10061]),(0,20116,2,2)(3:57)
TALK: 123456:勇者:Tk:(P|[zz makepet 10060]),(0,20116,2,2)(3:58)
TALK: 123456:勇者:Tk:(P|[zz makepet 10047]),(0,20116,2,2)(3:59)
TALK: 123456:勇者:Tk:(P|[zz sysinfo]),(0,20116,1,2)(4:2)
TALK: 123456:勇者:Tk:(P|[zz checktitle]),(0,20116,1,2)(4:3)
TALK: 123456:勇者:Tk:(P|[zz checktitle]),(0,20116,1,2)(4:3)
TALK: 123456:勇者:Tk:(P|[zz gold 10000]),(0,1000,8,2)(4:28)
TALK: 123456:勇者:Tk:(P|w),(0,1000,8,2)(4:31)
TALK: 123456:勇者:Tk:(P|w),(0,1000,8,2)(4:42)
TALK: 123456:勇者:Tk:(P|w),(0,1000,8,2)(4:44)
TALK: 123456:勇者:Tk:(P|.additem 18243),(0,2100,1,1)(4:55)
TALK: 123456:勇者:Tk:(P|[zz additem 18342]),(0,2100,1,1)(4:55)
TALK: 123456:勇者:Tk:(P|[zz additem 18243]),(0,2100,1,1)(4:55)
TALK: 123456:勇者:Tk:(P|w),(0,1000,8,2)(4:57)
TALK: 123456:勇者:Tk:(P|[zz additem 18337]),(0,2100,1,1)(4:57)
TALK: 123456:勇者:Tk:(P|[zz additem 18336]),(0,2100,1,1)(4:57)
TALK: 123456:勇者:Tk:(P|[zz additem 18335]),(0,2100,1,1)(4:58)
TALK: 123456:勇者:Tk:(P|[zz additem 18334]),(0,2100,1,1)(4:58)
TALK: 123456:勇者:Tk:(P|[zz additem 18329]),(0,2100,1,1)(4:58)
TALK: 123456:勇者:Tk:(P|[zz additem 18331]),(0,2100,1,1)(4:58)
TALK: 123456:勇者:Tk:(P|[zz gold 10000]),(0,1031,0,0)(5:3)
TALK: 123456:勇者:Tk:(P|[zz noencount]),(0,1000,7,2)(5:23)
TALK: 123456:勇者:Tk:(P|[zz noencount]),(0,1000,7,2)(5:23)
TALK: 123456:勇者:Tk:(P|[zz makepet 936]),(0,1000,8,2)(5:24)
TALK: 123456:勇者:Tk:(P|[zz makepet 942]),(0,1000,9,2)(5:25)
TALK: 123456:勇者:Tk:(P|[zz makepet 906]),(0,1000,9,2)(5:25)
TALK: 123456:勇者:Tk:(P|[zz makepet 941]),(0,1000,9,3)(5:27)
TALK: 123456:勇者:Tk:(P|[zz makepet 1035]),(0,1000,9,2)(5:28)
TALK: 123456:勇者:Tk:(P|[zz makepet 1035]),(0,1000,9,2)(5:28)
TALK: 123456:勇者:Tk:(P|[zz makepet 1000]),(0,1000,8,2)(5:28)
TALK: 123456:勇者:Tk:(P|[zz makepet 1036]),(0,1000,9,2)(5:28)
TALK: 123456:勇者:Tk:(P|[zz makepet 921]),(0,1000,9,2)(5:29)
TALK: 123456:勇者:Tk:(P|[zz battlein]),(0,100,15,6)(5:29)
TALK: 123456:勇者:Tk:(P|[zz warp 0 11015 8 2]),(0,1000,0,0)(5:34)
TALK: 123456:勇者:Tk:(P|aaaaaa),(0,1000,4,4)(5:38)
TALK: 123456:勇者:Tk:(P|aaaaaa),(0,1000,4,4)(5:38)
TALK: 123456:勇者:Tk:(P|aaaaaa),(0,1000,4,4)(5:38)
TALK: 123456:勇者:Tk:(P|aaaaaa),(0,1000,4,4)(5:38)
TALK: 123456:勇者:Tk:(P|aaaaaa),(0,1000,4,4)(5:38)
TALK: 123456:勇者:Tk:(P|aaaaaa),(0,1000,4,4)(5:38)
TALK: 123456:勇者:Tk:(P|aaaaaa),(0,1000,4,4)(5:38)
TALK: 123456:勇者:Tk:(P|aaaaaa),(0,1000,4,4)(5:38)
TALK: 123456:勇者:Tk:(P|aaaaaa),(0,1000,4,4)(5:38)
TALK: 123456:勇者:Tk:(P|[zz warp 0 6091 8 2]),(0,1000,4,5)(5:48)
TALK: 123456:勇者:Tk:(P|[zz warp 0 6093 8 2]),(0,1000,4,5)(5:48)
TALK: 123456:勇者:Tk:(P|[zz warp 0 6093 80 20]),(0,1000,4,5)(5:48)
TALK: 123456:勇者:Tk:(P|[zz warp 0 808044 80 20]),(0,1000,4,5)(5:48)
TALK: 123456:勇者:Tk:(P|[zz warp 0 808044 0 0]),(0,1000,4,5)(5:48)
TALK: 123456:勇者:Tk:(P|[zz warp 0 8409 0 0]),(0,1000,4,5)(5:49)
TALK: 123456:勇者:Tk:(P|[zz warp 0 6195 0 0]),(0,1000,4,5)(5:49)
TALK: 123456:勇者:Tk:(P|[zz warp 0 6195 12 10]),(0,1000,4,5)(5:49)
TALK: 123456:勇者:Tk:(P|[zz warp 0 777 12 10]),(0,1000,4,5)(5:50)
TALK: 123456:勇者:Tk:(P|[zz warp 0 777 12 10]),(0,777,0,0)(5:51)
TALK: 123456:勇者:Tk:(P|[zz heal]),(0,777,0,0)(5:51)
TALK: 123456:勇者:Tk:(P|[zz warp 0 2100 12 10]),(0,777,0,0)(5:51)
TALK: 123456:勇者:Tk:(P|[zz warp 0 15508 12 10]),(0,2100,0,0)(5:52)
TALK: 123456:勇者:Tk:(P|[zz warp 0 15508 16 16]),(0,15508,0,0)(5:52)
TALK: 123456:勇者:Tk:(P|[zz warp 0 15508 20 20]),(0,15508,0,0)(5:52)
TALK: 123456:勇者:Tk:(P|[zz warp 0 15503 20 20]),(0,15508,0,0)(5:52)
TALK: 123456:勇者:Tk:(P|[zz warp 0 15503 22 30]),(0,15503,0,0)(5:53)
TALK: 123456:勇者:Tk:(P|[zz warp 0 15504 22 30]),(0,15503,0,1)(5:53)
TALK: 123456:勇者:Tk:(P|[zz warp 0 555 22 30]),(0,15504,1,0)(5:54)
TALK: 123456:勇者:Tk:(P|[zz warp 0 15518 22 30]),(0,555,0,0)(5:55)
TALK: 123456:勇者:Tk:(P|[zz warp 0 8634 22 30]),(0,15518,0,0)(5:56)
TALK: 123456:勇者:Tk:(P|[zz warp 0 8534 22 30]),(0,15518,0,0)(5:56)
TALK: 123456:勇者:Tk:(P|[zz warp 0 300 22 30]),(0,15518,0,0)(5:56)
TALK: 123456:勇者:Tk:(P|[zz warp 0 204 22 30]),(0,300,0,1)(5:56)
TALK: 123456:勇者:Tk:(P|[zz warp 0 13009 22 30]),(0,300,0,1)(5:56)
TALK: 123456:勇者:Tk:(P|[zz warp 0 59505 22 30]),(0,13009,1,0)(5:57)
TALK: 123456:勇者:Tk:(P|[zz warp 0 59505 266 206]),(0,59505,0,1)(5:57)
TALK: 123456:勇者:Tk:(P|[zz warp 0 59505 266 266]),(0,59505,8,6)(5:58)
TALK: 123456:勇者:Tk:(P|[zz warp 0 13018 266 266]),(0,59505,9,9)(5:58)
TALK: 123456:勇者:Tk:(P|[zz warp 0 1159 266 266]),(0,59505,9,9)(5:59)
TALK: 123456:勇者:Tk:(P|[zz warp 0 1159 26 26]),(0,59505,9,9)(5:59)
TALK: 123456:勇者:Tk:(P|[zz warp 0 1159 20 20]),(0,59505,9,9)(5:59)
TALK: 123456:勇者:Tk:(P|[zz warp 0 777 20 20]),(0,59505,9,9)(5:59)
TALK: 123456:勇者:Tk:(P|[zz warp 0 2000 20 20]),(0,777,1,0)(6:0)
TALK: 123456:勇者:Tk:(P|[zz warp 0 95052 20 20]),(0,2000,0,0)(6:1)
TALK: 123456:勇者:Tk:(P|[zz warp 0 1000 20 20]),(0,2000,0,0)(6:1)
TALK: 123456:勇者:Tk:(P|[zz warp 0 1000 201 200]),(0,1000,0,0)(6:1)
TALK: 123456:勇者:Tk:(P|[zz warp 0 1000 201 220]),(0,1000,6,6)(6:2)
TALK: 123456:勇者:Tk:(P|[zz warp 0 1000 100 220]),(0,1000,6,7)(6:2)
TALK: 123456:勇者:Tk:(P|[zz warp 0 1000 120 220]),(0,1000,3,7)(6:2)
TALK: 123456:勇者:Tk:(P|[zz warp 0 1000 125 220]),(0,1000,4,7)(6:2)
TALK: 123456:勇者:Tk:(P|[zz warp 0 59519 26 17]),(0,1000,4,5)(6:2)
TALK: 123456:勇者:Tk:(P|[zz gold 10000]),(0,59526,6,3)(6:4)
TALK: 123456:勇者:Tk:(P|[zz makepet 313400]),(0,1000,4,5)(7:52)
TALK: 123456:勇者:Tk:(P|[zz makepet 315003]),(0,1000,5,4)(9:36)
TALK: 123456:勇者:Tk:(P|[zz makepet 313400]),(0,1000,5,4)(9:38)
TALK: 123456:勇者:Tk:(P|[zz makepet 314400]),(0,1000,5,4)(9:39)
TALK: 123456:勇者:Tk:(P|[zz makepet 314400]),(0,1000,5,4)(9:39)
TALK: 123456:勇者:Tk:(P|[zz makepet 315004]),(0,1000,5,4)(9:41)
TALK: 123456:勇者:Tk:(P|[zz makepet 314400]),(0,1000,5,4)(10:3)
TALK: 123456:勇者:Tk:(P|[GM]AAAA),(0,1000,7,3)(4:58)
TALK: 123456:勇者:Tk:(P|[GM]AAAA),(0,1000,7,3)(4:59)
TALK: 123456:勇者:Tk:(P|*******************),(0,1000,5,6)(6:37)
TALK: 123456:勇者:Tk:(P|y),(0,1000,8,2)(6:56)
TALK: 123456:勇者:Tk:(P|[zz feverstart]),(1,29,1,0)(7:9)
TALK: 123456:勇者:Tk:(P|[zz heal]),(0,15510,0,0)(7:19)
TALK: 123456:勇者:Tk:(P|[zz makepet 12096]),(0,1121,0,0)(7:41)
TALK: 123456:勇者:Tk:(P|[zz makepet 301203]),(0,1121,0,0)(7:42)
TALK: 123456:勇者:Tk:(P|[zz makepet 27502]),(0,1121,0,0)(7:42)
TALK: 123456:勇者:Tk:(P|[zz makepet 22073]),(0,1121,0,0)(7:43)
TALK: 123456:勇者:Tk:(P|[zz makepet 25073]),(0,1121,0,0)(7:43)
TALK: 123456:勇者:Tk:(P|[zz makepet 25070]),(0,1121,0,0)(7:44)
TALK: 123456:勇者:Tk:(P|[zz makepet 25072]),(0,1121,0,0)(7:44)
TALK: 123456:勇者:Tk:(P|[zz makepet 25065]),(0,1121,0,0)(7:44)
TALK: 123456:勇者:Tk:(P|[zz makepet 25061]),(0,1121,0,0)(7:45)
TALK: 123456:勇者:Tk:(P|[zz makepet 20012]),(0,1121,0,0)(7:49)
TALK: 123456:勇者:Tk:(P|y),(0,1000,8,2)(7:52)
TALK: 123456:勇者:Tk:(P|[zz heal]),(0,100,21,9)(7:56)
TALK: 123456:勇者:Tk:(P|[zz heal]),(0,11003,0,1)(7:58)
TALK: 123456:勇者:Tk:(P|[zz feverstart]),(0,11004,1,1)(8:0)
TALK: 123456:勇者:Tk:(P|[zz heal]),(0,11004,0,0)(8:8)
TALK: 123456:勇者:Tk:(P|[zz heal]),(0,11004,0,0)(8:9)
TALK: 123456:勇者:Tk:(P|[zz warp 0 100 595 83]),(0,100,16,2)(8:31)
TALK: 123456:勇者:Tk:(P|[zz warp 0 1000 195 67]),(0,1000,7,2)(8:40)
TALK: 123456:勇者:Tk:(P|[zz warp 0 38 22 22]),(0,1000,6,2)(8:44)
TALK: 123456:勇者:Tk:(P|y),(0,1000,8,2)(8:52)
TALK: 123456:勇者:Tk:(P|[zz warp 0 1000 122 161]),(0,2014,0,0)(8:58)
TALK: 123456:勇者:Tk:(P|[zz warp 0 1000 219 136]),(0,1401,1,0)(9:6)
TALK: 123456:勇者:Tk:(P|v),(0,1000,8,2)(9:15)
TALK: 123456:勇者:Tk:(P|[zz noencount]),(0,100,19,1)(9:16)
TALK: 123456:勇者:Tk:(P|[zz noencount]),(0,15505,1,0)(9:29)
TALK: 123456:勇者:Tk:(P|[zz battlein]),(1,237,1,0)(9:30)
TALK: 123456:勇者:Tk:(P|[zz feverstart]),(1,237,1,0)(9:30)
TALK: 123456:勇者:Tk:(P|[zz battlein]),(1,237,1,0)(9:30)
TALK: 123456:勇者:Tk:(P|[zz battlein]),(1,237,1,0)(9:31)
TALK: 123456:勇者:Tk:(P|[zz battlein]),(1,237,1,0)(9:32)
TALK: 123456:勇者:Tk:(P|[zz battlein][zz heal]),(1,237,1,0)(9:32)
TALK: 123456:勇者:Tk:(P|[zz heal]),(1,237,1,0)(9:32)
TALK: 123456:勇者:Tk:(P|[zz battlein]),(1,237,1,0)(9:32)
TALK: 123456:勇者:Tk:(P|[zz heal]),(1,237,1,0)(9:33)
TALK: 123456:勇者:Tk:(P|[zz petexp 5 2000]),(1,237,1,0)(9:34)
TALK: 123456:勇者:Tk:(P|[zz petexp 4 2000]),(1,237,1,0)(9:35)
TALK: 123456:勇者:Tk:(P|[zz petexp 4 2072]),(1,237,1,0)(9:35)
TALK: 123456:勇者:Tk:(P|[zz battlein]),(1,237,1,0)(9:35)
TALK: 123456:勇者:Tk:(P|[zz petexp 4 2855]),(1,237,1,0)(9:36)
TALK: 123456:勇者:Tk:(P|[zz battlein]),(1,237,1,0)(9:36)
TALK: 123456:勇者:Tk:(P|[zz petexp 4 68800]),(1,237,1,0)(9:38)
TALK: 123456:勇者:Tk:(P|[zz battlein]),(1,237,1,0)(9:38)
TALK: 123456:勇者:Tk:(P|[zz petexp 1 68800]),(1,237,1,0)(9:39)
TALK: 123456:勇者:Tk:(P|[zz petexp 0 68800]),(1,237,1,0)(9:39)
TALK: 123456:勇者:Tk:(P|[zz petexp 1 6]),(1,237,1,0)(9:39)
TALK: 123456:勇者:Tk:(P|[zz petexp 2 68800]),(1,237,1,0)(9:39)
TALK: 123456:勇者:Tk:(P|[zz battlein]),(1,237,1,0)(9:39)
TALK: 123456:勇者:Tk:(P|[zz petexp 2 72700]),(1,237,1,0)(9:41)
TALK: 123456:勇者:Tk:(P|[zz battlein]),(1,237,1,0)(9:41)
TALK: 123456:勇者:Tk:(P|[zz petexp 2 82700]),(1,237,1,0)(9:42)
TALK: 123456:勇者:Tk:(P|[zz battlein]),(1,237,1,0)(9:42)
TALK: 123456:勇者:Tk:(P|[zz petexp 2 93700]),(1,237,1,0)(9:42)
TALK: 123456:勇者:Tk:(P|[zz battlein]),(1,237,1,0)(9:42)
TALK: 123456:勇者:Tk:(P|[zz petexp 2 113700]),(1,237,1,0)(9:43)
TALK: 123456:勇者:Tk:(P|[zz battlein]),(1,237,1,0)(9:43)
TALK: 123456:勇者:Tk:(P|[zz petexp 2 118593]),(1,237,1,0)(9:43)
TALK: 123456:勇者:Tk:(P|[zz battlein]),(1,237,1,0)(9:43)
TALK: 123456:勇者:Tk:(P|[zz petexp 0 119120]),(1,237,1,0)(9:44)
TALK: 123456:勇者:Tk:(P|[zz petexp 3 119120]),(1,237,1,0)(9:44)
TALK: 123456:勇者:Tk:(P|[zz petexp 4 119120]),(1,237,1,0)(9:44)
TALK: 123456:勇者:Tk:(P|[zz battlein]),(1,237,1,0)(9:44)
TALK: 123456:勇者:Tk:(P|[zz heal]),(1,237,1,0)(9:45)
TALK: 123456:勇者:Tk:(P|[zz noencount]),(0,15505,1,0)(9:45)
TALK: 123456:勇者:Tk:(P|[zz noencount]),(0,15505,1,0)(9:45)
TALK: 123456:勇者:Tk:(P|[zz setskilllv 1 3]),(0,15505,0,0)(9:46)
TALK: 123456:勇者:Tk:(P|[zz setskilllv 0 3]),(0,15505,0,0)(9:47)
TALK: 123456:勇者:Tk:(P|[zz setskilllv 3 3]),(0,15505,0,0)(9:47)
TALK: 123456:勇者:Tk:(P|[zz setskilllv 2 3]),(0,15505,0,0)(9:47)
TALK: 123456:勇者:Tk:(P|[zz setskilllv 4 3]),(0,15505,0,0)(9:47)
TALK: 123456:勇者:Tk:(P|[zz setskilllv 5 3]),(0,15505,0,0)(9:47)
TALK: 123456:勇者:Tk:(P|[zz setskilllv 6 3]),(0,15505,0,0)(9:47)
TALK: 123456:勇者:Tk:(P|[zz setskilllv 7 3]),(0,15505,0,0)(9:48)
TALK: 123456:勇者:Tk:(P|[zz setskilllv 8 3]),(0,15505,0,0)(9:49)
TALK: 123456:勇者:Tk:(P|[zz setskilllv 9 3]),(0,15505,0,0)(9:49)
TALK: 123456:勇者:Tk:(P|[zz setskilllv 9 4]),(0,15505,0,0)(9:49)
TALK: 123456:勇者:Tk:(P|[zz battlein]),(1,237,1,0)(9:50)
TALK: 123456:勇者:Tk:(P|[zz noencount]),(0,15505,1,0)(9:51)
TALK: 123456:勇者:Tk:(P|[zz noencount]),(0,15505,1,0)(9:51)
TALK: 123456:勇者:Tk:(P|[zz heal]),(0,15505,0,0)(9:54)
TALK: 123456:勇者:Tk:(P|[zz additem 18193]),(0,15505,0,0)(9:55)
TALK: 123456:勇者:Tk:(P|[zz additem 18196]),(0,15505,0,0)(9:55)
TALK: 123456:勇者:Tk:(P|[zz noencount]),(0,100,18,1)(10:1)
TALK: 123456:勇者:Tk:(P|[zz skilinfo]),(0,100,18,0)(10:2)
TALK: 123456:勇者:Tk:(P|[zz skillinfo]),(0,100,18,0)(10:2)
TALK: 123456:勇者:Tk:(P|[zz mapinfo]),(0,100,18,0)(10:2)
TALK: 123456:勇者:Tk:(P|[zz techinfo]),(0,100,18,0)(10:3)
TALK: 123456:勇者:Tk:(P|[zz techinfo]),(0,100,18,0)(10:3)
TALK: 123456:勇者:Tk:(P|[zz npcsearch]),(0,100,18,0)(10:4)
TALK: 123456:勇者:Tk:(P|[zz dungeonlimit]),(0,100,18,0)(10:4)
TALK: 123456:勇者:Tk:(P|[zz pooliteminfo]),(0,100,18,0)(10:5)
TALK: 123456:勇者:Tk:(P|[zz checkfame]),(0,100,18,0)(10:5)
TALK: 123456:勇者:Tk:(P|[zz checkfame]),(0,100,18,0)(10:5)
TALK: 123456:勇者:Tk:(P|[zz checkfame]),(0,100,18,0)(10:5)
TALK: 123456:勇者:Tk:(P|[zz dungeonlist]),(0,100,18,0)(10:6)
TALK: 123456:勇者:Tk:(P|[zz wrap 300 631 362]),(0,100,18,0)(10:7)
TALK: 123456:勇者:Tk:(P|[zz wrap 0 16507 14 14]),(0,100,18,0)(10:7)
TALK: 123456:勇者:Tk:(P|[zz wrap 0 59503 204 266]),(0,100,18,0)(10:7)
TALK: 123456:勇者:Tk:(P|[zz wrap 0 1000 204 266]),(0,100,18,0)(10:7)
TALK: 123456:勇者:Tk:(P|[zz warp 0 59503 204 266]),(0,100,18,0)(10:8)
TALK: 123456:勇者:Tk:(P|[zz showversion]),(1,1175,0,1)(10:9)
TALK: 123456:勇者:Tk:(P|[zz showVersion]),(1,1175,0,1)(10:9)
TALK: 123456:勇者:Tk:(P|[zz level 40]),(0,59503,6,8)(10:10)
TALK: 123456:勇者:Tk:(P|[zz str 9900]),(0,59503,6,8)(10:11)
TALK: 123456:勇者:Tk:(P|[zz vital 4500]),(0,59503,6,8)(10:11)
TALK: 123456:勇者:Tk:(P|[zz quick 5400]),(0,59503,6,8)(10:11)
TALK: 123456:勇者:Tk:(P|[zz makepet 901]),(0,1000,7,2)(10:13)
TALK: 123456:勇者:Tk:(P|[zz makepet 902]),(0,1000,7,2)(10:13)
TALK: 123456:勇者:Tk:(P|[zz makepet 903]),(0,1000,7,2)(10:13)
TALK: 123456:勇者:Tk:(P|[zz makepet 904]),(0,1000,7,2)(10:13)
TALK: 123456:勇者:Tk:(P|[zz makepet 905]),(0,1000,7,2)(10:14)
TALK: 123456:勇者:Tk:(P|[zz petexp 3 13364]),(0,1000,8,3)(10:17)
TALK: 123456:勇者:Tk:(P|[zz petexp 3 133634]),(0,1000,8,3)(10:17)
TALK: 123456:勇者:Tk:(P|[zz battlein]),(0,100,15,6)(10:17)
TALK: 123456:勇者:Tk:(P|[zz noencount]),(0,100,15,6)(10:17)
TALK: 123456:勇者:Tk:(P|[zz battlein]),(0,100,15,6)(10:17)
TALK: 123456:勇者:Tk:(P|[zz battlein]),(0,100,15,6)(10:18)
TALK: 123456:勇者:Tk:(P|[zz petexp 1 133634]),(0,100,15,6)(10:19)
TALK: 123456:勇者:Tk:(P|[zz battlein]),(0,100,15,6)(10:20)
TALK: 123456:勇者:Tk:(P|[zz petexp 3 183634]),(0,100,15,6)(10:21)
TALK: 123456:勇者:Tk:(P|[zz battlein]),(0,100,15,6)(10:21)
TALK: 123456:勇者:Tk:(P|[zz petexp 3 203634]),(0,100,15,6)(10:22)
TALK: 123456:勇者:Tk:(P|[zz battlein]),(0,100,15,6)(10:22)
TALK: 123456:勇者:Tk:(P|[zz petexp 3 223634]),(0,100,15,6)(10:22)
TALK: 123456:勇者:Tk:(P|[zz battlein]),(0,100,15,6)(10:22)
TALK: 123456:勇者:Tk:(P|[zz petexp 3 253634]),(0,100,15,6)(10:23)
TALK: 123456:勇者:Tk:(P|[zz battlein]),(0,100,15,6)(10:23)
TALK: 123456:勇者:Tk:(P|[zz petexp 3 256001]),(0,100,15,6)(10:23)
TALK: 123456:勇者:Tk:(P|[zz petexp 2 256001]),(0,100,15,6)(10:23)
TALK: 123456:勇者:Tk:(P|[zz petexp 1 256001]),(0,100,15,6)(10:23)
TALK: 123456:勇者:Tk:(P|[zz petexp 0 256001]),(0,100,15,6)(10:23)
TALK: 123456:勇者:Tk:(P|[zz petexp 4 256001]),(0,100,15,6)(10:23)
TALK: 123456:勇者:Tk:(P|[zz battlein]),(0,100,15,6)(10:24)
TALK: 123456:勇者:Tk:(P|[zz battlein]),(0,100,15,6)(10:25)
TALK: 123456:勇者:Tk:(P|y),(0,1000,8,2)(10:26)
TALK: 123456:勇者:Tk:(P|[zz heal]),(0,2002,0,0)(10:27)
TALK: 123456:勇者:Tk:(P|[zz warp 0 400 20 20]),(0,2000,1,2)(10:32)
TALK: 123456:勇者:Tk:(P|[zz warp 0 400 200 200]),(0,400,0,0)(10:32)
TALK: 123456:勇者:Tk:(P|[zz warp 0 400 216 457]),(0,400,6,6)(10:32)
TALK: 123456:勇者:Tk:(P|[zz noencount]),(0,400,7,15)(10:32)
TALK: 123456:勇者:Tk:(P|[zz battlein]),(0,400,7,15)(10:32)
TALK: 123456:勇者:Tk:(P|[zz noencount]),(0,400,7,15)(10:32)
TALK: 123456:勇者:Tk:(P|[zz battlein]),(0,400,7,15)(10:32)
TALK: 123456:勇者:Tk:(P|[zz warp 0 33000 582 327]),(0,400,7,15)(10:39)
TALK: 123456:勇者:Tk:(P|[zz feverstart]),(0,33000,19,10)(10:40)
TALK: 123456:勇者:Tk:(P|[zz heal]),(0,33000,19,10)(10:41)
TALK: 123456:勇者:Tk:(P|[zz warp 0 33000 582 327]),(0,33500,1,0)(10:47)
TALK: 123456:勇者:Tk:(P|[zz warp 0 33000 5645 271]),(0,33000,19,10)(10:48)
TALK: 123456:勇者:Tk:(P|[zz warp 0 33000 645 271]),(0,33000,19,10)(10:48)
TALK: 123456:勇者:Tk:(P|[zz gold 10039448]),(0,33511,0,0)(10:49)
TALK: 123456:勇者:Tk:(P|[zz gold 9039448]),(0,33511,0,0)(10:49)
TALK: 123456:勇者:Tk:(P|[zz gold 939448]),(0,33511,0,0)(10:50)
TALK: 123456:勇者:Tk:(P|[zz warp 0 300 527 238]),(0,33500,1,2)(10:56)
TALK: 123456:勇者:Tk:(P|[zz warp 0 3100 527 238]),(0,300,17,7)(10:57)
TALK: 123456:勇者:Tk:(P|[zz warp 0 3100 527 238]),(0,300,17,7)(10:57)
TALK: 123456:勇者:Tk:(P|[zz warp 0 3100 52 23]),(0,300,17,7)(10:57)
TALK: 123456:勇者:Tk:(P|[zz warp 0 3100 52 24]),(0,3100,1,0)(10:57)
TALK: 123456:勇者:Tk:(P|[zz warp 0 3100 72 44]),(0,3100,1,1)(10:58)
TALK: 123456:勇者:Tk:(P|[zz warp 0 3100 62 34]),(0,3100,2,1)(10:58)
TALK: 123456:勇者:Tk:(P|[zz warp 0 4200 62 34]),(0,3100,0,2)(10:59)
TALK: 123456:勇者:Tk:(P|[zz warp 0 4200 72 44]),(0,4200,2,1)(11:0)
TALK: 123456:勇者:Tk:(P|[zz noencount][zz noencount]),(0,400,19,10)(11:5)
TALK: 123456:勇者:Tk:(P|[zz noencount]),(0,400,19,10)(11:5)
TALK: 123456:勇者:Tk:(P|[zz noencount]),(0,400,19,10)(11:5)
TALK: 123456:勇者:Tk:(P|[zz battlein]),(0,400,18,11)(11:5)
TALK: 123456:勇者:Tk:(P|[zz heal]),(0,400,18,11)(11:8)
TALK: 123456:勇者:Tk:(P|n),(0,1000,8,2)(11:13)
TALK: 123456:勇者:Tk:(P|[zz battlein]),(0,43000,10,29)(11:13)
TALK: 123456:勇者:Tk:(P|7),(0,1000,7,2)(2:57)
TALK: 123456:勇者:Tk:(P|**),(0,2099,0,0)(3:4)
TALK: 123456:勇者:Tk:(P|[zz noencount]),(0,100,22,11)(3:6)
TALK: 123456:勇者:Tk:(P|[zz noencount]),(0,11017,0,0)(3:8)
TALK: 123456:勇者:Tk:(P|[zz noencount]),(1,1,1,1)(3:14)
TALK: 123456:勇者:Tk:(P|[zz feverstart]),(1,3,0,1)(3:18)
TALK: 123456:勇者:Tk:(P|[zz noencount]),(0,11019,0,0)(3:24)
TALK: 123456:勇者:Tk:(P|[zz noencount]),(0,11017,0,0)(3:29)
TALK: 123456:勇者:Tk:(P|[zz warp 0 11019 25 28]),(1,4,0,1)(3:30)
TALK: 123456:勇者:Tk:(P|[zz warp 0 11019 25 28]),(0,2013,0,0)(3:33)
TALK: 123456:勇者:Tk:(P|y),(0,1000,8,2)(4:0)
TALK: 123456:勇者:Tk:(P|[zz noencount]),(0,2000,1,2)(4:0)
TALK: 123456:勇者:Tk:(P|[zz noencount]),(0,2000,1,2)(4:0)
TALK: 123456:勇者:Tk:(P|[zz feverstart]),(0,2000,1,2)(4:1)
TALK: 123456:勇者:Tk:(P|[zz noencount]),(0,15005,0,1)(4:9)
TALK: 123456:勇者:Tk:(P|[zz feverstart]),(0,15005,0,1)(4:9)
TALK: 123456:勇者:Tk:(P|[zz heal]),(0,15003,0,0)(4:14)
TALK: 123456:勇者:Tk:(P|[zz noencount]),(0,15003,0,0)(4:14)
TALK: 123456:勇者:Tk:(P|[zz noencount]),(0,300,7,9)(4:16)
TALK: 123456:勇者:Tk:(P|w),(0,1000,8,2)(4:23)
TALK: 123456:勇者:Tk:(P|[noencount]),(0,100,11,16)(4:24)
TALK: 123456:勇者:Tk:(P|[zz noencount]),(0,100,11,16)(4:24)
TALK: 123456:勇者:Tk:(P|s),(0,1000,8,2)(4:26)
TALK: 123456:勇者:Tk:(P|*s),(0,1000,8,2)(4:29)
TALK: 123456:勇者:Tk:(P|s),(0,1000,8,2)(4:29)
TALK: 123456:勇者:Tk:(P|[zz noencount]),(0,100,4,7)(4:30)
TALK: 123456:勇者:Tk:(P|[zz noencount]),(0,100,5,6)(4:31)
TALK: 123456:勇者:Tk:(P|[zz battlein]),(0,100,5,6)(4:31)
TALK: 123456:勇者:Tk:(P|[zz noencount]),(0,100,5,6)(4:31)
TALK: 123456:勇者:Tk:(P|[zz noencount]),(0,15000,0,0)(4:32)
TALK: 123456:勇者:Tk:(P|[zz battlein]),(0,15000,0,0)(4:32)
TALK: 123456:勇者:Tk:(P|[zz noencount]),(0,15001,1,2)(4:37)
TALK: 123456:勇者:Tk:(P|咒术),(0,15001,1,0)(4:40)
TALK: 123456:勇者:Tk:(P|y),(0,1000,8,2)(4:43)
TALK: 123456:勇者:Tk:(P|[zz warp 0 11019 25 28]),(0,1000,7,2)(4:48)
TALK: 123456:勇者:Tk:(P|[zz warp 0 1000 90 140]),(0,11019,1,0)(4:48)
TALK: 123456:勇者:Tk:(P|[zz noencount]),(0,21006,1,0)(4:50)
TALK: 123456:勇者:Tk:(P|[zz feverstart]),(0,21006,1,0)(4:52)
TALK: 123456:勇者:Tk:(P|[zz noencount]),(0,21006,1,0)(4:52)
TALK: 123456:勇者:Tk:(P|[zz heal]),(0,21006,1,0)(4:52)
TALK: 123456:勇者:Tk:(P|[zz additem 9403]),(0,1000,7,3)(5:18)
TALK: 123456:勇者:Tk:(P|[zz additem 9404]),(0,1000,7,3)(5:18)
TALK: 123456:勇者:Tk:(P|[zz additem 9405]),(0,1000,7,3)(5:18)
TALK: 123456:勇者:Tk:(P|[zz additem 9406]),(0,1000,7,3)(5:18)
TALK: 123456:勇者:Tk:(P|[zz additem 9407]),(0,1000,7,3)(5:18)
TALK: 123456:勇者:Tk:(P|[zz additem 9408]),(0,1000,7,3)(5:18)
TALK: 123456:勇者:Tk:(P|[zz additem 9409]),(0,1000,7,3)(5:18)
TALK: 123456:勇者:Tk:(P|[zz additem 9410]),(0,1000,7,3)(5:19)
TALK: 123456:勇者:Tk:(P|[zz additem 9419]),(0,1000,7,3)(5:19)
TALK: 123456:勇者:Tk:(P|[zz additem 9420]),(0,1000,7,3)(5:19)
TALK: 123456:勇者:Tk:(P|[zz additem 9409]),(0,1000,7,3)(5:19)
TALK: 123456:勇者:Tk:(P|[zz makepet 1068]),(0,59162,0,1)(5:27)
TALK: 123456:勇者:Tk:(P|[zz makepet 1068]),(0,59162,0,1)(5:28)
TALK: 123456:勇者:Tk:(P|[zz makepet 1067]),(0,59162,0,1)(5:28)
TALK: 123456:勇者:Tk:(P|[zz makepet 501]),(0,59162,0,1)(5:30)
TALK: 123456:勇者:Tk:(P|[zz makepet 502]),(0,59162,0,1)(5:30)
TALK: 123456:勇者:Tk:(P|[zz makepet 503]),(0,59162,0,0)(5:34)
TALK: 123456:勇者:Tk:(P|[zz makepet 504]),(0,59162,0,0)(5:34)
TALK: 123456:勇者:Tk:(P|[zz makepet 505]),(0,59162,0,0)(5:34)
TALK: 123456:勇者:Tk:(P|[zz makepet 511]),(0,59162,0,0)(5:35)
TALK: 123456:勇者:Tk:(P|[zz battlein]),(0,100,15,6)(5:39)
TALK: 123456:勇者:Tk:(P|[zz noencount]),(0,100,15,6)(5:39)
TALK: 123456:勇者:Tk:(P|[zz battlein]),(0,100,15,6)(5:39)
TALK: 123456:勇者:Tk:(P|[zz noencount]),(0,59610,3,3)(9:17)
TALK: 123456:勇者:Tk:(P|[zz noencount]),(0,59500,6,5)(9:54)
TALK: 123456:勇者:Tk:(P|[zz heal]),(0,59564,0,0)(9:57)
TALK: 123456:勇者:Tk:(P|[zz noencount]),(0,59500,7,2)(9:58)
TALK: 123456:勇者:Tk:(P|[zz battlein]),(0,59500,4,4)(9:21)
TALK: 123456:勇者:Tk:(P|[zz battlein]),(0,59500,7,4)(9:26)
TALK: 123456:勇者:Tk:(P|[zz battlein]),(0,59500,7,2)(9:27)
TALK: 123456:勇者:Tk:(P|[zz battlein]),(0,59500,6,3)(9:30)
TALK: 123456:勇者:Tk:(P|[zz mapinfo]),(0,59501,7,2)(6:8)
TALK: 123456:勇者:Tk:(P|[zz map]),(0,59501,7,2)(6:8)
TALK: 123456:勇者:Tk:(P|[zz info]),(0,59501,7,2)(6:9)
TALK: 123456:勇者:Tk:(P|[zz noencount]),(0,59500,4,5)(6:13)
TALK: 123456:勇者:Tk:(P|[zz warp 0 33298 646 266]),(0,1000,7,2)(7:42)
TALK: 123456:勇者:Tk:(P|[zz battlein]),(0,33298,21,8)(7:42)
TALK: 123456:勇者:Tk:(P|[zz noencount]),(0,33298,21,8)(7:43)
TALK: 123456:勇者:Tk:(P|[zz noencount]),(0,33298,21,8)(7:43)
TALK: 123456:勇者:Tk:(P|[zz battlein]),(0,33298,21,8)(7:43)
TALK: 123456:勇者:Tk:(P|[zz warp 1 33298 646 266]),(0,33298,20,10)(7:43)
TALK: 123456:勇者:Tk:(P|[zz warp 0 33298 646 266]),(0,33298,20,10)(7:43)
TALK: 123456:勇者:Tk:(P|[zz warp 0 33000 646 266]),(0,33298,21,9)(7:44)
TALK: 123456:勇者:Tk:(P|[zz battlein]),(0,33000,21,9)(7:44)
TALK: 123456:勇者:Tk:(P|[zz warp 0 33000 627 305),(0,33000,21,9)(7:47)
TALK: 123456:勇者:Tk:(P|[zz warp 0 33000 627 305]),(0,33000,21,9)(7:48)
TALK: 123456:勇者:Tk:(P|[zz heal]),(0,33000,20,10)(7:48)
TALK: 123456:勇者:Tk:(P|[zz warp 0 33000 627 305]),(0,881,0,0)(7:51)
TALK: 123456:勇者:Tk:(P|[zz battlein]),(0,33000,20,10)(7:51)
TALK: 123456:勇者:Tk:(P|[zz warp 0 4000 30 40]),(0,33500,0,1)(7:53)
TALK: gm01:xx:Tk:(P|[zz noencount]),(0,59740,3,0)(12:3)
TALK: gm01:xx:Tk:(P|[zz level 99]),(0,1000,7,2)(12:15)
TALK: gm01:xx:Tk:(P|[zz vital 9999]),(0,1000,7,2)(12:15)
TALK: gm01:xx:Tk:(P|[zz vital 99900]),(0,1000,7,2)(12:16)
TALK: gm01:xx:Tk:(P|[zz str 99900]),(0,1000,7,2)(12:16)
TALK: gm01:xx:Tk:(P|[zz quick 99900]),(0,1000,7,2)(12:16)
TALK: gm01:xx:Tk:(P|[zz qtgh 99900]),(0,1000,7,2)(12:16)
TALK: gm01:xx:Tk:(P|[zz tgh 99900]),(0,1000,7,2)(12:16)
TALK: gm01:xx:Tk:(P|[zz magic 99900]),(0,1000,7,2)(12:16)
TALK: gm01:xx:Tk:(P|[zz gold 1000000]),(0,1000,7,2)(12:17)
TALK: gm01:xx:Tk:(P|[zz additem 18318]),(0,1000,7,2)(12:35)
TALK: gm01:xx:Tk:(P|w),(0,1000,8,2)(12:36)
TALK: gm01:xx:Tk:(P|skillinfo),(0,59162,1,0)(12:50)
TALK: gm01:xx:Tk:(P|[zz skillinfo]),(0,59162,1,0)(12:50)
TALK: gm01:xx:Tk:(P|[zz setskilllv 0 9]),(0,59162,1,0)(12:51)
TALK: gm01:xx:Tk:(P|[zz setskilllv 0 10]),(0,59162,1,0)(12:51)
TALK: gm01:xx:Tk:(P|[zz setskilllv 1 10]),(0,59162,1,0)(12:51)
TALK: gm01:xx:Tk:(P|[zz setskilllv 2 10]),(0,59162,1,0)(12:51)
TALK: gm01:xx:Tk:(P|[zz setskilllv 3 10]),(0,59162,1,0)(12:51)
TALK: gm01:xx:Tk:(P|[zz setskilllv 4 10]),(0,59162,1,0)(12:51)
TALK: gm01:xx:Tk:(P|[zz setskilllv 5 10]),(0,59162,1,0)(12:51)
TALK: gm01:xx:Tk:(P|[zz setskilllv 6 10]),(0,59162,1,0)(12:51)
TALK: gm01:xx:Tk:(P|[zz setskilllv 7 10]),(0,59162,1,0)(12:51)
TALK: gm01:xx:Tk:(P|[zz setskilllv 8 10]),(0,59162,1,0)(12:51)
TALK: gm01:xx:Tk:(P|[zz setskilllv 9 10]),(0,59162,1,0)(12:51)
TALK: gm01:xx:Tk:(P|[zz setskilllv 9 10]),(0,59162,1,0)(12:52)
TALK: gm01:xx:Tk:(P|[zz setskilllv 10 10]),(0,59162,1,1)(12:52)
TALK: gm01:xx:Tk:(P|[zz setskilllv 10 10]),(0,59162,1,1)(12:52)
TALK: gm01:xx:Tk:(P|[zz skillinfo]),(0,59162,1,1)(12:52)
TALK: gm01:xx:Tk:(P|[zz setskilllv 9 10]),(0,59162,1,1)(12:52)
TALK: gm01:xx:Tk:(P|x),(0,1000,8,2)(12:56)
TALK: 123456:勇者:Tk:(P|x),(0,1000,8,2)(12:56)
TALK: gm01:xx:Tk:(P|[zz noencount]),(0,400,5,15)(13:3)
TALK: gm01:xx:Tk:(P|[zz noencount]),(1,479,2,0)(13:6)
TALK: gm01:xx:Tk:(P|[zz noencount]),(1,479,1,0)(13:12)
TALK: 123456:勇者:Tk:(P|[zz additem 18446]),(1,479,0,0)(13:12)
TALK: 123456:勇者:Tk:(P|[zz petexp 1 300000]),(1,481,0,1)(13:15)
TALK: gm01:xx:Tk:(P|[zz petexp 300000]),(1,481,0,1)(13:15)
TALK: gm01:xx:Tk:(P|[zz petexp 1 300000]),(1,481,0,1)(13:15)
TALK: gm01:xx:Tk:(P|[zz noencount]),(1,489,0,1)(13:20)
TALK: gm01:xx:Tk:(P|[zz feverstart]),(1,489,0,1)(13:20)
TALK: 123456:勇者:Tk:(P|[zz feverstart]),(1,489,0,1)(13:20)
TALK: 123456:勇者:Tk:(P|[zz battlein]),(1,489,0,1)(13:20)
TALK: gm01:xx:Tk:(P|[zz battlein]),(1,489,0,1)(13:20)
TALK: 123456:勇者:Tk:(P|[zz heal]),(1,489,0,1)(13:22)
TALK: gm01:xx:Tk:(P|[zz heal]),(1,489,0,1)(13:22)
TALK: gm01:xx:Tk:(P|[zz noencount]),(1,489,0,1)(13:22)
TALK: gm01:xx:Tk:(P|[zz noencount]),(1,490,1,0)(13:23)
TALK: 123456:勇者:Tk:(P|[zz level 51]),(0,1520,2,0)(13:33)
TALK: 123456:勇者:Tk:(P|[zz level 50]),(0,1520,2,0)(13:34)
TALK: 123456:勇者:Tk:(P|[zz level 100]),(0,1520,2,0)(13:35)
TALK: 123456:勇者:Tk:(P|[zz vital 999900]),(0,1520,2,0)(13:35)
TALK: 123456:勇者:Tk:(P|[zz str 999900]),(0,1520,2,0)(13:35)
TALK: 123456:勇者:Tk:(P|[zz quick 999900]),(0,1520,2,0)(13:35)
TALK: 123456:勇者:Tk:(P|[zz tgh 999900]),(0,1520,2,0)(13:36)
TALK: 123456:勇者:Tk:(P|[zz magic 999900]),(0,1520,2,0)(13:36)
TALK: gm01:xx:Tk:(P|[zz vital 999900]),(0,882,0,0)(13:36)
TALK: gm01:xx:Tk:(P|[zz str 999900]),(0,882,0,0)(13:36)
TALK: gm01:xx:Tk:(P|[zz quick 999900]),(0,882,0,0)(13:36)
TALK: gm01:xx:Tk:(P|[zz tgh 999900]),(0,882,0,0)(13:36)
TALK: gm01:xx:Tk:(P|[zz magic 999900]),(0,882,0,0)(13:36)
TALK: 123456:勇者:Tk:(P|[zz skillinfo]),(0,1520,2,1)(13:37)
TALK: 123456:勇者:Tk:(P|[zz setskilllv 0 10]),(0,1520,2,1)(13:37)
TALK: 123456:勇者:Tk:(P|[zz setskilllv 1 10]),(0,1520,2,1)(13:37)
TALK: 123456:勇者:Tk:(P|[zz setskilllv 2 10]),(0,1520,2,1)(13:37)
TALK: 123456:勇者:Tk:(P|[zz setskilllv 3 10]),(0,1520,2,1)(13:37)
TALK: 123456:勇者:Tk:(P|[zz setskilllv 4 10]),(0,1520,2,1)(13:37)
TALK: 123456:勇者:Tk:(P|[zz setskilllv 5 10]),(0,1520,2,1)(13:38)
TALK: 123456:勇者:Tk:(P|[zz setskilllv 6 10]),(0,1520,2,1)(13:38)
TALK: 123456:勇者:Tk:(P|[zz setskilllv 7 10]),(0,1520,2,1)(13:38)
TALK: 123456:勇者:Tk:(P|[zz setskilllv 8 10]),(0,1520,2,1)(13:38)
TALK: 123456:勇者:Tk:(P|[zz setskilllv 9 10]),(0,1520,2,1)(13:38)
TALK: 123456:勇者:Tk:(P|[zz warp 0 400 260 359]),(0,1000,7,2)(13:46)
TALK: 123456:勇者:Tk:(P|[zz noencount]),(0,14011,0,0)(13:48)
TALK: 123456:勇者:Tk:(P|[zz additem 18493]),(0,24003,0,0)(14:1)
TALK: 123456:勇者:Tk:(P|[zz additem 18492]),(0,24003,0,0)(14:1)
TALK: 123456:勇者:Tk:(P|[zz noencount]),(0,24003,1,1)(14:1)
TALK: 123456:勇者:Tk:(P|[zz noencount]),(0,24003,2,0)(14:3)
TALK: 123456:勇者:Tk:(P|[zz additem 18495]),(0,24004,0,1)(14:7)
TALK: 123456:勇者:Tk:(P|[zz additem 18494]),(0,24004,0,1)(14:7)
TALK: 123456:勇者:Tk:(P|[zz additem 18496]),(0,24004,0,1)(14:7)
TALK: 123456:勇者:Tk:(P|[zz additem 18497]),(0,24004,0,1)(14:7)
TALK: 123456:勇者:Tk:(P|[zz additem 18494]),(0,24005,0,0)(14:9)
TALK: 123456:勇者:Tk:(P|[zz heal]),(0,24001,0,0)(14:12)
TALK: 123456:勇者:Tk:(P|[zz heal]),(0,24000,0,0)(14:16)
TALK: 123456:勇者:Tk:(P|v),(0,1000,8,2)(2:0)
TALK: 123456:勇者:Tk:(P|[zz petexp 1 600000]),(0,2400,1,1)(2:2)
TALK: 123456:勇者:Tk:(P|[zz battlein]),(0,100,19,1)(2:2)
TALK: 123456:勇者:Tk:(P|[zz petexp 1 700000]),(0,100,19,1)(2:3)
TALK: 123456:勇者:Tk:(P|[zz battlein]),(0,100,19,1)(2:3)
TALK: 123456:勇者:Tk:(P|d),(0,1000,8,2)(2:8)
TALK: 123456:勇者:Tk:(P|h),(0,1000,8,2)(2:10)
TALK: 123456:勇者:Tk:(P|k),(0,3100,1,2)(2:12)
TALK: 123456:勇者:Tk:(P|d),(0,1000,8,2)(2:16)
TALK: 123456:勇者:Tk:(P|inforecipe),(0,4208,0,0)(2:22)
TALK: 123456:勇者:Tk:(P|[zz inforecipe]),(0,4208,0,0)(2:22)
TALK: 123456:勇者:Tk:(P|[zz inforecipe]),(0,4208,0,0)(2:22)
TALK: 123456:勇者:Tk:(P|[zz setdur 0 10]),(0,4208,0,0)(2:23)
TALK: 123456:勇者:Tk:(P|[zz setdur 0 300]),(0,4208,0,0)(2:23)
TALK: 123456:勇者:Tk:(P|[zz setdur 1 136]),(0,4208,0,0)(2:23)
TALK: 123456:勇者:Tk:(P|[zz setdur 1 316]),(0,4208,0,0)(2:23)
TALK: 123456:勇者:Tk:(P|[zz setdur 2 111]),(0,4208,0,0)(2:24)
TALK: 123456:勇者:Tk:(P|[zz setdur 2 311]),(0,4208,0,0)(2:24)
TALK: 123456:勇者:Tk:(P|[zz setskillslot 20]),(0,4208,0,0)(2:26)
TALK: 123456:勇者:Tk:(P|[zz setskillslot 0 20]),(0,4208,0,0)(2:26)
TALK: 123456:勇者:Tk:(P|[zz setskillslot 11]),(0,4208,0,0)(2:27)
TALK: 123456:勇者:Tk:(P|[zz setskillslot 15]),(0,4208,0,0)(2:27)
TALK: 123456:勇者:Tk:(P|[zz setskillslot 65]),(0,4208,0,0)(2:27)
TALK: 123456:勇者:Tk:(P|[zz setskillslot 16]),(0,4208,0,0)(2:27)
TALK: 123456:勇者:Tk:(P|[zz setskillslot 17]),(0,4208,0,0)(2:27)
TALK: 123456:勇者:Tk:(P|[setallskilllevel 10]),(0,59162,0,0)(2:30)
TALK: 123456:勇者:Tk:(P|[setallskilllv 10]),(0,59162,0,0)(2:30)
TALK: 123456:勇者:Tk:(P|[etallskilllv 10]),(0,59162,0,0)(2:30)
TALK: 123456:勇者:Tk:(P|[zz skillinfo]),(0,59162,0,0)(2:30)
TALK: 123456:勇者:Tk:(P|[setskilllv 13 10]),(0,59162,0,0)(2:42)
TALK: 123456:勇者:Tk:(P|[zz setskilllv 13 10]),(0,59162,0,0)(2:43)
TALK: 123456:勇者:Tk:(P|[zz setskilllv 12 10]),(0,59162,0,0)(2:43)
TALK: 123456:勇者:Tk:(P|[zz setskilllv 11 10]),(0,59162,0,0)(2:43)
TALK: 123456:勇者:Tk:(P|[zz setskilllv 10 10]),(0,59162,0,0)(2:43)
TALK: 123456:勇者:Tk:(P|[zz skillinfo]),(0,59162,0,0)(2:43)
TALK: 123456:勇者:Tk:(P|[zz setskilllv 6 10]),(0,59162,0,0)(2:44)
TALK: 123456:勇者:Tk:(P|[zz setskilllv 7 10]),(0,59162,0,0)(2:44)
TALK: 123456:勇者:Tk:(P|[zz setskilllv 14 10]),(0,59162,0,0)(2:44)
TALK: 123456:勇者:Tk:(P|x),(0,1000,8,2)(2:50)
TALK: 123456:勇者:Tk:(P|[zz heal]),(0,14001,1,1)(3:1)
TALK: 123456:勇者:Tk:(P|[zz setjob 143]),(0,4300,1,2)(3:14)
TALK: 123456:勇者:Tk:(P|[zz skillinfo]),(0,59162,0,0)(3:27)
TALK: 123456:勇者:Tk:(P|[zz setskilllv 3 10]),(0,59162,0,0)(3:28)
TALK: 123456:勇者:Tk:(P|[zz setskilllv 6 10]),(0,59162,0,0)(3:28)
TALK: 123456:勇者:Tk:(P|[zz setskilllv 13 10]),(0,59162,0,0)(3:28)
TALK: 123456:勇者:Tk:(P|[zz setskilllv 6 10]),(0,59162,0,0)(3:29)
TALK: 123456:勇者:Tk:(P|[zz skillinfo]),(0,59162,0,0)(3:29)
TALK: 123456:勇者:Tk:(P|[zz setskilllv 5 10]),(0,59162,0,0)(3:29)
TALK: 123456:勇者:Tk:(P|z),(0,1000,8,2)(3:31)
TALK: 123456:勇者:Tk:(P|[zz heal]),(0,402,4,5)(3:35)
TALK: 123456:勇者:Tk:(P|[zz heal]),(0,24014,0,0)(3:41)
TALK: 123456:勇者:Tk:(P|[zz noencount]),(0,24014,0,0)(3:41)
TALK: 123456:勇者:Tk:(P|[zz warp 0 24047 20 3]),(0,24030,0,0)(3:49)
TALK: 123456:勇者:Tk:(P|[zz noencount]),(0,24048,0,0)(3:50)
TALK: 123456:勇者:Tk:(P|[zz warp 0 24067 20 3]),(0,24049,0,0)(3:50)
TALK: 123456:勇者:Tk:(P|[zz warp 0 24067 7 11]),(0,24067,0,0)(3:51)
TALK: 123456:勇者:Tk:(P|[zz warp 0 24068 7 11]),(0,402,1,5)(3:54)
TALK: 123456:勇者:Tk:(P|[zz warp 0 24068 20 11]),(0,24068,0,0)(3:54)
TALK: 123456:勇者:Tk:(P|[zz warp 0 400 528 210]),(0,1000,8,2)(4:3)
TALK: 123456:勇者:Tk:(P|[zz noencount]),(0,14003,0,1)(4:3)
TALK: 123456:勇者:Tk:(P|[zz noencount]),(0,14003,0,1)(4:4)
TALK: 123456:勇者:Tk:(P|[zz noencount]),(0,14003,0,0)(4:8)
TALK: 123456:勇者:Tk:(P|[zz heal]),(0,14003,0,0)(4:8)
TALK: 123456:勇者:Tk:(P|[zz noencount]),(0,401,1,5)(4:15)
TALK: 123456:勇者:Tk:(P|[zz noencount]),(0,401,4,3)(4:21)
TALK: 123456:勇者:Tk:(P|[zz warp 0 20501 11 46]),(0,20514,2,2)(4:27)
TALK: 123456:勇者:Tk:(P|[zz warp 0 20501 11 47]),(0,20501,0,1)(4:27)
TALK: 123456:勇者:Tk:(P|[zz warp 0 20501 12 47]),(0,20501,0,1)(4:27)
TALK: 123456:勇者:Tk:(P|[zz addutem 18574]),(0,20501,1,2)(4:29)
TALK: 123456:勇者:Tk:(P|[zz additem 18574]),(0,20501,1,2)(4:29)
TALK: 123456:勇者:Tk:(P|[zz additem 18574]),(0,20504,1,1)(4:33)
TALK: 123456:勇者:Tk:(P|[zz additem 18574]),(0,20524,2,1)(4:34)
TALK: 123456:勇者:Tk:(P|[zz additem 18574]),(0,20510,0,2)(4:39)
TALK: 123456:勇者:Tk:(P|[zz additem 18574]),(0,20511,1,0)(4:40)
TALK: 123456:勇者:Tk:(P|[zz noencount]),(0,20414,0,0)(4:44)
TALK: 123456:勇者:Tk:(P|[zz battlein]),(0,20414,0,0)(4:45)
TALK: 123456:勇者:Tk:(P|[zz battlein]),(0,20513,1,0)(4:45)
TALK: 123456:勇者:Tk:(P|[zz battlein]),(0,20513,1,0)(4:46)
TALK: 123456:勇者:Tk:(P|[zz warp 0 20429 10 10),(0,1500,1,2)(4:51)
TALK: 123456:勇者:Tk:(P|[zz warp 0 20429 10 10]),(0,1500,1,2)(4:51)
TALK: 123456:勇者:Tk:(P|[zz warp 0 20429 10 15]),(0,20429,0,0)(4:51)
TALK: 123456:勇者:Tk:(P|[zz warp 0 20429 10 20]),(0,20429,0,0)(4:52)
TALK: 123456:勇者:Tk:(P|[zz warp 0 20428 31 8]),(0,20429,1,0)(4:52)
TALK: 123456:勇者:Tk:(P|z),(0,1000,8,2)(4:53)
TALK: 123456:勇者:Tk:(P|[zz heal]),(0,1000,7,2)(4:57)
TALK: 123456:勇者:Tk:(P|[zz warp 0 400 260 359]),(0,1000,8,2)(4:59)
TALK: 123456:勇者:Tk:(P|[zz noencount]),(0,14010,0,1)(5:0)
TALK: 123456:勇者:Tk:(P|[zz noencount]),(0,14010,0,1)(5:0)
TALK: 123456:勇者:Tk:(P|[zz noencount]),(0,14010,0,1)(5:0)
TALK: 123456:勇者:Tk:(P|[zz warp 0 3300 62 62]),(0,300,20,11)(5:6)
TALK: 123456:勇者:Tk:(P|[zz warp 0 300 462 400]),(0,300,21,12)(5:9)
TALK: 123456:勇者:Tk:(P|[zz warp 0 300 462 406]),(0,300,15,13)(5:9)
TALK: 123456:勇者:Tk:(P|[zz warp 0 300 461 406]),(0,300,15,13)(5:9)
TALK: 123456:勇者:Tk:(P|[zz warp 0 300 465 406]),(0,300,15,13)(5:9)
TALK: 123456:勇者:Tk:(P|以军神之名开启海路),(0,300,15,13)(5:10)
TALK: 123456:勇者:Tk:(P|[zz warp 0 20310 465 406]),(0,20309,0,1)(5:15)
TALK: 123456:勇者:Tk:(P|[zz warp 1 20310 19 10]),(0,20309,0,1)(5:15)
TALK: 123456:勇者:Tk:(P|[zz warp 0 20310 19 10]),(0,20309,0,1)(5:15)
TALK: 123456:勇者:Tk:(P|[zz warp 0 20310 13 40]),(0,20310,0,0)(5:16)
TALK: 123456:勇者:Tk:(P|[zz heal]),(0,20002,1,0)(5:17)
TALK: 123456:勇者:Tk:(P|[zz warp 0 20001 13 40]),(0,1530,0,0)(5:19)
TALK: 123456:勇者:Tk:(P|[zz warp 0 20001 20 40]),(0,20001,0,1)(5:20)
TALK: 123456:勇者:Tk:(P|[zz warp 0 4100 20 40]),(0,1530,0,0)(5:21)
TALK: 123456:勇者:Tk:(P|[zz warp 0 4130 20 40]),(0,4100,0,1)(5:21)
TALK: 123456:勇者:Tk:(P|[zz warp 0 4130 20 60]),(0,4130,0,1)(5:21)
TALK: 123456:勇者:Tk:(P|[zz warp 0 4130 20 60]),(0,4130,0,1)(5:21)
TALK: 123456:勇者:Tk:(P|[zz warp 0 4130 20 20]),(0,4130,0,1)(5:21)
TALK: 123456:勇者:Tk:(P|y),(0,1000,8,2)(5:25)
TALK: 123456:勇者:Tk:(P|[zz warp 0 4130 20 20]),(0,2000,1,1)(5:26)
TALK: 123456:勇者:Tk:(P|[zz additem 18589]),(0,20155,0,0)(5:36)
TALK: 123456:勇者:Tk:(P|[zz additem 18590]),(0,20155,0,0)(5:36)
TALK: 123456:勇者:Tk:(P|[zz warp 0 20110 20 20]),(0,20105,0,0)(5:37)
TALK: 123456:勇者:Tk:(P|[zz warp 0 20110 30 20]),(0,20110,0,0)(5:37)
TALK: 123456:勇者:Tk:(P|[zz warp 0 20110 30 10]),(0,20110,1,0)(5:38)
TALK: 123456:勇者:Tk:(P|[zz warp 0 20110 30 60]),(0,20110,0,0)(5:38)
TALK: 123456:勇者:Tk:(P|[zz warp 0 20110 30 40]),(0,20110,1,1)(5:38)
TALK: 123456:勇者:Tk:(P|[zz warp 0 20111 67 37]),(0,20110,2,1)(5:39)
TALK: 123456:勇者:Tk:(P|[zz warp 0 20112 67 37]),(0,20111,2,1)(5:39)
TALK: 123456:勇者:Tk:(P|[zz warp 0 20109 67 37]),(0,20112,1,1)(5:39)
TALK: 123456:勇者:Tk:(P|[zz warp 0 20109 80 37]),(0,20109,2,1)(5:40)
TALK: 123456:勇者:Tk:(P|[zz warp 0 20109 40 37]),(0,20109,2,1)(5:40)
TALK: 123456:勇者:Tk:(P|[zz warp 0 20109 45 37]),(0,20109,1,1)(5:40)
TALK: 123456:勇者:Tk:(P|[zz warp 0 20109 45 37]),(0,20168,0,0)(5:41)
TALK: 123456:勇者:Tk:(P|[zz setjob 33]),(0,1000,2,2)(15:2)
TALK: 123456:勇者:Tk:(P|[zz setjob 43]),(0,1000,2,2)(15:3)
TALK: 123456:勇者:Tk:(P|[zz setjob 44]),(0,1000,2,2)(15:3)
TALK: 123456:勇者:Tk:(P|[zz gold 100000]),(0,1000,7,2)(15:3)
TALK: 123456:勇者:Tk:(P|[zz gold 1000000]),(0,1000,7,2)(15:3)
TALK: 123456:勇者:Tk:(P|[zz battlein]),(0,100,15,6)(15:6)
TALK: 123456:勇者:Tk:(P|[zz battlein]),(0,100,15,6)(15:7)
TALK: 123456:勇者:Tk:(P|[zz skillinfo]),(0,59162,1,0)(15:32)
TALK: 123456:勇者:Tk:(P|[zz skillinfo]),(0,59162,1,0)(15:34)
TALK: 123456:勇者:Tk:(P|[zz setskilllv 0 10]),(0,59162,1,0)(15:34)
TALK: 123456:勇者:Tk:(P|[zz setskilllv 1 10]),(0,59162,1,0)(15:34)
TALK: 123456:勇者:Tk:(P|[zz setskilllv 2 10]),(0,59162,1,0)(15:35)
TALK: 123456:勇者:Tk:(P|[zz setskilllv 3 10]),(0,59162,1,0)(15:35)
TALK: 123456:勇者:Tk:(P|[zz setskilllv 4 10]),(0,59162,1,0)(15:35)
TALK: 123456:勇者:Tk:(P|[zz setskilllv 5 10]),(0,59162,1,0)(15:35)
TALK: 123456:勇者:Tk:(P|[zz setskilllv 6 10]),(0,59162,1,0)(15:35)
TALK: 123456:勇者:Tk:(P|[zz setskilllv 7 10]),(0,59162,1,0)(15:35)
TALK: 123456:勇者:Tk:(P|[zz setskilllv 8 10]),(0,59162,1,0)(15:35)
TALK: 123456:勇者:Tk:(P|[zz setskilllv 9 10]),(0,59162,1,0)(15:35)
TALK: 123456:勇者:Tk:(P|[zz setskilllv 10 10]),(0,59162,1,0)(15:35)
TALK: 123456:勇者:Tk:(P|[zz setskilllv 11 10]),(0,59162,1,0)(15:35)
TALK: 123456:勇者:Tk:(P|[zz setskilllv 12 10]),(0,59162,1,0)(15:35)
TALK: 123456:勇者:Tk:(P|[zz setskilllv 13 10]),(0,59162,1,0)(15:35)
TALK: 123456:勇者:Tk:(P|[zz setskilllv 14 10]),(0,59162,1,0)(15:35)
TALK: 123456:勇者:Tk:(P|[zz gold 10000][zz gold 10000]),(0,881,0,0)(15:41)
TALK: 123456:勇者:Tk:(P|[zz gold 100000]),(0,881,0,0)(15:41)
TALK: 123456:勇者:Tk:(P|[zz heal]),(0,881,0,0)(15:41)
TALK: 123456:勇者:Tk:(P|l),(0,1000,8,2)(15:48)
TALK: 123456:勇者:Tk:(P|[zz noencount]),(0,59510,4,3)(15:51)
TALK: 123456:勇者:Tk:(P|[zz heal]),(0,59510,4,3)(15:52)
TALK: test:大强:Tk:(P|.noenemy),(0,59740,3,3)(4:41)
TALK: test:大强:Tk:(P|zz noencount),(0,59740,2,4)(4:46)
TALK: test:大强:Tk:(P|[zz noencount]),(0,59740,2,4)(4:47)
TALK: test:大强:Tk:(P|[zz noencount]),(0,1000,2,4)(4:50)
TALK: test:大强:Tk:(P|[zz noencount]),(0,59740,3,0)(18:59)
TALK: test:大强:Tk:(P|1),(0,59740,3,1)(18:59)
TALK: test:大强:Tk:(P|[zz heal]),(0,59740,2,2)(19:2)
TALK: test:大强:Tk:(P|[zz noencount]),(0,1521,1,1)(19:9)
TALK: test:大强:Tk:(P|[zz battlein]),(0,100,16,6)(19:22)
TALK: test:大强:Tk:(P|[zz battlein]),(0,100,16,6)(19:22)
TALK: test:大强:Tk:(P|[zz battlein]),(0,100,16,6)(19:23)
TALK: test:大强:Tk:(P|[zz battlein]),(0,100,16,6)(19:23)
TALK: test:大强:Tk:(P|[zz battlein]),(0,100,16,6)(19:24)
TALK: test:大强:Tk:(P|[zz battlein]),(0,100,16,6)(19:24)
TALK: test:大强:Tk:(P|[zz battlein]),(0,100,16,6)(19:24)
TALK: test:大强:Tk:(P|[zz battlein]),(0,100,16,6)(19:25)
TALK: test:大强:Tk:(P|[zz battlein]),(0,100,16,6)(19:26)
TALK: test:大强:Tk:(P|a ),(0,1092,0,0)(19:31)
TALK: test:大强:Tk:(P|s),(0,1092,0,0)(19:31)
TALK: test:大强:Tk:(P|[zz noencount]),(0,11008,0,1)(19:42)
TALK: test:大强:Tk:(P|[zz noencount]),(0,11011,0,0)(19:44)
TALK: test:大强:Tk:(P|[zz battlein]),(0,11011,0,0)(19:44)
